2026-07-23 16:01:01,306 - INFO - GET    /                              200    7 ms
2026-07-23 16:01:01,325 - INFO - GET    /api/v1/health                 200   12 ms
2026-07-23 16:01:01,339 - INFO - GET    /api/v1/companies/             200    8 ms
2026-07-23 16:01:01,364 - INFO - GET    /api/v1/companies/TCS          200    8 ms
2026-07-23 16:01:01,371 - INFO - GET    /api/v1/screener/              200    2 ms
2026-07-23 16:01:01,383 - INFO - GET    /api/v1/sectors/               200    6 ms
2026-07-23 16:01:01,390 - INFO - GET    /api/v1/peers/RELIANCE         200    2 ms
2026-07-23 16:01:01,404 - INFO - GET    /api/v1/valuation/HDFCBANK     200    9 ms
2026-07-23 16:01:01,412 - INFO - GET    /api/v1/portfolio/clusters     200    2 ms
2026-07-23 16:01:01,418 - INFO - GET    /api/v1/portfolio/stats        200    2 ms
2026-07-23 16:01:01,424 - INFO - GET    /api/v1/documents/tearsheet/SUNPHARMA 200    2 ms
2026-07-23 16:01:01,440 - INFO - GET    /docs                          200    0 ms
2026-07-23 16:01:15,260 - INFO - GET    /api/v1/health                 200    7 ms
2026-07-23 16:01:15,285 - INFO - GET    /api/v1/health                 200    4 ms
2026-07-23 16:01:15,312 - INFO - GET    /                              200   13 ms
2026-07-23 16:01:15,316 - INFO - GET    /docs                          200    0 ms
2026-07-23 16:01:15,342 - INFO - OPTIONS /api/v1/health                 405    1 ms
2026-07-23 16:01:15,469 - INFO - GET    /api/v1/companies/             200   19 ms
2026-07-23 16:01:15,475 - INFO - GET    /api/v1/screener/              200    1 ms
2026-07-23 16:01:15,482 - INFO - GET    /api/v1/sectors/               200    5 ms
2026-07-23 16:01:15,482 - INFO - GET    /api/v1/peers/TCS              200    0 ms
2026-07-23 16:01:15,490 - INFO - GET    /api/v1/valuation/RELIANCE     200    3 ms
2026-07-23 16:01:15,494 - INFO - GET    /api/v1/portfolio/clusters     200    2 ms
2026-07-23 16:01:15,498 - INFO - GET    /api/v1/documents/tearsheet/INFY 200    4 ms
2026-07-23 16:01:24,987 - INFO - GET    /api/v1/health                 200   10 ms
2026-07-23 16:01:25,011 - INFO - GET    /api/v1/health                 200   10 ms
2026-07-23 16:01:25,030 - INFO - GET    /                              200   10 ms
2026-07-23 16:01:25,039 - INFO - GET    /docs                          200    0 ms
2026-07-23 16:01:25,052 - INFO - OPTIONS /api/v1/health                 200    0 ms
2026-07-23 16:01:25,135 - INFO - GET    /api/v1/companies/             200    3 ms
2026-07-23 16:01:25,156 - INFO - GET    /api/v1/screener/              200    2 ms
2026-07-23 16:01:25,163 - INFO - GET    /api/v1/sectors/               200    3 ms
2026-07-23 16:01:25,169 - INFO - GET    /api/v1/peers/TCS              200    2 ms
2026-07-23 16:01:25,173 - INFO - GET    /api/v1/valuation/RELIANCE     200    0 ms
2026-07-23 16:01:25,180 - INFO - GET    /api/v1/portfolio/clusters     200    2 ms
2026-07-23 16:01:25,183 - INFO - GET    /api/v1/documents/tearsheet/INFY 200    0 ms
2026-07-23 16:01:35,711 - INFO - GET    /api/v1/health                 200    6 ms
2026-07-23 16:01:35,731 - INFO - GET    /api/v1/health                 200   14 ms
2026-07-23 16:01:35,749 - INFO - GET    /                              200   11 ms
2026-07-23 16:01:35,756 - INFO - GET    /docs                          200    1 ms
2026-07-23 16:01:35,763 - INFO - OPTIONS /api/v1/health                 200    1 ms
2026-07-23 16:01:35,792 - INFO - GET    /api/v1/companies/             200    5 ms
2026-07-23 16:01:35,798 - INFO - GET    /api/v1/screener/              200    2 ms
2026-07-23 16:01:35,805 - INFO - GET    /api/v1/sectors/               200    4 ms
2026-07-23 16:01:35,811 - INFO - GET    /api/v1/peers/TCS              200    2 ms
2026-07-23 16:01:35,817 - INFO - GET    /api/v1/valuation/RELIANCE     200    4 ms
2026-07-23 16:01:35,821 - INFO - GET    /api/v1/portfolio/clusters     200    2 ms
2026-07-23 16:01:35,821 - INFO - GET    /api/v1/documents/tearsheet/INFY 200    0 ms
2026-07-23 16:02:46,919 - INFO - GET    /api/v1/health                 200    8 ms
2026-07-23 16:02:46,945 - INFO - GET    /api/v1/health                 200   17 ms
2026-07-23 16:02:46,977 - INFO - GET    /                              200   23 ms
2026-07-23 16:02:46,984 - INFO - GET    /docs                          200    0 ms
2026-07-23 16:02:46,989 - INFO - OPTIONS /api/v1/health                 200    0 ms
2026-07-23 16:02:47,002 - INFO - GET    /api/v1/companies/             200    5 ms
2026-07-23 16:02:47,021 - INFO - GET    /api/v1/screener/              200    7 ms
2026-07-23 16:02:47,023 - INFO - GET    /api/v1/sectors/               200    0 ms
2026-07-23 16:02:47,033 - INFO - GET    /api/v1/peers/TCS              200    3 ms
2026-07-23 16:02:47,037 - INFO - GET    /api/v1/valuation/RELIANCE     200    5 ms
2026-07-23 16:02:47,040 - INFO - GET    /api/v1/portfolio/clusters     200    0 ms
2026-07-23 16:02:47,040 - INFO - GET    /api/v1/documents/tearsheet/INFY 200    0 ms
2026-07-23 16:06:38,606 - INFO - GET    /docs                          200    2 ms
2026-07-23 16:06:38,847 - INFO - GET    /openapi.json                  200   19 ms
2026-07-23 16:14:50,339 - INFO - GET    /api/v1/screener               200   80 ms
2026-07-23 16:14:50,349 - INFO - GET    /api/v1/screener               400    1 ms
2026-07-23 16:14:50,356 - INFO - GET    /api/v1/screener               400    3 ms
2026-07-23 16:14:50,370 - INFO - GET    /api/v1/screener               400    7 ms
2026-07-23 16:14:50,434 - INFO - GET    /api/v1/sectors                200   33 ms
2026-07-23 16:14:50,499 - INFO - GET    /api/v1/sectors/Financials/companies 200   57 ms
2026-07-23 16:14:50,511 - INFO - GET    /api/v1/sectors/NonExistentSector/companies 404    4 ms
2026-07-23 16:14:50,568 - INFO - GET    /api/v1/peers/IT Services      200   48 ms
2026-07-23 16:14:50,604 - INFO - GET    /api/v1/peers/UnknownPeerGroup 404   12 ms
2026-07-23 16:14:50,650 - INFO - GET    /api/v1/companies/INFY/peers/compare 200   40 ms
2026-07-23 16:14:50,663 - INFO - GET    /api/v1/companies/INVALIDTICKER/peers/compare 404    4 ms
2026-07-23 16:14:50,688 - INFO - GET    /api/v1/market-cap/RELIANCE    200    7 ms
2026-07-23 16:14:50,699 - INFO - GET    /api/v1/market-cap/INVALIDTICKER 404    3 ms
2026-07-23 16:14:50,722 - INFO - GET    /api/v1/portfolio/stats        200   11 ms
2026-07-23 16:14:52,052 - INFO - GET    /api/v1/companies/INFY/documents 200 1318 ms
2026-07-23 16:14:52,075 - INFO - GET    /api/v1/companies/INVALIDTICKER/documents 404   11 ms
2026-07-23 16:14:52,129 - INFO - GET    /api/v1/health                 200    6 ms
2026-07-23 16:14:52,140 - INFO - GET    /api/v1/health                 200    4 ms
2026-07-23 16:14:52,151 - INFO - GET    /                              200    2 ms
2026-07-23 16:14:52,159 - INFO - GET    /docs                          200    0 ms
2026-07-23 16:14:52,169 - INFO - OPTIONS /api/v1/health                 200    0 ms
2026-07-23 16:14:52,180 - INFO - GET    /api/v1/companies/             200    4 ms
2026-07-23 16:14:52,244 - INFO - GET    /api/v1/screener/              200   59 ms
2026-07-23 16:14:52,297 - INFO - GET    /api/v1/sectors/               200   47 ms
2026-07-23 16:14:52,304 - INFO - GET    /api/v1/peers/TCS              404    3 ms
2026-07-23 16:15:16,441 - INFO - GET    /api/v1/screener               200   59 ms
2026-07-23 16:15:16,454 - INFO - GET    /api/v1/screener               400    2 ms
2026-07-23 16:15:16,467 - INFO - GET    /api/v1/screener               400    6 ms
2026-07-23 16:15:16,493 - INFO - GET    /api/v1/screener               400    5 ms
2026-07-23 16:15:16,535 - INFO - GET    /api/v1/sectors                200   34 ms
2026-07-23 16:15:16,612 - INFO - GET    /api/v1/sectors/Financials/companies 200   68 ms
2026-07-23 16:15:16,622 - INFO - GET    /api/v1/sectors/NonExistentSector/companies 404    3 ms
2026-07-23 16:15:16,673 - INFO - GET    /api/v1/peers/IT Services      200   41 ms
2026-07-23 16:15:16,681 - INFO - GET    /api/v1/peers/UnknownPeerGroup 404    3 ms
2026-07-23 16:15:16,728 - INFO - GET    /api/v1/companies/INFY/peers/compare 200   33 ms
2026-07-23 16:15:16,738 - INFO - GET    /api/v1/companies/INVALIDTICKER/peers/compare 404    3 ms
2026-07-23 16:15:16,755 - INFO - GET    /api/v1/market-cap/RELIANCE    200    2 ms
2026-07-23 16:15:16,768 - INFO - GET    /api/v1/market-cap/INVALIDTICKER 404    5 ms
2026-07-23 16:15:16,788 - INFO - GET    /api/v1/portfolio/stats        200    7 ms
2026-07-23 16:15:18,292 - INFO - GET    /api/v1/companies/INFY/documents 200 1498 ms
2026-07-23 16:15:18,356 - INFO - GET    /api/v1/companies/INVALIDTICKER/documents 404   42 ms
2026-07-23 16:15:18,397 - INFO - GET    /api/v1/health                 200   22 ms
2026-07-23 16:15:18,413 - INFO - GET    /api/v1/health                 200    3 ms
2026-07-23 16:15:18,422 - INFO - GET    /                              200    1 ms
2026-07-23 16:15:18,433 - INFO - GET    /docs                          200    6 ms
2026-07-23 16:15:18,477 - INFO - OPTIONS /api/v1/health                 200   37 ms
2026-07-23 16:15:18,498 - INFO - GET    /api/v1/companies/             200    5 ms
2026-07-23 16:15:18,552 - INFO - GET    /api/v1/screener/              200   41 ms
2026-07-23 16:15:18,583 - INFO - GET    /api/v1/sectors/               200   25 ms
2026-07-23 16:15:18,615 - INFO - GET    /api/v1/peers/TCS              200   27 ms
2026-07-23 16:15:18,620 - INFO - GET    /api/v1/valuation/RELIANCE     200    5 ms
2026-07-23 16:15:18,626 - INFO - GET    /api/v1/portfolio/clusters     200    0 ms
2026-07-23 16:15:18,626 - INFO - GET    /api/v1/documents/tearsheet/INFY 200    0 ms
2026-07-23 16:15:55,267 - INFO - GET    /api/v1/screener               200  102 ms
2026-07-23 16:15:55,276 - INFO - GET    /api/v1/screener               400    2 ms
2026-07-23 16:15:55,286 - INFO - GET    /api/v1/screener               400    5 ms
2026-07-23 16:15:55,306 - INFO - GET    /api/v1/screener               400   14 ms
2026-07-23 16:15:55,376 - INFO - GET    /api/v1/sectors                200   66 ms
2026-07-23 16:15:55,538 - INFO - GET    /api/v1/sectors/Financials/companies 200  153 ms
2026-07-23 16:15:55,546 - INFO - GET    /api/v1/sectors/NonExistentSector/companies 404    3 ms
2026-07-23 16:15:55,621 - INFO - GET    /api/v1/peers/IT Services      200   68 ms
2026-07-23 16:15:55,632 - INFO - GET    /api/v1/peers/UnknownPeerGroup 404    5 ms
2026-07-23 16:15:55,693 - INFO - GET    /api/v1/companies/INFY/peers/compare 200   44 ms
2026-07-23 16:15:55,702 - INFO - GET    /api/v1/companies/INVALIDTICKER/peers/compare 404    2 ms
2026-07-23 16:15:55,723 - INFO - GET    /api/v1/market-cap/RELIANCE    200    8 ms
2026-07-23 16:15:55,735 - INFO - GET    /api/v1/market-cap/INVALIDTICKER 404    4 ms
2026-07-23 16:15:55,765 - INFO - GET    /api/v1/portfolio/stats        200   21 ms
2026-07-23 16:16:00,383 - INFO - GET    /api/v1/companies/INFY/documents 200 4610 ms
2026-07-23 16:16:00,417 - INFO - GET    /api/v1/companies/INVALIDTICKER/documents 404   17 ms
2026-07-23 16:16:00,509 - INFO - GET    /api/v1/health                 200   19 ms
2026-07-23 16:16:00,529 - INFO - GET    /api/v1/health                 200    7 ms
2026-07-23 16:16:00,549 - INFO - GET    /                              200    8 ms
2026-07-23 16:16:00,560 - INFO - GET    /docs                          200    1 ms
2026-07-23 16:16:00,570 - INFO - OPTIONS /api/v1/health                 200    1 ms
2026-07-23 16:16:00,586 - INFO - GET    /api/v1/companies/             200    7 ms
2026-07-23 16:16:00,756 - INFO - GET    /api/v1/screener/              200  155 ms
2026-07-23 16:16:00,792 - INFO - GET    /api/v1/sectors/               200   33 ms
2026-07-23 16:16:00,959 - INFO - GET    /api/v1/peers/TCS              200  157 ms
2026-07-23 16:16:00,968 - INFO - GET    /api/v1/valuation/RELIANCE     200    9 ms
2026-07-23 16:16:00,969 - INFO - GET    /api/v1/portfolio/clusters     200    0 ms
2026-07-23 16:16:00,979 - INFO - GET    /api/v1/documents/tearsheet/INFY 200    4 ms
2026-07-23 16:17:34,035 - INFO - GET    /                              200    0 ms
2026-07-23 16:17:34,159 - INFO - GET    /favicon.ico                   404    1 ms
2026-07-23 16:17:44,526 - INFO - GET    /                              200    2 ms
2026-07-23 16:17:44,598 - INFO - GET    /favicon.ico                   404    2 ms
2026-07-23 16:22:16,934 - INFO - GET    /api/v1/screener               200   91 ms
2026-07-23 16:22:16,960 - INFO - GET    /api/v1/screener               400    5 ms
2026-07-23 16:22:16,967 - INFO - GET    /api/v1/screener               400    2 ms
2026-07-23 16:22:16,976 - INFO - GET    /api/v1/screener               400    2 ms
2026-07-23 16:22:17,043 - INFO - GET    /api/v1/sectors                200   58 ms
2026-07-23 16:22:17,151 - INFO - GET    /api/v1/sectors/Financials/companies 200   98 ms
2026-07-23 16:22:17,203 - INFO - GET    /api/v1/sectors/NonExistentSector/companies 404   26 ms
2026-07-23 16:22:17,286 - INFO - GET    /api/v1/peers/IT Services      200   74 ms
2026-07-23 16:22:17,304 - INFO - GET    /api/v1/peers/UnknownPeerGroup 404    6 ms
2026-07-23 16:22:17,377 - INFO - GET    /api/v1/companies/INFY/peers/compare 200   64 ms
2026-07-23 16:22:17,398 - INFO - GET    /api/v1/companies/INVALIDTICKER/peers/compare 404    8 ms
2026-07-23 16:22:17,422 - INFO - GET    /api/v1/market-cap/RELIANCE    200   15 ms
2026-07-23 16:22:17,445 - INFO - GET    /api/v1/market-cap/INVALIDTICKER 404    6 ms
2026-07-23 16:22:17,470 - INFO - GET    /api/v1/portfolio/stats        200   17 ms
2026-07-23 16:22:22,069 - INFO - GET    /api/v1/companies/INFY/documents 200 4578 ms
2026-07-23 16:22:22,117 - INFO - GET    /api/v1/companies/INVALIDTICKER/documents 404   30 ms
2026-07-23 16:22:22,135 - INFO - GET    /api/v1/health                 200    6 ms
2026-07-23 16:22:22,147 - INFO - GET    /api/v1/health                 200    5 ms
2026-07-23 16:22:22,171 - INFO - GET    /                              200    5 ms
2026-07-23 16:22:22,178 - INFO - GET    /docs                          200    1 ms
2026-07-23 16:22:22,184 - INFO - OPTIONS /api/v1/health                 200    1 ms
2026-07-23 16:22:22,200 - INFO - GET    /api/v1/companies/             200    3 ms
2026-07-23 16:22:22,252 - INFO - GET    /api/v1/screener/              200   46 ms
2026-07-23 16:22:22,293 - INFO - GET    /api/v1/sectors/               200   36 ms
2026-07-23 16:22:22,347 - INFO - GET    /api/v1/peers/TCS              200   50 ms
2026-07-23 16:22:22,353 - INFO - GET    /api/v1/valuation/RELIANCE     200    1 ms
2026-07-23 16:22:22,353 - INFO - GET    /api/v1/portfolio/clusters     200    0 ms
2026-07-23 16:22:22,364 - INFO - GET    /api/v1/documents/tearsheet/INFY 200    1 ms
2026-07-23 16:26:07,992 - INFO - GET    /api/v1/health                 200    6 ms
2026-07-23 16:26:37,027 - INFO - GET    /api/v1/screener               200   85 ms
2026-07-23 16:26:37,040 - INFO - GET    /api/v1/screener               400    3 ms
2026-07-23 16:26:37,048 - INFO - GET    /api/v1/screener               400    3 ms
2026-07-23 16:26:37,052 - INFO - GET    /api/v1/screener               400    0 ms
2026-07-23 16:26:37,113 - INFO - GET    /api/v1/sectors                200   53 ms
2026-07-23 16:26:37,204 - INFO - GET    /api/v1/sectors/Financials/companies 200   83 ms
2026-07-23 16:26:37,218 - INFO - GET    /api/v1/sectors/NonExistentSector/companies 404    4 ms
2026-07-23 16:26:37,291 - INFO - GET    /api/v1/peers/IT Services      200   66 ms
2026-07-23 16:26:37,301 - INFO - GET    /api/v1/peers/UnknownPeerGroup 404    3 ms
2026-07-23 16:26:37,359 - INFO - GET    /api/v1/companies/INFY/peers/compare 200   52 ms
2026-07-23 16:26:37,369 - INFO - GET    /api/v1/companies/INVALIDTICKER/peers/compare 404    4 ms
2026-07-23 16:26:37,396 - INFO - GET    /api/v1/market-cap/RELIANCE    200    8 ms
2026-07-23 16:26:37,410 - INFO - GET    /api/v1/market-cap/INVALIDTICKER 404    5 ms
2026-07-23 16:26:37,435 - INFO - GET    /api/v1/portfolio/stats        200   10 ms
2026-07-23 16:26:42,049 - INFO - GET    /api/v1/companies/INFY/documents 200 4608 ms
2026-07-23 16:26:42,085 - INFO - GET    /api/v1/companies/INVALIDTICKER/documents 404   19 ms
2026-07-23 16:26:42,126 - INFO - GET    /api/v1/health                 200   13 ms
2026-07-23 16:26:42,150 - INFO - GET    /api/v1/health                 200    7 ms
2026-07-23 16:26:42,178 - INFO - GET    /                              200    6 ms
2026-07-23 16:26:42,191 - INFO - GET    /docs                          200    1 ms
2026-07-23 16:26:42,208 - INFO - OPTIONS /api/v1/health                 200    1 ms
2026-07-23 16:26:42,235 - INFO - GET    /api/v1/companies/             200    6 ms
2026-07-23 16:26:42,327 - INFO - GET    /api/v1/screener/              200   82 ms
2026-07-23 16:26:42,388 - INFO - GET    /api/v1/sectors/               200   57 ms
2026-07-23 16:26:42,546 - INFO - GET    /api/v1/peers/TCS              200  152 ms
2026-07-23 16:26:42,557 - INFO - GET    /api/v1/valuation/RELIANCE     200    6 ms
2026-07-23 16:26:42,563 - INFO - GET    /api/v1/portfolio/clusters     200    2 ms
2026-07-23 16:26:42,575 - INFO - GET    /api/v1/documents/tearsheet/INFY 200    4 ms
2026-07-23 16:28:20,178 - INFO - GET    /                              200    4 ms
2026-07-23 18:36:56,985 - INFO - GET    /docs                          200    0 ms
2026-07-23 18:36:57,344 - INFO - GET    /openapi.json                  200  165 ms
2026-07-23 18:39:02,662 - INFO - GET    /docs                          200    0 ms
2026-07-23 18:39:02,808 - INFO - GET    /openapi.json                  200   50 ms
2026-07-23 18:39:34,801 - INFO - GET    /api/v1/companies/TCS/peers/compare 200   58 ms
2026-07-23 23:43:02,955 - INFO - GET    /api/v1/companies              200    7 ms
2026-07-23 23:43:19,916 - INFO - GET    /companies                     404    0 ms
2026-07-23 23:43:19,926 - INFO - GET    /api/v1/companies              200    5 ms
2026-07-23 23:43:59,945 - INFO - GET    /api/v1/sectors/IT/companies   404    5 ms
2026-07-23 23:44:00,011 - INFO - GET    /api/v1/sectors/Information Technology/companies 200   57 ms
2026-07-23 23:44:36,636 - INFO - GET    /api/v1/screener               200   65 ms
2026-07-23 23:44:43,941 - INFO - GET    /api/v1/screener               200   72 ms
2026-07-23 23:45:15,881 - INFO - GET    /companies                     200    2 ms
2026-07-23 23:45:15,907 - INFO - GET    /companies/TCS                 200   20 ms
2026-07-23 23:45:15,954 - INFO - GET    /sectors/IT/companies          200   41 ms
2026-07-23 23:45:16,001 - INFO - GET    /api/v1/health                 200   34 ms
2026-07-23 23:48:48,014 - INFO - GET    /companies                     200   32 ms
2026-07-23 23:48:48,017 - INFO - GET    /api/v1/companies              200    0 ms
2026-07-23 23:48:48,034 - INFO - GET    /companies/TCS                 200    4 ms
2026-07-23 23:48:48,049 - INFO - GET    /api/v1/companies/TCS          200    9 ms
2026-07-23 23:48:48,062 - INFO - GET    /companies/INVALID             404    6 ms
2026-07-23 23:48:48,072 - INFO - GET    /api/v1/companies/INVALID      404    5 ms
2026-07-23 23:48:48,157 - INFO - GET    /api/v1/screener               200   73 ms
2026-07-23 23:48:48,223 - INFO - GET    /api/v1/health                 200    7 ms
2026-07-23 23:48:48,299 - INFO - GET    /api/v1/screener               200   68 ms
2026-07-23 23:48:48,312 - INFO - GET    /api/v1/screener               400    3 ms
2026-07-23 23:48:48,319 - INFO - GET    /api/v1/screener               400    3 ms
2026-07-23 23:48:48,328 - INFO - GET    /api/v1/screener               400    4 ms
2026-07-23 23:48:48,382 - INFO - GET    /api/v1/sectors                200   44 ms
2026-07-23 23:48:48,479 - INFO - GET    /api/v1/sectors/Financials/companies 200   88 ms
2026-07-23 23:48:48,490 - INFO - GET    /api/v1/sectors/NonExistentSector/companies 404    6 ms
2026-07-23 23:48:48,568 - INFO - GET    /api/v1/peers/IT Services      200   68 ms
2026-07-23 23:48:48,585 - INFO - GET    /api/v1/peers/UnknownPeerGroup 404    8 ms
2026-07-23 23:48:48,654 - INFO - GET    /api/v1/companies/INFY/peers/compare 200   61 ms
2026-07-23 23:48:48,707 - INFO - GET    /api/v1/companies/INVALIDTICKER/peers/compare 404   35 ms
2026-07-23 23:48:48,742 - INFO - GET    /api/v1/market-cap/RELIANCE    200    9 ms
2026-07-23 23:48:48,753 - INFO - GET    /api/v1/market-cap/INVALIDTICKER 404    4 ms
2026-07-23 23:48:48,792 - INFO - GET    /api/v1/portfolio/stats        200   27 ms
2026-07-23 23:48:54,225 - INFO - GET    /api/v1/companies/INFY/documents 200 5426 ms
2026-07-23 23:48:54,249 - INFO - GET    /api/v1/companies/INVALIDTICKER/documents 404   15 ms
2026-07-23 23:48:54,308 - INFO - GET    /api/v1/health                 200   15 ms
2026-07-23 23:48:54,325 - INFO - GET    /health                        200    7 ms
2026-07-23 23:48:54,355 - INFO - GET    /                              200   22 ms
2026-07-23 23:48:54,364 - INFO - GET    /docs                          200    1 ms
2026-07-23 23:48:54,372 - INFO - OPTIONS /api/v1/health                 200    0 ms
2026-07-23 23:48:54,392 - INFO - GET    /api/v1/companies/             200   10 ms
2026-07-23 23:48:54,473 - INFO - GET    /api/v1/screener/              200   74 ms
2026-07-23 23:48:54,526 - INFO - GET    /api/v1/sectors/               200   45 ms
2026-07-23 23:48:54,606 - INFO - GET    /api/v1/peers/TCS              200   75 ms
2026-07-23 23:48:54,618 - INFO - GET    /api/v1/valuation/RELIANCE     200    5 ms
2026-07-23 23:48:54,639 - INFO - GET    /api/v1/portfolio/clusters     200    3 ms
2026-07-23 23:48:54,648 - INFO - GET    /api/v1/documents/tearsheet/INFY 200    3 ms
2026-07-23 23:48:54,760 - INFO - GET    /screener                      200  103 ms
2026-07-23 23:48:54,842 - INFO - GET    /api/v1/screener               200   77 ms
2026-07-23 23:48:54,854 - INFO - GET    /screener                      400    3 ms
2026-07-23 23:48:54,866 - INFO - GET    /api/v1/screener               400    4 ms
2026-07-23 23:48:54,875 - INFO - GET    /api/v1/screener               400    2 ms
2026-07-23 23:48:54,885 - INFO - GET    /api/v1/screener               400    3 ms
2026-07-23 23:48:54,967 - INFO - GET    /sectors                       200   68 ms
2026-07-23 23:48:55,015 - INFO - GET    /api/v1/sectors                200   42 ms
2026-07-23 23:48:55,088 - INFO - GET    /sectors/IT/companies          200   63 ms
2026-07-23 23:48:55,141 - INFO - GET    /api/v1/sectors/IT/companies   200   49 ms
2026-07-23 23:49:05,711 - INFO - GET    /companies                     200   94 ms
2026-07-23 23:49:05,731 - INFO - GET    /api/v1/companies              200    7 ms
2026-07-23 23:49:05,752 - INFO - GET    /companies/TCS                 200    4 ms
2026-07-23 23:49:05,767 - INFO - GET    /api/v1/companies/TCS          200    6 ms
2026-07-23 23:49:05,784 - INFO - GET    /companies/INVALID             404    4 ms
2026-07-23 23:49:05,797 - INFO - GET    /api/v1/companies/INVALID      404    6 ms
2026-07-23 23:49:05,918 - INFO - GET    /api/v1/screener               200  107 ms
2026-07-23 23:49:06,061 - INFO - GET    /api/v1/health                 200    8 ms
2026-07-23 23:49:06,225 - INFO - GET    /api/v1/screener               200  151 ms
2026-07-23 23:49:06,234 - INFO - GET    /api/v1/screener               400    0 ms
2026-07-23 23:49:06,251 - INFO - GET    /api/v1/screener               400    4 ms
2026-07-23 23:49:06,261 - INFO - GET    /api/v1/screener               400    3 ms
2026-07-23 23:49:06,345 - INFO - GET    /api/v1/sectors                200   74 ms
2026-07-23 23:49:06,515 - INFO - GET    /api/v1/sectors/Financials/companies 200  158 ms
2026-07-23 23:49:06,535 - INFO - GET    /api/v1/sectors/NonExistentSector/companies 404    6 ms
2026-07-23 23:49:06,677 - INFO - GET    /api/v1/peers/IT Services      200  133 ms
2026-07-23 23:49:06,693 - INFO - GET    /api/v1/peers/UnknownPeerGroup 404    6 ms
2026-07-23 23:49:06,801 - INFO - GET    /api/v1/companies/INFY/peers/compare 200   91 ms
2026-07-23 23:49:06,822 - INFO - GET    /api/v1/companies/INVALIDTICKER/peers/compare 404    6 ms
2026-07-23 23:49:06,851 - INFO - GET    /api/v1/market-cap/RELIANCE    200   14 ms
2026-07-23 23:49:06,868 - INFO - GET    /api/v1/market-cap/INVALIDTICKER 404    6 ms
2026-07-23 23:49:06,887 - INFO - GET    /api/v1/portfolio/stats        200   10 ms
2026-07-23 23:49:14,055 - INFO - GET    /api/v1/companies/INFY/documents 200 7158 ms
2026-07-23 23:49:14,100 - INFO - GET    /api/v1/companies/INVALIDTICKER/documents 404   27 ms
2026-07-23 23:49:14,136 - INFO - GET    /api/v1/health                 200    9 ms
2026-07-23 23:49:14,159 - INFO - GET    /health                        200    9 ms
2026-07-23 23:49:14,203 - INFO - GET    /                              200   31 ms
2026-07-23 23:49:14,217 - INFO - GET    /docs                          200    1 ms
2026-07-23 23:49:14,230 - INFO - OPTIONS /api/v1/health                 200    0 ms
2026-07-23 23:49:14,259 - INFO - GET    /api/v1/companies/             200   11 ms
2026-07-23 23:49:14,379 - INFO - GET    /api/v1/screener/              200  109 ms
2026-07-23 23:49:14,445 - INFO - GET    /api/v1/sectors/               200   63 ms
2026-07-23 23:49:14,536 - INFO - GET    /api/v1/peers/TCS              200   83 ms
2026-07-23 23:49:14,553 - INFO - GET    /api/v1/valuation/RELIANCE     200    9 ms
2026-07-23 23:49:14,564 - INFO - GET    /api/v1/portfolio/clusters     200    3 ms
2026-07-23 23:49:14,572 - INFO - GET    /api/v1/documents/tearsheet/INFY 200    0 ms
2026-07-23 23:49:14,707 - INFO - GET    /screener                      200  121 ms
2026-07-23 23:49:14,809 - INFO - GET    /api/v1/screener               200   95 ms
2026-07-23 23:49:14,829 - INFO - GET    /screener                      400    4 ms
2026-07-23 23:49:14,844 - INFO - GET    /api/v1/screener               400    6 ms
2026-07-23 23:49:14,862 - INFO - GET    /api/v1/screener               400    9 ms
2026-07-23 23:49:14,878 - INFO - GET    /api/v1/screener               400    4 ms
2026-07-23 23:49:14,971 - INFO - GET    /sectors                       200   81 ms
2026-07-23 23:49:15,041 - INFO - GET    /api/v1/sectors                200   60 ms
2026-07-23 23:49:15,141 - INFO - GET    /sectors/IT/companies          200   83 ms
2026-07-23 23:49:15,202 - INFO - GET    /api/v1/sectors/IT/companies   200   51 ms
2026-07-23 23:50:46,786 - INFO - GET    /companies                     200    5 ms
2026-07-23 23:50:46,797 - INFO - GET    /api/v1/companies              200    1 ms
2026-07-23 23:50:46,835 - INFO - GET    /companies/TCS                 200   22 ms
2026-07-23 23:50:46,850 - INFO - GET    /api/v1/companies/TCS          200    6 ms
2026-07-23 23:50:46,874 - INFO - GET    /companies/INVALID             404    7 ms
2026-07-23 23:50:46,900 - INFO - GET    /api/v1/companies/INVALID      404   12 ms
2026-07-23 23:50:47,018 - INFO - GET    /api/v1/screener               200  101 ms
2026-07-23 23:50:47,117 - INFO - GET    /api/v1/health                 200    9 ms
2026-07-23 23:50:47,241 - INFO - GET    /api/v1/screener               200   96 ms
2026-07-23 23:50:47,279 - INFO - GET    /api/v1/screener               400    9 ms
2026-07-23 23:50:47,318 - INFO - GET    /api/v1/screener               400    8 ms
2026-07-23 23:50:47,333 - INFO - GET    /api/v1/screener               400    4 ms
2026-07-23 23:50:47,418 - INFO - GET    /api/v1/sectors                200   72 ms
2026-07-23 23:50:47,602 - INFO - GET    /api/v1/sectors/Financials/companies 200  171 ms
2026-07-23 23:50:47,626 - INFO - GET    /api/v1/sectors/NonExistentSector/companies 404    7 ms
2026-07-23 23:50:47,691 - INFO - GET    /api/v1/peers/IT Services      200   52 ms
2026-07-23 23:50:47,714 - INFO - GET    /api/v1/peers/UnknownPeerGroup 404    9 ms
2026-07-23 23:50:47,793 - INFO - GET    /api/v1/companies/INFY/peers/compare 200   53 ms
2026-07-23 23:50:47,808 - INFO - GET    /api/v1/companies/INVALIDTICKER/peers/compare 404    4 ms
2026-07-23 23:50:47,832 - INFO - GET    /api/v1/market-cap/RELIANCE    200    8 ms
2026-07-23 23:50:47,861 - INFO - GET    /api/v1/market-cap/INVALIDTICKER 404   10 ms
2026-07-23 23:50:47,907 - INFO - GET    /api/v1/portfolio/stats        200   31 ms
2026-07-23 23:50:48,645 - INFO - GET    /api/v1/companies/INFY/documents 200  723 ms
2026-07-23 23:50:48,681 - INFO - GET    /api/v1/companies/INVALIDTICKER/documents 404   21 ms
2026-07-23 23:50:48,731 - INFO - GET    /api/v1/health                 200   22 ms
2026-07-23 23:50:48,752 - INFO - GET    /health                        200    6 ms
2026-07-23 23:50:48,767 - INFO - GET    /                              200    3 ms
2026-07-23 23:50:48,789 - INFO - GET    /docs                          200    0 ms
2026-07-23 23:50:48,803 - INFO - OPTIONS /api/v1/health                 200    0 ms
2026-07-23 23:50:48,841 - INFO - GET    /api/v1/companies/             200   24 ms
2026-07-23 23:50:48,924 - INFO - GET    /api/v1/screener/              200   74 ms
2026-07-23 23:50:48,981 - INFO - GET    /api/v1/sectors/               200   46 ms
2026-07-23 23:50:49,037 - INFO - GET    /api/v1/peers/TCS              200   47 ms
2026-07-23 23:50:49,051 - INFO - GET    /api/v1/valuation/RELIANCE     200   10 ms
2026-07-23 23:50:49,061 - INFO - GET    /api/v1/portfolio/clusters     200    2 ms
2026-07-23 23:50:49,072 - INFO - GET    /api/v1/documents/tearsheet/INFY 200    3 ms
2026-07-23 23:50:49,181 - INFO - GET    /screener                      200   96 ms
2026-07-23 23:50:49,284 - INFO - GET    /api/v1/screener               200   91 ms
2026-07-23 23:50:49,302 - INFO - GET    /screener                      400    3 ms
2026-07-23 23:50:49,316 - INFO - GET    /api/v1/screener               400    4 ms
2026-07-23 23:50:49,332 - INFO - GET    /api/v1/screener               400    4 ms
2026-07-23 23:50:49,343 - INFO - GET    /api/v1/screener               400    4 ms
2026-07-23 23:50:49,404 - INFO - GET    /sectors                       200   46 ms
2026-07-23 23:50:49,461 - INFO - GET    /api/v1/sectors                200   46 ms
2026-07-23 23:50:49,530 - INFO - GET    /sectors/IT/companies          200   57 ms
2026-07-23 23:50:49,591 - INFO - GET    /api/v1/sectors/IT/companies   200   52 ms
2026-07-23 23:54:31,670 - INFO - GET    /api/v1/screener               200 1304 ms
2026-07-23 23:54:31,706 - INFO - GET    /api/v1/screener               200 1327 ms
2026-07-23 23:54:31,879 - INFO - GET    /api/v1/screener               200 1508 ms
2026-07-23 23:54:31,932 - INFO - GET    /api/v1/screener               200 1556 ms
2026-07-23 23:54:31,938 - INFO - GET    /api/v1/screener               200 1568 ms
2026-07-23 23:54:31,973 - INFO - GET    /api/v1/screener               200 1603 ms
2026-07-23 23:54:32,000 - INFO - GET    /api/v1/screener               200 1630 ms
2026-07-23 23:54:32,034 - INFO - GET    /api/v1/screener               200 1669 ms
2026-07-23 23:54:32,066 - INFO - GET    /api/v1/screener               200 1697 ms
2026-07-23 23:54:32,086 - INFO - GET    /api/v1/screener               200 1717 ms
2026-07-23 23:56:48,928 - INFO - GET    /companies                     200    8 ms
2026-07-23 23:56:48,951 - INFO - GET    /api/v1/companies              200    6 ms
2026-07-23 23:56:48,968 - INFO - GET    /companies/TCS                 200    6 ms
2026-07-23 23:56:48,997 - INFO - GET    /api/v1/companies/TCS          200   21 ms
2026-07-23 23:56:49,018 - INFO - GET    /companies/INVALID             404    7 ms
2026-07-23 23:56:49,035 - INFO - GET    /api/v1/companies/INVALID      404   10 ms
2026-07-23 23:56:49,116 - INFO - GET    /api/v1/screener               200   60 ms
2026-07-23 23:56:49,238 - INFO - GET    /api/v1/health                 200    8 ms
2026-07-23 23:56:49,335 - INFO - GET    /api/v1/screener               200   84 ms
2026-07-23 23:56:49,354 - INFO - GET    /api/v1/screener               400    6 ms
2026-07-23 23:56:49,402 - INFO - GET    /api/v1/screener               400    7 ms
2026-07-23 23:56:49,422 - INFO - GET    /api/v1/screener               400    4 ms
2026-07-23 23:56:49,481 - INFO - GET    /api/v1/sectors                200   45 ms
2026-07-23 23:56:49,606 - INFO - GET    /api/v1/sectors/Financials/companies 200  108 ms
2026-07-23 23:56:49,630 - INFO - GET    /api/v1/sectors/NonExistentSector/companies 404    6 ms
2026-07-23 23:56:49,771 - INFO - GET    /api/v1/peers/IT Services      200  128 ms
2026-07-23 23:56:49,805 - INFO - GET    /api/v1/peers/UnknownPeerGroup 404    6 ms
2026-07-23 23:56:49,864 - INFO - GET    /api/v1/companies/INFY/peers/compare 200   43 ms
2026-07-23 23:56:49,889 - INFO - GET    /api/v1/companies/INVALIDTICKER/peers/compare 404   10 ms
2026-07-23 23:56:49,906 - INFO - GET    /api/v1/market-cap/RELIANCE    200    6 ms
2026-07-23 23:56:49,929 - INFO - GET    /api/v1/market-cap/INVALIDTICKER 404   12 ms
2026-07-23 23:56:49,950 - INFO - GET    /api/v1/portfolio/stats        200   11 ms
2026-07-23 23:56:50,594 - INFO - GET    /api/v1/companies/INFY/documents 200  628 ms
2026-07-23 23:56:50,634 - INFO - GET    /api/v1/companies/INVALIDTICKER/documents 404   28 ms
2026-07-23 23:56:50,689 - INFO - GET    /api/v1/health                 200   24 ms
2026-07-23 23:56:50,717 - INFO - GET    /health                        200   11 ms
2026-07-23 23:56:50,750 - INFO - GET    /                              200   18 ms
2026-07-23 23:56:50,766 - INFO - GET    /docs                          200    0 ms
2026-07-23 23:56:50,781 - INFO - OPTIONS /api/v1/health                 200    1 ms
2026-07-23 23:56:50,811 - INFO - GET    /api/v1/companies/             200   14 ms
2026-07-23 23:56:50,873 - INFO - GET    /api/v1/screener/              200   53 ms
2026-07-23 23:56:50,915 - INFO - GET    /api/v1/sectors/               200   32 ms
2026-07-23 23:56:50,961 - INFO - GET    /api/v1/peers/TCS              200   42 ms
2026-07-23 23:56:50,974 - INFO - GET    /api/v1/valuation/RELIANCE     200    4 ms
2026-07-23 23:56:50,981 - INFO - GET    /api/v1/portfolio/clusters     200    2 ms
2026-07-23 23:56:50,986 - INFO - GET    /api/v1/documents/tearsheet/INFY 200    3 ms
2026-07-23 23:56:52,757 - INFO - GET    /api/v1/screener               200 1745 ms
2026-07-23 23:56:53,246 - INFO - GET    /api/v1/screener               200 2164 ms
2026-07-23 23:56:53,293 - INFO - GET    /api/v1/screener               200 2217 ms
2026-07-23 23:56:53,354 - INFO - GET    /api/v1/screener               200 2307 ms
2026-07-23 23:56:53,451 - INFO - GET    /api/v1/screener               200 2374 ms
2026-07-23 23:56:53,566 - INFO - GET    /api/v1/screener               200 2503 ms
2026-07-23 23:56:53,735 - INFO - GET    /api/v1/screener               200 2716 ms
2026-07-23 23:56:53,765 - INFO - GET    /api/v1/screener               200 2705 ms
2026-07-23 23:56:53,786 - INFO - GET    /api/v1/screener               200 2732 ms
2026-07-23 23:56:53,806 - INFO - GET    /api/v1/screener               200 2779 ms
2026-07-23 23:56:54,834 - INFO - GET    /api/v1/health                 200   10 ms
2026-07-23 23:56:55,498 - INFO - GET    /screener                      200  106 ms
2026-07-23 23:56:55,587 - INFO - GET    /api/v1/screener               200   87 ms
2026-07-23 23:56:55,607 - INFO - GET    /screener                      400    3 ms
2026-07-23 23:56:55,630 - INFO - GET    /api/v1/screener               400   14 ms
2026-07-23 23:56:55,644 - INFO - GET    /api/v1/screener               400    4 ms
2026-07-23 23:56:55,654 - INFO - GET    /api/v1/screener               400    2 ms
2026-07-23 23:56:55,715 - INFO - GET    /sectors                       200   51 ms
2026-07-23 23:56:55,755 - INFO - GET    /api/v1/sectors                200   39 ms
2026-07-23 23:56:55,838 - INFO - GET    /sectors/IT/companies          200   67 ms
2026-07-23 23:56:55,880 - INFO - GET    /api/v1/sectors/IT/companies   200   33 ms
2026-07-24 00:04:40,996 - INFO - GET    /companies                     200    6 ms
2026-07-24 00:04:41,001 - INFO - GET    /api/v1/companies              200    1 ms
2026-07-24 00:04:41,017 - INFO - GET    /companies/TCS                 200    5 ms
2026-07-24 00:04:41,037 - INFO - GET    /api/v1/companies/TCS          200    5 ms
2026-07-24 00:04:41,052 - INFO - GET    /companies/INVALID             404    5 ms
2026-07-24 00:04:41,063 - INFO - GET    /api/v1/companies/INVALID      404    5 ms
2026-07-24 00:04:41,121 - INFO - GET    /api/v1/screener               200   45 ms
2026-07-24 00:04:41,180 - INFO - GET    /api/v1/health                 200   14 ms
2026-07-24 00:04:41,242 - INFO - GET    /api/v1/screener               200   50 ms
2026-07-24 00:04:41,261 - INFO - GET    /api/v1/screener               400    3 ms
2026-07-24 00:04:41,270 - INFO - GET    /api/v1/screener               400    2 ms
2026-07-24 00:04:41,277 - INFO - GET    /api/v1/screener               400    1 ms
2026-07-24 00:04:41,319 - INFO - GET    /api/v1/sectors                200   33 ms
2026-07-24 00:04:41,380 - INFO - GET    /api/v1/sectors/Financials/companies 200   54 ms
2026-07-24 00:04:41,391 - INFO - GET    /api/v1/sectors/NonExistentSector/companies 404    4 ms
2026-07-24 00:04:41,441 - INFO - GET    /api/v1/peers/IT Services      200   33 ms
2026-07-24 00:04:41,462 - INFO - GET    /api/v1/peers/UnknownPeerGroup 404    9 ms
2026-07-24 00:04:41,511 - INFO - GET    /api/v1/companies/INFY/peers/compare 200   42 ms
2026-07-24 00:04:41,523 - INFO - GET    /api/v1/companies/INVALIDTICKER/peers/compare 404    4 ms
2026-07-24 00:04:41,536 - INFO - GET    /api/v1/market-cap/RELIANCE    200    4 ms
2026-07-24 00:04:41,555 - INFO - GET    /api/v1/market-cap/INVALIDTICKER 404    7 ms
2026-07-24 00:04:41,568 - INFO - GET    /api/v1/portfolio/stats        200    7 ms
2026-07-24 00:04:42,123 - INFO - GET    /api/v1/companies/INFY/documents 200  547 ms
2026-07-24 00:04:42,141 - INFO - GET    /api/v1/companies/INVALIDTICKER/documents 404   11 ms
2026-07-24 00:04:42,184 - INFO - GET    /api/v1/health                 200   11 ms
2026-07-24 00:04:42,210 - INFO - GET    /health                        200   11 ms
2026-07-24 00:04:42,228 - INFO - GET    /                              200    8 ms
2026-07-24 00:04:42,237 - INFO - GET    /docs                          200    0 ms
2026-07-24 00:04:42,246 - INFO - OPTIONS /api/v1/health                 200    0 ms
2026-07-24 00:04:42,262 - INFO - GET    /api/v1/companies/             200    6 ms
2026-07-24 00:04:42,324 - INFO - GET    /api/v1/screener/              200   56 ms
2026-07-24 00:04:42,347 - INFO - GET    /api/v1/sectors/               200   18 ms
2026-07-24 00:04:42,383 - INFO - GET    /api/v1/peers/TCS              200   30 ms
2026-07-24 00:04:42,392 - INFO - GET    /api/v1/valuation/RELIANCE     200    4 ms
2026-07-24 00:04:42,398 - INFO - GET    /api/v1/portfolio/clusters     200    0 ms
2026-07-24 00:04:42,404 - INFO - GET    /api/v1/documents/tearsheet/INFY 200    1 ms
2026-07-24 00:04:44,244 - INFO - GET    /api/v1/screener               200 1811 ms
2026-07-24 00:04:44,291 - INFO - GET    /api/v1/screener               200 1868 ms
2026-07-24 00:04:44,354 - INFO - GET    /api/v1/screener               200 1894 ms
2026-07-24 00:04:44,380 - INFO - GET    /api/v1/screener               200 1961 ms
2026-07-24 00:04:44,399 - INFO - GET    /api/v1/screener               200 1974 ms
2026-07-24 00:04:44,425 - INFO - GET    /api/v1/screener               200 1961 ms
2026-07-24 00:04:44,439 - INFO - GET    /api/v1/screener               200 1984 ms
2026-07-24 00:04:44,470 - INFO - GET    /api/v1/screener               200 2008 ms
2026-07-24 00:04:44,483 - INFO - GET    /api/v1/screener               200 2032 ms
2026-07-24 00:04:44,497 - INFO - GET    /api/v1/screener               200 2078 ms
2026-07-24 00:04:45,094 - INFO - GET    /api/v1/health                 200    6 ms
2026-07-24 00:04:46,290 - INFO - GET    /screener                      200  158 ms
2026-07-24 00:04:46,427 - INFO - GET    /api/v1/screener               200  128 ms
2026-07-24 00:04:46,448 - INFO - GET    /screener                      400    3 ms
2026-07-24 00:04:46,479 - INFO - GET    /api/v1/screener               400   18 ms
2026-07-24 00:04:46,509 - INFO - GET    /api/v1/screener               400    0 ms
2026-07-24 00:04:46,529 - INFO - GET    /api/v1/screener               400    6 ms
2026-07-24 00:04:46,708 - INFO - GET    /sectors                       200  154 ms
2026-07-24 00:04:46,786 - INFO - GET    /api/v1/sectors                200   69 ms
2026-07-24 00:04:46,988 - INFO - GET    /sectors/IT/companies          200   99 ms
2026-07-24 00:04:47,053 - INFO - GET    /api/v1/sectors/IT/companies   200   58 ms
2026-07-24 00:05:53,518 - INFO - GET    /                              200   81 ms
2026-07-24 00:06:15,651 - INFO - GET    /                              200   75 ms
2026-07-24 00:06:15,700 - INFO - GET    /favicon.ico                   204    4 ms
2026-07-24 00:09:46,435 - INFO - GET    /                              200    4 ms
2026-07-24 00:10:54,137 - INFO - GET    /companies                     200   13 ms
2026-07-24 00:10:54,143 - INFO - GET    /api/v1/companies              200    2 ms
2026-07-24 00:10:54,156 - INFO - GET    /companies/TCS                 200    4 ms
2026-07-24 00:10:54,166 - INFO - GET    /api/v1/companies/TCS          200    5 ms
2026-07-24 00:10:54,175 - INFO - GET    /companies/INVALID             404    3 ms
2026-07-24 00:10:54,186 - INFO - GET    /api/v1/companies/INVALID      404    5 ms
2026-07-24 00:10:54,258 - INFO - GET    /api/v1/screener               200   65 ms
2026-07-24 00:10:54,317 - INFO - GET    /api/v1/health                 200   13 ms
2026-07-24 00:10:54,465 - INFO - GET    /api/v1/screener               200  141 ms
2026-07-24 00:10:54,473 - INFO - GET    /api/v1/screener               400    1 ms
2026-07-24 00:10:54,477 - INFO - GET    /api/v1/screener               400    1 ms
2026-07-24 00:10:54,485 - INFO - GET    /api/v1/screener               400    2 ms
2026-07-24 00:10:54,523 - INFO - GET    /api/v1/sectors                200   32 ms
2026-07-24 00:10:54,585 - INFO - GET    /api/v1/sectors/Financials/companies 200   52 ms
2026-07-24 00:10:54,599 - INFO - GET    /api/v1/sectors/NonExistentSector/companies 404    4 ms
2026-07-24 00:10:54,649 - INFO - GET    /api/v1/peers/IT Services      200   42 ms
2026-07-24 00:10:54,662 - INFO - GET    /api/v1/peers/UnknownPeerGroup 404    5 ms
2026-07-24 00:10:54,705 - INFO - GET    /api/v1/companies/INFY/peers/compare 200   33 ms
2026-07-24 00:10:54,720 - INFO - GET    /api/v1/companies/INVALIDTICKER/peers/compare 404    4 ms
2026-07-24 00:10:54,737 - INFO - GET    /api/v1/market-cap/RELIANCE    200    3 ms
2026-07-24 00:10:54,749 - INFO - GET    /api/v1/market-cap/INVALIDTICKER 404    5 ms
2026-07-24 00:10:54,773 - INFO - GET    /api/v1/portfolio/stats        200    5 ms
2026-07-24 00:10:55,330 - INFO - GET    /api/v1/companies/INFY/documents 200  549 ms
2026-07-24 00:10:55,356 - INFO - GET    /api/v1/companies/INVALIDTICKER/documents 404   19 ms
2026-07-24 00:10:55,380 - INFO - GET    /api/v1/health                 200    6 ms
2026-07-24 00:10:55,403 - INFO - GET    /health                        200   14 ms
2026-07-24 00:10:55,414 - INFO - GET    /                              200    2 ms
2026-07-24 00:10:55,422 - INFO - GET    /docs                          200    0 ms
2026-07-24 00:10:55,428 - INFO - OPTIONS /api/v1/health                 200    0 ms
2026-07-24 00:10:55,440 - INFO - GET    /api/v1/companies/             200    5 ms
2026-07-24 00:10:55,501 - INFO - GET    /api/v1/screener/              200   53 ms
2026-07-24 00:10:55,530 - INFO - GET    /api/v1/sectors/               200   24 ms
2026-07-24 00:10:55,574 - INFO - GET    /api/v1/peers/TCS              200   34 ms
2026-07-24 00:10:55,582 - INFO - GET    /api/v1/valuation/RELIANCE     200    3 ms
2026-07-24 00:10:55,585 - INFO - GET    /api/v1/portfolio/clusters     200    0 ms
2026-07-24 00:10:55,590 - INFO - GET    /api/v1/documents/tearsheet/INFY 200    5 ms
2026-07-24 00:10:57,347 - INFO - GET    /api/v1/screener               200 1739 ms
2026-07-24 00:10:57,420 - INFO - GET    /api/v1/screener               200 1806 ms
2026-07-24 00:10:57,477 - INFO - GET    /api/v1/screener               200 1861 ms
2026-07-24 00:10:57,519 - INFO - GET    /api/v1/screener               200 1919 ms
2026-07-24 00:10:57,550 - INFO - GET    /api/v1/screener               200 1928 ms
2026-07-24 00:10:57,582 - INFO - GET    /api/v1/screener               200 1958 ms
2026-07-24 00:10:57,603 - INFO - GET    /api/v1/screener               200 1998 ms
2026-07-24 00:10:57,656 - INFO - GET    /api/v1/screener               200 2027 ms
2026-07-24 00:10:57,656 - INFO - GET    /api/v1/screener               200 2022 ms
2026-07-24 00:10:57,679 - INFO - GET    /api/v1/screener               200 2043 ms
2026-07-24 00:10:58,230 - INFO - GET    /api/v1/health                 200    6 ms
2026-07-24 00:10:59,335 - INFO - GET    /screener                      200   77 ms
2026-07-24 00:10:59,410 - INFO - GET    /api/v1/screener               200   69 ms
2026-07-24 00:10:59,425 - INFO - GET    /screener                      400    2 ms
2026-07-24 00:10:59,435 - INFO - GET    /api/v1/screener               400    3 ms
2026-07-24 00:10:59,457 - INFO - GET    /api/v1/screener               400    3 ms
2026-07-24 00:10:59,464 - INFO - GET    /api/v1/screener               400    2 ms
2026-07-24 00:10:59,529 - INFO - GET    /sectors                       200   53 ms
2026-07-24 00:10:59,569 - INFO - GET    /api/v1/sectors                200   33 ms
2026-07-24 00:10:59,641 - INFO - GET    /sectors/IT/companies          200   53 ms
2026-07-24 00:10:59,692 - INFO - GET    /api/v1/sectors/IT/companies   200   43 ms
2026-07-24 00:11:30,005 - INFO - GET    /companies                     200   15 ms
2026-07-24 00:11:30,016 - INFO - GET    /api/v1/companies              200    4 ms
2026-07-24 00:11:30,027 - INFO - GET    /companies/TCS                 200    3 ms
2026-07-24 00:11:30,040 - INFO - GET    /api/v1/companies/TCS          200    5 ms
2026-07-24 00:11:30,050 - INFO - GET    /companies/INVALID             404    3 ms
2026-07-24 00:11:30,077 - INFO - GET    /api/v1/companies/INVALID      404   12 ms
2026-07-24 00:11:30,160 - INFO - GET    /api/v1/screener               200   72 ms
2026-07-24 00:11:30,213 - INFO - GET    /api/v1/health                 200    4 ms
2026-07-24 00:11:30,292 - INFO - GET    /api/v1/screener               200   72 ms
2026-07-24 00:11:30,305 - INFO - GET    /api/v1/screener               400    1 ms
2026-07-24 00:11:30,323 - INFO - GET    /api/v1/screener               400    2 ms
2026-07-24 00:11:30,329 - INFO - GET    /api/v1/screener               400    2 ms
2026-07-24 00:11:30,371 - INFO - GET    /api/v1/sectors                200   37 ms
2026-07-24 00:11:30,439 - INFO - GET    /api/v1/sectors/Financials/companies 200   60 ms
2026-07-24 00:11:30,451 - INFO - GET    /api/v1/sectors/NonExistentSector/companies 404    5 ms
2026-07-24 00:11:30,499 - INFO - GET    /api/v1/peers/IT Services      200   40 ms
2026-07-24 00:11:30,510 - INFO - GET    /api/v1/peers/UnknownPeerGroup 404    4 ms
2026-07-24 00:11:30,561 - INFO - GET    /api/v1/companies/INFY/peers/compare 200   30 ms
2026-07-24 00:11:30,573 - INFO - GET    /api/v1/companies/INVALIDTICKER/peers/compare 404    3 ms
2026-07-24 00:11:30,592 - INFO - GET    /api/v1/market-cap/RELIANCE    200    5 ms
2026-07-24 00:11:30,606 - INFO - GET    /api/v1/market-cap/INVALIDTICKER 404    3 ms
2026-07-24 00:11:30,631 - INFO - GET    /api/v1/portfolio/stats        200    8 ms
2026-07-24 00:11:31,160 - INFO - GET    /api/v1/companies/INFY/documents 200  522 ms
2026-07-24 00:11:31,184 - INFO - GET    /api/v1/companies/INVALIDTICKER/documents 404   15 ms
2026-07-24 00:11:31,206 - INFO - GET    /api/v1/health                 200    8 ms
2026-07-24 00:11:31,220 - INFO - GET    /health                        200    5 ms
2026-07-24 00:11:31,244 - INFO - GET    /                              200    2 ms
2026-07-24 00:11:31,254 - INFO - GET    /docs                          200    0 ms
2026-07-24 00:11:31,261 - INFO - OPTIONS /api/v1/health                 200    1 ms
2026-07-24 00:11:31,283 - INFO - GET    /api/v1/companies/             200   11 ms
2026-07-24 00:11:31,341 - INFO - GET    /api/v1/screener/              200   52 ms
2026-07-24 00:11:31,372 - INFO - GET    /api/v1/sectors/               200   27 ms
2026-07-24 00:11:31,405 - INFO - GET    /api/v1/peers/TCS              200   28 ms
2026-07-24 00:11:31,426 - INFO - GET    /api/v1/valuation/RELIANCE     200   14 ms
2026-07-24 00:11:31,426 - INFO - GET    /api/v1/portfolio/clusters     200    0 ms
2026-07-24 00:11:31,435 - INFO - GET    /api/v1/documents/tearsheet/INFY 200    1 ms
2026-07-24 00:11:32,285 - INFO - GET    /api/v1/screener               200  840 ms
2026-07-24 00:11:32,691 - INFO - GET    /api/v1/screener               200 1244 ms
2026-07-24 00:11:33,502 - INFO - GET    /api/v1/screener               200 2012 ms
2026-07-24 00:11:33,542 - INFO - GET    /api/v1/screener               200 2042 ms
2026-07-24 00:11:33,585 - INFO - GET    /api/v1/screener               200 2091 ms
2026-07-24 00:11:33,614 - INFO - GET    /api/v1/screener               200 2151 ms
2026-07-24 00:11:33,668 - INFO - GET    /api/v1/screener               200 2207 ms
2026-07-24 00:11:33,670 - INFO - GET    /api/v1/screener               200 2177 ms
2026-07-24 00:11:33,713 - INFO - GET    /api/v1/screener               200 2212 ms
2026-07-24 00:11:33,726 - INFO - GET    /api/v1/screener               200 2222 ms
2026-07-24 00:11:34,210 - INFO - GET    /api/v1/health                 200    6 ms
2026-07-24 00:11:35,320 - INFO - GET    /screener                      200   89 ms
2026-07-24 00:11:35,390 - INFO - GET    /api/v1/screener               200   63 ms
2026-07-24 00:11:35,404 - INFO - GET    /screener                      400    4 ms
2026-07-24 00:11:35,412 - INFO - GET    /api/v1/screener               400    2 ms
2026-07-24 00:11:35,425 - INFO - GET    /api/v1/screener               400    0 ms
2026-07-24 00:11:35,441 - INFO - GET    /api/v1/screener               400    7 ms
2026-07-24 00:11:35,511 - INFO - GET    /sectors                       200   52 ms
2026-07-24 00:11:35,558 - INFO - GET    /api/v1/sectors                200   41 ms
2026-07-24 00:11:35,614 - INFO - GET    /sectors/IT/companies          200   46 ms
2026-07-24 00:11:35,658 - INFO - GET    /api/v1/sectors/IT/companies   200   40 ms
2026-07-24 00:12:08,917 - INFO - GET    /                              200    2 ms
2026-07-24 00:12:54,899 - INFO - GET    /docs                          200    2 ms
2026-07-24 00:12:55,310 - INFO - GET    /openapi.json                  200  290 ms
