2026-07-23 14:17:16,443 - INFO - Executing Day 32 Capital Allocation Report workflow...
2026-07-23 14:17:16,471 - INFO - Starting Capital Allocation Data Validation...
2026-07-23 14:17:16,593 - INFO - Validation complete: 0 missing companies, 0 duplicates, 2 missing labels.
2026-07-23 14:17:16,663 - INFO - Calculating Capital Allocation Distribution Summary...
2026-07-23 14:17:16,677 - INFO - Distribution summary calculated across 92 companies.
2026-07-23 14:17:16,683 - INFO - Integrating Capital Allocation into Cash Flow Intelligence Excel (C:\Users\Ridhi Kapoor\Desktop\Projects\Nifty100_Data_Foundation\output\cashflow_intelligence.xlsx)...
2026-07-23 14:17:16,797 - INFO - Successfully saved updated Cash Flow Intelligence file to: C:\Users\Ridhi Kapoor\Desktop\Projects\Nifty100_Data_Foundation\output\cashflow_intelligence.xlsx
2026-07-23 14:17:16,797 - INFO - Detecting Year-over-Year Capital Allocation Pattern changes...
2026-07-23 14:17:17,066 - INFO - Pattern change detection complete: found 527 YoY pattern transitions.
2026-07-23 14:17:17,077 - INFO - Capital Allocation Report workflow successfully completed.
2026-07-23 14:17:32,461 - INFO - Executing Day 32 Capital Allocation Report workflow...
2026-07-23 14:17:32,489 - INFO - Starting Capital Allocation Data Validation...
2026-07-23 14:17:32,583 - INFO - Validation complete: 0 missing companies, 0 duplicates, 2 missing labels.
2026-07-23 14:17:32,591 - INFO - Calculating Capital Allocation Distribution Summary...
2026-07-23 14:17:32,601 - INFO - Distribution summary calculated across 92 companies.
2026-07-23 14:17:32,603 - INFO - Integrating Capital Allocation into Cash Flow Intelligence Excel (C:\Users\Ridhi Kapoor\Desktop\Projects\Nifty100_Data_Foundation\output\cashflow_intelligence.xlsx)...
2026-07-23 14:17:32,814 - INFO - Successfully saved updated Cash Flow Intelligence file to: C:\Users\Ridhi Kapoor\Desktop\Projects\Nifty100_Data_Foundation\output\cashflow_intelligence.xlsx
2026-07-23 14:17:32,814 - INFO - Detecting Year-over-Year Capital Allocation Pattern changes...
2026-07-23 14:17:33,040 - INFO - Pattern change detection complete: found 527 YoY pattern transitions.
2026-07-23 14:17:33,046 - INFO - Capital Allocation Report workflow successfully completed.
2026-07-23 14:17:47,857 - INFO - Starting Capital Allocation Data Validation...
2026-07-23 14:17:47,874 - INFO - Validation complete: 1 missing companies, 0 duplicates, 0 missing labels.
2026-07-23 14:17:47,878 - INFO - Starting Capital Allocation Data Validation...
2026-07-23 14:17:47,892 - INFO - Validation complete: 0 missing companies, 2 duplicates, 1 missing labels.
2026-07-23 14:17:47,894 - INFO - Calculating Capital Allocation Distribution Summary...
2026-07-23 14:17:47,908 - INFO - Distribution summary calculated across 2 companies.
2026-07-23 14:17:47,964 - INFO - Integrating Capital Allocation into Cash Flow Intelligence Excel (C:\Users\RIDHIK~1\AppData\Local\Temp\tmpexbejufp\cashflow_intelligence.xlsx)...
2026-07-23 14:17:48,015 - INFO - Successfully saved updated Cash Flow Intelligence file to: C:\Users\RIDHIK~1\AppData\Local\Temp\tmpexbejufp\cashflow_intelligence.xlsx
2026-07-23 14:17:48,023 - INFO - Detecting Year-over-Year Capital Allocation Pattern changes...
2026-07-23 14:17:48,029 - INFO - Pattern change detection complete: found 2 YoY pattern transitions.
2026-07-23 14:17:48,085 - INFO - Executing Day 32 Capital Allocation Report workflow...
2026-07-23 14:17:48,120 - INFO - Starting Capital Allocation Data Validation...
2026-07-23 14:17:48,126 - INFO - Validation complete: 0 missing companies, 0 duplicates, 0 missing labels.
2026-07-23 14:17:48,128 - INFO - Calculating Capital Allocation Distribution Summary...
2026-07-23 14:17:48,128 - INFO - Distribution summary calculated across 2 companies.
2026-07-23 14:17:48,128 - INFO - Integrating Capital Allocation into Cash Flow Intelligence Excel (C:\Users\Ridhi Kapoor\AppData\Local\Temp\pytest-of-Ridhi Kapoor\pytest-60\test_generate_capital_allocati0\output\cashflow_intelligence.xlsx)...
2026-07-23 14:17:48,180 - INFO - Successfully saved updated Cash Flow Intelligence file to: C:\Users\Ridhi Kapoor\AppData\Local\Temp\pytest-of-Ridhi Kapoor\pytest-60\test_generate_capital_allocati0\output\cashflow_intelligence.xlsx
2026-07-23 14:17:48,180 - INFO - Detecting Year-over-Year Capital Allocation Pattern changes...
2026-07-23 14:17:48,181 - INFO - Pattern change detection complete: found 1 YoY pattern transitions.
2026-07-23 14:17:48,181 - INFO - Capital Allocation Report workflow successfully completed.
2026-07-23 14:17:54,814 - INFO - Starting Capital Allocation Data Validation...
2026-07-23 14:17:54,832 - INFO - Validation complete: 1 missing companies, 0 duplicates, 0 missing labels.
2026-07-23 14:17:54,835 - INFO - Starting Capital Allocation Data Validation...
2026-07-23 14:17:54,845 - INFO - Validation complete: 0 missing companies, 2 duplicates, 1 missing labels.
2026-07-23 14:17:54,845 - INFO - Calculating Capital Allocation Distribution Summary...
2026-07-23 14:17:54,852 - INFO - Distribution summary calculated across 2 companies.
2026-07-23 14:17:54,885 - INFO - Integrating Capital Allocation into Cash Flow Intelligence Excel (C:\Users\RIDHIK~1\AppData\Local\Temp\tmpvr66ufl5\cashflow_intelligence.xlsx)...
2026-07-23 14:17:54,924 - INFO - Successfully saved updated Cash Flow Intelligence file to: C:\Users\RIDHIK~1\AppData\Local\Temp\tmpvr66ufl5\cashflow_intelligence.xlsx
2026-07-23 14:17:54,938 - INFO - Detecting Year-over-Year Capital Allocation Pattern changes...
2026-07-23 14:17:54,943 - INFO - Pattern change detection complete: found 2 YoY pattern transitions.
2026-07-23 14:17:54,976 - INFO - Executing Day 32 Capital Allocation Report workflow...
2026-07-23 14:17:54,985 - INFO - Starting Capital Allocation Data Validation...
2026-07-23 14:17:54,994 - INFO - Validation complete: 0 missing companies, 0 duplicates, 0 missing labels.
2026-07-23 14:17:54,995 - INFO - Calculating Capital Allocation Distribution Summary...
2026-07-23 14:17:54,999 - INFO - Distribution summary calculated across 2 companies.
2026-07-23 14:17:55,001 - INFO - Integrating Capital Allocation into Cash Flow Intelligence Excel (C:\Users\Ridhi Kapoor\AppData\Local\Temp\pytest-of-Ridhi Kapoor\pytest-61\test_generate_capital_allocati0\output\cashflow_intelligence.xlsx)...
2026-07-23 14:17:55,027 - INFO - Successfully saved updated Cash Flow Intelligence file to: C:\Users\Ridhi Kapoor\AppData\Local\Temp\pytest-of-Ridhi Kapoor\pytest-61\test_generate_capital_allocati0\output\cashflow_intelligence.xlsx
2026-07-23 14:17:55,027 - INFO - Detecting Year-over-Year Capital Allocation Pattern changes...
2026-07-23 14:17:55,033 - INFO - Pattern change detection complete: found 1 YoY pattern transitions.
2026-07-23 14:17:55,033 - INFO - Capital Allocation Report workflow successfully completed.
2026-07-23 14:26:37,303 - INFO - Starting Capital Allocation Data Validation...
2026-07-23 14:26:37,328 - INFO - Validation complete: 1 missing companies, 0 duplicates, 0 missing labels.
2026-07-23 14:26:37,330 - INFO - Starting Capital Allocation Data Validation...
2026-07-23 14:26:37,349 - INFO - Validation complete: 0 missing companies, 2 duplicates, 1 missing labels.
2026-07-23 14:26:37,351 - INFO - Calculating Capital Allocation Distribution Summary...
2026-07-23 14:26:37,358 - INFO - Distribution summary calculated across 2 companies.
2026-07-23 14:26:37,403 - INFO - Integrating Capital Allocation into Cash Flow Intelligence Excel (C:\Users\RIDHIK~1\AppData\Local\Temp\tmppj7ol3nx\cashflow_intelligence.xlsx)...
2026-07-23 14:26:37,436 - INFO - Successfully saved updated Cash Flow Intelligence file to: C:\Users\RIDHIK~1\AppData\Local\Temp\tmppj7ol3nx\cashflow_intelligence.xlsx
2026-07-23 14:26:37,444 - INFO - Detecting Year-over-Year Capital Allocation Pattern changes...
2026-07-23 14:26:37,455 - INFO - Pattern change detection complete: found 2 YoY pattern transitions.
2026-07-23 14:26:37,499 - INFO - Executing Day 32 Capital Allocation Report workflow...
2026-07-23 14:26:37,505 - INFO - Starting Capital Allocation Data Validation...
2026-07-23 14:26:37,510 - INFO - Validation complete: 0 missing companies, 0 duplicates, 0 missing labels.
2026-07-23 14:26:37,510 - INFO - Calculating Capital Allocation Distribution Summary...
2026-07-23 14:26:37,515 - INFO - Distribution summary calculated across 2 companies.
2026-07-23 14:26:37,519 - INFO - Integrating Capital Allocation into Cash Flow Intelligence Excel (C:\Users\Ridhi Kapoor\AppData\Local\Temp\pytest-of-Ridhi Kapoor\pytest-63\test_generate_capital_allocati0\output\cashflow_intelligence.xlsx)...
2026-07-23 14:26:37,557 - INFO - Successfully saved updated Cash Flow Intelligence file to: C:\Users\Ridhi Kapoor\AppData\Local\Temp\pytest-of-Ridhi Kapoor\pytest-63\test_generate_capital_allocati0\output\cashflow_intelligence.xlsx
2026-07-23 14:26:37,557 - INFO - Detecting Year-over-Year Capital Allocation Pattern changes...
2026-07-23 14:26:37,565 - INFO - Pattern change detection complete: found 1 YoY pattern transitions.
2026-07-23 14:26:37,566 - INFO - Capital Allocation Report workflow successfully completed.
2026-07-23 14:39:27,785 - INFO - Starting Capital Allocation Data Validation...
2026-07-23 14:39:27,826 - INFO - Validation complete: 1 missing companies, 0 duplicates, 0 missing labels.
2026-07-23 14:39:27,828 - INFO - Starting Capital Allocation Data Validation...
2026-07-23 14:39:27,842 - INFO - Validation complete: 0 missing companies, 2 duplicates, 1 missing labels.
2026-07-23 14:39:27,847 - INFO - Calculating Capital Allocation Distribution Summary...
2026-07-23 14:39:27,859 - INFO - Distribution summary calculated across 2 companies.
2026-07-23 14:39:27,914 - INFO - Integrating Capital Allocation into Cash Flow Intelligence Excel (C:\Users\RIDHIK~1\AppData\Local\Temp\tmpyc5fbxaa\cashflow_intelligence.xlsx)...
2026-07-23 14:39:28,088 - INFO - Successfully saved updated Cash Flow Intelligence file to: C:\Users\RIDHIK~1\AppData\Local\Temp\tmpyc5fbxaa\cashflow_intelligence.xlsx
2026-07-23 14:39:28,097 - INFO - Detecting Year-over-Year Capital Allocation Pattern changes...
2026-07-23 14:39:28,110 - INFO - Pattern change detection complete: found 2 YoY pattern transitions.
2026-07-23 14:39:28,181 - INFO - Executing Day 32 Capital Allocation Report workflow...
2026-07-23 14:39:28,194 - INFO - Starting Capital Allocation Data Validation...
2026-07-23 14:39:28,204 - INFO - Validation complete: 0 missing companies, 0 duplicates, 0 missing labels.
2026-07-23 14:39:28,207 - INFO - Calculating Capital Allocation Distribution Summary...
2026-07-23 14:39:28,218 - INFO - Distribution summary calculated across 2 companies.
2026-07-23 14:39:28,221 - INFO - Integrating Capital Allocation into Cash Flow Intelligence Excel (C:\Users\Ridhi Kapoor\AppData\Local\Temp\pytest-of-Ridhi Kapoor\pytest-67\test_generate_capital_allocati0\output\cashflow_intelligence.xlsx)...
2026-07-23 14:39:28,290 - INFO - Successfully saved updated Cash Flow Intelligence file to: C:\Users\Ridhi Kapoor\AppData\Local\Temp\pytest-of-Ridhi Kapoor\pytest-67\test_generate_capital_allocati0\output\cashflow_intelligence.xlsx
2026-07-23 14:39:28,291 - INFO - Detecting Year-over-Year Capital Allocation Pattern changes...
2026-07-23 14:39:28,297 - INFO - Pattern change detection complete: found 1 YoY pattern transitions.
2026-07-23 14:39:28,301 - INFO - Capital Allocation Report workflow successfully completed.
2026-07-23 15:04:15,907 - INFO - Starting Capital Allocation Data Validation...
2026-07-23 15:04:15,930 - INFO - Validation complete: 1 missing companies, 0 duplicates, 0 missing labels.
2026-07-23 15:04:15,934 - INFO - Starting Capital Allocation Data Validation...
2026-07-23 15:04:15,948 - INFO - Validation complete: 0 missing companies, 2 duplicates, 1 missing labels.
2026-07-23 15:04:15,952 - INFO - Calculating Capital Allocation Distribution Summary...
2026-07-23 15:04:15,960 - INFO - Distribution summary calculated across 2 companies.
2026-07-23 15:04:16,015 - INFO - Integrating Capital Allocation into Cash Flow Intelligence Excel (C:\Users\RIDHIK~1\AppData\Local\Temp\tmprjg2d734\cashflow_intelligence.xlsx)...
2026-07-23 15:04:16,058 - INFO - Successfully saved updated Cash Flow Intelligence file to: C:\Users\RIDHIK~1\AppData\Local\Temp\tmprjg2d734\cashflow_intelligence.xlsx
2026-07-23 15:04:16,069 - INFO - Detecting Year-over-Year Capital Allocation Pattern changes...
2026-07-23 15:04:16,090 - INFO - Pattern change detection complete: found 2 YoY pattern transitions.
2026-07-23 15:04:16,130 - INFO - Executing Day 32 Capital Allocation Report workflow...
2026-07-23 15:04:16,143 - INFO - Starting Capital Allocation Data Validation...
2026-07-23 15:04:16,154 - INFO - Validation complete: 0 missing companies, 0 duplicates, 0 missing labels.
2026-07-23 15:04:16,157 - INFO - Calculating Capital Allocation Distribution Summary...
2026-07-23 15:04:16,165 - INFO - Distribution summary calculated across 2 companies.
2026-07-23 15:04:16,167 - INFO - Integrating Capital Allocation into Cash Flow Intelligence Excel (C:\Users\Ridhi Kapoor\AppData\Local\Temp\pytest-of-Ridhi Kapoor\pytest-69\test_generate_capital_allocati0\output\cashflow_intelligence.xlsx)...
2026-07-23 15:04:16,215 - INFO - Successfully saved updated Cash Flow Intelligence file to: C:\Users\Ridhi Kapoor\AppData\Local\Temp\pytest-of-Ridhi Kapoor\pytest-69\test_generate_capital_allocati0\output\cashflow_intelligence.xlsx
2026-07-23 15:04:16,216 - INFO - Detecting Year-over-Year Capital Allocation Pattern changes...
2026-07-23 15:04:16,221 - INFO - Pattern change detection complete: found 1 YoY pattern transitions.
2026-07-23 15:04:16,222 - INFO - Capital Allocation Report workflow successfully completed.
2026-07-23 16:01:46,381 - INFO - Starting Capital Allocation Data Validation...
2026-07-23 16:01:46,399 - INFO - Validation complete: 1 missing companies, 0 duplicates, 0 missing labels.
2026-07-23 16:01:46,401 - INFO - Starting Capital Allocation Data Validation...
2026-07-23 16:01:46,416 - INFO - Validation complete: 0 missing companies, 2 duplicates, 1 missing labels.
2026-07-23 16:01:46,419 - INFO - Calculating Capital Allocation Distribution Summary...
2026-07-23 16:01:46,429 - INFO - Distribution summary calculated across 2 companies.
2026-07-23 16:01:46,488 - INFO - Integrating Capital Allocation into Cash Flow Intelligence Excel (C:\Users\RIDHIK~1\AppData\Local\Temp\tmpimwz57n2\cashflow_intelligence.xlsx)...
2026-07-23 16:01:46,528 - INFO - Successfully saved updated Cash Flow Intelligence file to: C:\Users\RIDHIK~1\AppData\Local\Temp\tmpimwz57n2\cashflow_intelligence.xlsx
2026-07-23 16:01:46,535 - INFO - Detecting Year-over-Year Capital Allocation Pattern changes...
2026-07-23 16:01:46,543 - INFO - Pattern change detection complete: found 2 YoY pattern transitions.
2026-07-23 16:01:46,596 - INFO - Executing Day 32 Capital Allocation Report workflow...
2026-07-23 16:01:46,604 - INFO - Starting Capital Allocation Data Validation...
2026-07-23 16:01:46,610 - INFO - Validation complete: 0 missing companies, 0 duplicates, 0 missing labels.
2026-07-23 16:01:46,614 - INFO - Calculating Capital Allocation Distribution Summary...
2026-07-23 16:01:46,620 - INFO - Distribution summary calculated across 2 companies.
2026-07-23 16:01:46,621 - INFO - Integrating Capital Allocation into Cash Flow Intelligence Excel (C:\Users\Ridhi Kapoor\AppData\Local\Temp\pytest-of-Ridhi Kapoor\pytest-70\test_generate_capital_allocati0\output\cashflow_intelligence.xlsx)...
2026-07-23 16:01:46,667 - INFO - Successfully saved updated Cash Flow Intelligence file to: C:\Users\Ridhi Kapoor\AppData\Local\Temp\pytest-of-Ridhi Kapoor\pytest-70\test_generate_capital_allocati0\output\cashflow_intelligence.xlsx
2026-07-23 16:01:46,667 - INFO - Detecting Year-over-Year Capital Allocation Pattern changes...
2026-07-23 16:01:46,671 - INFO - Pattern change detection complete: found 1 YoY pattern transitions.
2026-07-23 16:01:46,673 - INFO - Capital Allocation Report workflow successfully completed.
2026-07-23 16:21:21,083 - INFO - Starting Capital Allocation Data Validation...
2026-07-23 16:21:21,105 - INFO - Validation complete: 1 missing companies, 0 duplicates, 0 missing labels.
2026-07-23 16:21:21,110 - INFO - Starting Capital Allocation Data Validation...
2026-07-23 16:21:21,129 - INFO - Validation complete: 0 missing companies, 2 duplicates, 1 missing labels.
2026-07-23 16:21:21,133 - INFO - Calculating Capital Allocation Distribution Summary...
2026-07-23 16:21:21,140 - INFO - Distribution summary calculated across 2 companies.
2026-07-23 16:21:21,177 - INFO - Integrating Capital Allocation into Cash Flow Intelligence Excel (C:\Users\RIDHIK~1\AppData\Local\Temp\tmp0njunerc\cashflow_intelligence.xlsx)...
2026-07-23 16:21:21,212 - INFO - Successfully saved updated Cash Flow Intelligence file to: C:\Users\RIDHIK~1\AppData\Local\Temp\tmp0njunerc\cashflow_intelligence.xlsx
2026-07-23 16:21:21,219 - INFO - Detecting Year-over-Year Capital Allocation Pattern changes...
2026-07-23 16:21:21,225 - INFO - Pattern change detection complete: found 2 YoY pattern transitions.
2026-07-23 16:21:21,269 - INFO - Executing Day 32 Capital Allocation Report workflow...
2026-07-23 16:21:21,280 - INFO - Starting Capital Allocation Data Validation...
2026-07-23 16:21:21,289 - INFO - Validation complete: 0 missing companies, 0 duplicates, 0 missing labels.
2026-07-23 16:21:21,291 - INFO - Calculating Capital Allocation Distribution Summary...
2026-07-23 16:21:21,295 - INFO - Distribution summary calculated across 2 companies.
2026-07-23 16:21:21,296 - INFO - Integrating Capital Allocation into Cash Flow Intelligence Excel (C:\Users\Ridhi Kapoor\AppData\Local\Temp\pytest-of-Ridhi Kapoor\pytest-71\test_generate_capital_allocati0\output\cashflow_intelligence.xlsx)...
2026-07-23 16:21:21,336 - INFO - Successfully saved updated Cash Flow Intelligence file to: C:\Users\Ridhi Kapoor\AppData\Local\Temp\pytest-of-Ridhi Kapoor\pytest-71\test_generate_capital_allocati0\output\cashflow_intelligence.xlsx
2026-07-23 16:21:21,336 - INFO - Detecting Year-over-Year Capital Allocation Pattern changes...
2026-07-23 16:21:21,343 - INFO - Pattern change detection complete: found 1 YoY pattern transitions.
2026-07-23 16:21:21,343 - INFO - Capital Allocation Report workflow successfully completed.
2026-07-23 23:47:26,708 - INFO - Starting Capital Allocation Data Validation...
2026-07-23 23:47:26,778 - INFO - Validation complete: 1 missing companies, 0 duplicates, 0 missing labels.
2026-07-23 23:47:26,781 - INFO - Starting Capital Allocation Data Validation...
2026-07-23 23:47:26,802 - INFO - Validation complete: 0 missing companies, 2 duplicates, 1 missing labels.
2026-07-23 23:47:26,808 - INFO - Calculating Capital Allocation Distribution Summary...
2026-07-23 23:47:26,832 - INFO - Distribution summary calculated across 2 companies.
2026-07-23 23:47:26,902 - INFO - Integrating Capital Allocation into Cash Flow Intelligence Excel (C:\Users\RIDHIK~1\AppData\Local\Temp\tmp8qinmh7i\cashflow_intelligence.xlsx)...
2026-07-23 23:47:26,964 - INFO - Successfully saved updated Cash Flow Intelligence file to: C:\Users\RIDHIK~1\AppData\Local\Temp\tmp8qinmh7i\cashflow_intelligence.xlsx
2026-07-23 23:47:26,968 - INFO - Detecting Year-over-Year Capital Allocation Pattern changes...
2026-07-23 23:47:27,004 - INFO - Pattern change detection complete: found 2 YoY pattern transitions.
2026-07-23 23:47:27,089 - INFO - Executing Day 32 Capital Allocation Report workflow...
2026-07-23 23:47:27,101 - INFO - Starting Capital Allocation Data Validation...
2026-07-23 23:47:27,112 - INFO - Validation complete: 0 missing companies, 0 duplicates, 0 missing labels.
2026-07-23 23:47:27,115 - INFO - Calculating Capital Allocation Distribution Summary...
2026-07-23 23:47:27,124 - INFO - Distribution summary calculated across 2 companies.
2026-07-23 23:47:27,125 - INFO - Integrating Capital Allocation into Cash Flow Intelligence Excel (C:\Users\Ridhi Kapoor\AppData\Local\Temp\pytest-of-Ridhi Kapoor\pytest-73\test_generate_capital_allocati0\output\cashflow_intelligence.xlsx)...
2026-07-23 23:47:27,173 - INFO - Successfully saved updated Cash Flow Intelligence file to: C:\Users\Ridhi Kapoor\AppData\Local\Temp\pytest-of-Ridhi Kapoor\pytest-73\test_generate_capital_allocati0\output\cashflow_intelligence.xlsx
2026-07-23 23:47:27,175 - INFO - Detecting Year-over-Year Capital Allocation Pattern changes...
2026-07-23 23:47:27,180 - INFO - Pattern change detection complete: found 1 YoY pattern transitions.
2026-07-23 23:47:27,182 - INFO - Capital Allocation Report workflow successfully completed.
2026-07-23 23:47:48,693 - INFO - Starting Capital Allocation Data Validation...
2026-07-23 23:47:48,715 - INFO - Validation complete: 1 missing companies, 0 duplicates, 0 missing labels.
2026-07-23 23:47:48,717 - INFO - Starting Capital Allocation Data Validation...
2026-07-23 23:47:48,728 - INFO - Validation complete: 0 missing companies, 2 duplicates, 1 missing labels.
2026-07-23 23:47:48,730 - INFO - Calculating Capital Allocation Distribution Summary...
2026-07-23 23:47:48,735 - INFO - Distribution summary calculated across 2 companies.
2026-07-23 23:47:48,761 - INFO - Integrating Capital Allocation into Cash Flow Intelligence Excel (C:\Users\RIDHIK~1\AppData\Local\Temp\tmpg37izb13\cashflow_intelligence.xlsx)...
2026-07-23 23:47:48,803 - INFO - Successfully saved updated Cash Flow Intelligence file to: C:\Users\RIDHIK~1\AppData\Local\Temp\tmpg37izb13\cashflow_intelligence.xlsx
2026-07-23 23:47:48,811 - INFO - Detecting Year-over-Year Capital Allocation Pattern changes...
2026-07-23 23:47:48,829 - INFO - Pattern change detection complete: found 2 YoY pattern transitions.
2026-07-23 23:47:48,869 - INFO - Executing Day 32 Capital Allocation Report workflow...
2026-07-23 23:47:48,875 - INFO - Starting Capital Allocation Data Validation...
2026-07-23 23:47:48,887 - INFO - Validation complete: 0 missing companies, 0 duplicates, 0 missing labels.
2026-07-23 23:47:48,890 - INFO - Calculating Capital Allocation Distribution Summary...
2026-07-23 23:47:48,894 - INFO - Distribution summary calculated across 2 companies.
2026-07-23 23:47:48,897 - INFO - Integrating Capital Allocation into Cash Flow Intelligence Excel (C:\Users\Ridhi Kapoor\AppData\Local\Temp\pytest-of-Ridhi Kapoor\pytest-74\test_generate_capital_allocati0\output\cashflow_intelligence.xlsx)...
2026-07-23 23:47:48,934 - INFO - Successfully saved updated Cash Flow Intelligence file to: C:\Users\Ridhi Kapoor\AppData\Local\Temp\pytest-of-Ridhi Kapoor\pytest-74\test_generate_capital_allocati0\output\cashflow_intelligence.xlsx
2026-07-23 23:47:48,934 - INFO - Detecting Year-over-Year Capital Allocation Pattern changes...
2026-07-23 23:47:48,938 - INFO - Pattern change detection complete: found 1 YoY pattern transitions.
2026-07-23 23:47:48,941 - INFO - Capital Allocation Report workflow successfully completed.
2026-07-23 23:49:38,384 - INFO - Starting Capital Allocation Data Validation...
2026-07-23 23:49:38,404 - INFO - Validation complete: 1 missing companies, 0 duplicates, 0 missing labels.
2026-07-23 23:49:38,407 - INFO - Starting Capital Allocation Data Validation...
2026-07-23 23:49:38,412 - INFO - Validation complete: 0 missing companies, 2 duplicates, 1 missing labels.
2026-07-23 23:49:38,414 - INFO - Calculating Capital Allocation Distribution Summary...
2026-07-23 23:49:38,420 - INFO - Distribution summary calculated across 2 companies.
2026-07-23 23:49:38,456 - INFO - Integrating Capital Allocation into Cash Flow Intelligence Excel (C:\Users\RIDHIK~1\AppData\Local\Temp\tmpp93480rq\cashflow_intelligence.xlsx)...
2026-07-23 23:49:38,618 - INFO - Successfully saved updated Cash Flow Intelligence file to: C:\Users\RIDHIK~1\AppData\Local\Temp\tmpp93480rq\cashflow_intelligence.xlsx
2026-07-23 23:49:38,629 - INFO - Detecting Year-over-Year Capital Allocation Pattern changes...
2026-07-23 23:49:38,638 - INFO - Pattern change detection complete: found 2 YoY pattern transitions.
2026-07-23 23:49:38,686 - INFO - Executing Day 32 Capital Allocation Report workflow...
2026-07-23 23:49:38,697 - INFO - Starting Capital Allocation Data Validation...
2026-07-23 23:49:38,704 - INFO - Validation complete: 0 missing companies, 0 duplicates, 0 missing labels.
2026-07-23 23:49:38,706 - INFO - Calculating Capital Allocation Distribution Summary...
2026-07-23 23:49:38,714 - INFO - Distribution summary calculated across 2 companies.
2026-07-23 23:49:38,717 - INFO - Integrating Capital Allocation into Cash Flow Intelligence Excel (C:\Users\Ridhi Kapoor\AppData\Local\Temp\pytest-of-Ridhi Kapoor\pytest-75\test_generate_capital_allocati0\output\cashflow_intelligence.xlsx)...
2026-07-23 23:49:38,780 - INFO - Successfully saved updated Cash Flow Intelligence file to: C:\Users\Ridhi Kapoor\AppData\Local\Temp\pytest-of-Ridhi Kapoor\pytest-75\test_generate_capital_allocati0\output\cashflow_intelligence.xlsx
2026-07-23 23:49:38,780 - INFO - Detecting Year-over-Year Capital Allocation Pattern changes...
2026-07-23 23:49:38,783 - INFO - Pattern change detection complete: found 1 YoY pattern transitions.
2026-07-23 23:49:38,784 - INFO - Capital Allocation Report workflow successfully completed.
2026-07-23 23:55:55,968 - INFO - Starting Capital Allocation Data Validation...
2026-07-23 23:55:55,978 - INFO - Validation complete: 1 missing companies, 0 duplicates, 0 missing labels.
2026-07-23 23:55:55,981 - INFO - Starting Capital Allocation Data Validation...
2026-07-23 23:55:55,994 - INFO - Validation complete: 0 missing companies, 2 duplicates, 1 missing labels.
2026-07-23 23:55:55,997 - INFO - Calculating Capital Allocation Distribution Summary...
2026-07-23 23:55:56,003 - INFO - Distribution summary calculated across 2 companies.
2026-07-23 23:55:56,052 - INFO - Integrating Capital Allocation into Cash Flow Intelligence Excel (C:\Users\RIDHIK~1\AppData\Local\Temp\tmpa11b7igt\cashflow_intelligence.xlsx)...
2026-07-23 23:55:56,097 - INFO - Successfully saved updated Cash Flow Intelligence file to: C:\Users\RIDHIK~1\AppData\Local\Temp\tmpa11b7igt\cashflow_intelligence.xlsx
2026-07-23 23:55:56,105 - INFO - Detecting Year-over-Year Capital Allocation Pattern changes...
2026-07-23 23:55:56,112 - INFO - Pattern change detection complete: found 2 YoY pattern transitions.
2026-07-23 23:55:56,148 - INFO - Executing Day 32 Capital Allocation Report workflow...
2026-07-23 23:55:56,164 - INFO - Starting Capital Allocation Data Validation...
2026-07-23 23:55:56,169 - INFO - Validation complete: 0 missing companies, 0 duplicates, 0 missing labels.
2026-07-23 23:55:56,171 - INFO - Calculating Capital Allocation Distribution Summary...
2026-07-23 23:55:56,174 - INFO - Distribution summary calculated across 2 companies.
2026-07-23 23:55:56,179 - INFO - Integrating Capital Allocation into Cash Flow Intelligence Excel (C:\Users\Ridhi Kapoor\AppData\Local\Temp\pytest-of-Ridhi Kapoor\pytest-76\test_generate_capital_allocati0\output\cashflow_intelligence.xlsx)...
2026-07-23 23:55:56,224 - INFO - Successfully saved updated Cash Flow Intelligence file to: C:\Users\Ridhi Kapoor\AppData\Local\Temp\pytest-of-Ridhi Kapoor\pytest-76\test_generate_capital_allocati0\output\cashflow_intelligence.xlsx
2026-07-23 23:55:56,224 - INFO - Detecting Year-over-Year Capital Allocation Pattern changes...
2026-07-23 23:55:56,224 - INFO - Pattern change detection complete: found 1 YoY pattern transitions.
2026-07-23 23:55:56,224 - INFO - Capital Allocation Report workflow successfully completed.
2026-07-24 00:03:38,073 - INFO - Starting Capital Allocation Data Validation...
2026-07-24 00:03:38,087 - INFO - Validation complete: 1 missing companies, 0 duplicates, 0 missing labels.
2026-07-24 00:03:38,092 - INFO - Starting Capital Allocation Data Validation...
2026-07-24 00:03:38,102 - INFO - Validation complete: 0 missing companies, 2 duplicates, 1 missing labels.
2026-07-24 00:03:38,109 - INFO - Calculating Capital Allocation Distribution Summary...
2026-07-24 00:03:38,115 - INFO - Distribution summary calculated across 2 companies.
2026-07-24 00:03:38,173 - INFO - Integrating Capital Allocation into Cash Flow Intelligence Excel (C:\Users\RIDHIK~1\AppData\Local\Temp\tmp5qpcfieb\cashflow_intelligence.xlsx)...
2026-07-24 00:03:38,229 - INFO - Successfully saved updated Cash Flow Intelligence file to: C:\Users\RIDHIK~1\AppData\Local\Temp\tmp5qpcfieb\cashflow_intelligence.xlsx
2026-07-24 00:03:38,239 - INFO - Detecting Year-over-Year Capital Allocation Pattern changes...
2026-07-24 00:03:38,245 - INFO - Pattern change detection complete: found 2 YoY pattern transitions.
2026-07-24 00:03:38,306 - INFO - Executing Day 32 Capital Allocation Report workflow...
2026-07-24 00:03:38,336 - INFO - Starting Capital Allocation Data Validation...
2026-07-24 00:03:38,353 - INFO - Validation complete: 0 missing companies, 0 duplicates, 0 missing labels.
2026-07-24 00:03:38,361 - INFO - Calculating Capital Allocation Distribution Summary...
2026-07-24 00:03:38,370 - INFO - Distribution summary calculated across 2 companies.
2026-07-24 00:03:38,372 - INFO - Integrating Capital Allocation into Cash Flow Intelligence Excel (C:\Users\Ridhi Kapoor\AppData\Local\Temp\pytest-of-Ridhi Kapoor\pytest-77\test_generate_capital_allocati0\output\cashflow_intelligence.xlsx)...
2026-07-24 00:03:38,431 - INFO - Successfully saved updated Cash Flow Intelligence file to: C:\Users\Ridhi Kapoor\AppData\Local\Temp\pytest-of-Ridhi Kapoor\pytest-77\test_generate_capital_allocati0\output\cashflow_intelligence.xlsx
2026-07-24 00:03:38,431 - INFO - Detecting Year-over-Year Capital Allocation Pattern changes...
2026-07-24 00:03:38,436 - INFO - Pattern change detection complete: found 1 YoY pattern transitions.
2026-07-24 00:03:38,439 - INFO - Capital Allocation Report workflow successfully completed.
