2026-07-23 15:03:33,231 - INFO - Executing Day 37 Cluster Profiling & Portfolio Statistics pipeline...
2026-07-23 15:03:33,233 - INFO - Generating Cluster Statistical Profiles...
2026-07-23 15:03:33,792 - INFO - Saved cluster profiles (5 rows) to: C:\Users\Ridhi Kapoor\Desktop\Projects\Nifty100_Data_Foundation\output\cluster_profiles.csv
2026-07-23 15:03:33,794 - INFO - Updated cluster labels saved to: C:\Users\Ridhi Kapoor\Desktop\Projects\Nifty100_Data_Foundation\output\cluster_labels.csv
2026-07-23 15:03:34,015 - INFO - Loaded and imputed dataset for 10 KPIs across 100 companies.
2026-07-23 15:03:34,025 - INFO - Computing Pearson Correlation Matrix & Heatmap...
2026-07-23 15:03:35,314 - INFO - Saved correlation heatmap plot to: C:\Users\Ridhi Kapoor\Desktop\Projects\Nifty100_Data_Foundation\reports\correlation_heatmap.png
2026-07-23 15:03:35,314 - INFO - Performing Sector-based Z-score Outlier Detection (|Z| > 3)...
2026-07-23 15:03:35,414 - INFO - Saved outlier report (9 records) to: C:\Users\Ridhi Kapoor\Desktop\Projects\Nifty100_Data_Foundation\output\outlier_report.csv
2026-07-23 15:03:35,414 - INFO - Calculating Portfolio-wide Descriptive Statistics...
2026-07-23 15:03:35,431 - INFO - Saved portfolio statistics (10 KPIs) to: C:\Users\Ridhi Kapoor\Desktop\Projects\Nifty100_Data_Foundation\output\portfolio_stats.csv
2026-07-23 15:03:35,431 - INFO - Day 37 Cluster Profiling pipeline successfully completed.
2026-07-23 15:03:59,325 - INFO - Loaded and imputed dataset for 10 KPIs across 100 companies.
2026-07-23 15:03:59,345 - INFO - Generating Cluster Statistical Profiles...
2026-07-23 15:03:59,471 - INFO - Saved cluster profiles (2 rows) to: C:\Users\Ridhi Kapoor\AppData\Local\Temp\pytest-of-Ridhi Kapoor\pytest-68\test_generate_cluster_profiles0\output\cluster_profiles.csv
2026-07-23 15:03:59,471 - INFO - Updated cluster labels saved to: C:\Users\Ridhi Kapoor\AppData\Local\Temp\pytest-of-Ridhi Kapoor\pytest-68\test_generate_cluster_profiles0\output\cluster_labels.csv
2026-07-23 15:03:59,559 - INFO - Loaded and imputed dataset for 10 KPIs across 100 companies.
2026-07-23 15:03:59,559 - INFO - Computing Pearson Correlation Matrix & Heatmap...
2026-07-23 15:04:00,671 - INFO - Saved correlation heatmap plot to: C:\Users\Ridhi Kapoor\AppData\Local\Temp\pytest-of-Ridhi Kapoor\pytest-68\test_generate_correlation_matr0\reports\correlation_heatmap.png
2026-07-23 15:04:00,809 - INFO - Loaded and imputed dataset for 10 KPIs across 100 companies.
2026-07-23 15:04:00,810 - INFO - Performing Sector-based Z-score Outlier Detection (|Z| > 3)...
2026-07-23 15:04:00,913 - INFO - Saved outlier report (9 records) to: C:\Users\Ridhi Kapoor\AppData\Local\Temp\pytest-of-Ridhi Kapoor\pytest-68\test_detect_sector_outliers0\outlier_report.csv
2026-07-23 15:04:01,071 - INFO - Loaded and imputed dataset for 10 KPIs across 100 companies.
2026-07-23 15:04:01,071 - INFO - Calculating Portfolio-wide Descriptive Statistics...
2026-07-23 15:04:01,078 - INFO - Saved portfolio statistics (10 KPIs) to: C:\Users\Ridhi Kapoor\AppData\Local\Temp\pytest-of-Ridhi Kapoor\pytest-68\test_generate_portfolio_statis0\portfolio_stats.csv
2026-07-23 15:04:01,087 - INFO - Executing Day 37 Cluster Profiling & Portfolio Statistics pipeline...
2026-07-23 15:04:01,089 - INFO - Generating Cluster Statistical Profiles...
2026-07-23 15:04:01,217 - INFO - Saved cluster profiles (5 rows) to: C:\Users\Ridhi Kapoor\Desktop\Projects\Nifty100_Data_Foundation\output\cluster_profiles.csv
2026-07-23 15:04:01,222 - INFO - Updated cluster labels saved to: C:\Users\Ridhi Kapoor\Desktop\Projects\Nifty100_Data_Foundation\output\cluster_labels.csv
2026-07-23 15:04:01,365 - INFO - Loaded and imputed dataset for 10 KPIs across 100 companies.
2026-07-23 15:04:01,367 - INFO - Computing Pearson Correlation Matrix & Heatmap...
2026-07-23 15:04:02,893 - INFO - Saved correlation heatmap plot to: C:\Users\Ridhi Kapoor\Desktop\Projects\Nifty100_Data_Foundation\reports\correlation_heatmap.png
2026-07-23 15:04:02,893 - INFO - Performing Sector-based Z-score Outlier Detection (|Z| > 3)...
2026-07-23 15:04:02,985 - INFO - Saved outlier report (9 records) to: C:\Users\Ridhi Kapoor\Desktop\Projects\Nifty100_Data_Foundation\output\outlier_report.csv
2026-07-23 15:04:02,985 - INFO - Calculating Portfolio-wide Descriptive Statistics...
2026-07-23 15:04:02,992 - INFO - Saved portfolio statistics (10 KPIs) to: C:\Users\Ridhi Kapoor\Desktop\Projects\Nifty100_Data_Foundation\output\portfolio_stats.csv
2026-07-23 15:04:02,992 - INFO - Day 37 Cluster Profiling pipeline successfully completed.
2026-07-23 15:04:17,821 - INFO - Loaded and imputed dataset for 10 KPIs across 100 companies.
2026-07-23 15:04:17,843 - INFO - Generating Cluster Statistical Profiles...
2026-07-23 15:04:17,923 - INFO - Saved cluster profiles (2 rows) to: C:\Users\Ridhi Kapoor\AppData\Local\Temp\pytest-of-Ridhi Kapoor\pytest-69\test_generate_cluster_profiles0\output\cluster_profiles.csv
2026-07-23 15:04:17,923 - INFO - Updated cluster labels saved to: C:\Users\Ridhi Kapoor\AppData\Local\Temp\pytest-of-Ridhi Kapoor\pytest-69\test_generate_cluster_profiles0\output\cluster_labels.csv
2026-07-23 15:04:18,034 - INFO - Loaded and imputed dataset for 10 KPIs across 100 companies.
2026-07-23 15:04:18,035 - INFO - Computing Pearson Correlation Matrix & Heatmap...
2026-07-23 15:04:19,321 - INFO - Saved correlation heatmap plot to: C:\Users\Ridhi Kapoor\AppData\Local\Temp\pytest-of-Ridhi Kapoor\pytest-69\test_generate_correlation_matr0\reports\correlation_heatmap.png
2026-07-23 15:04:19,465 - INFO - Loaded and imputed dataset for 10 KPIs across 100 companies.
2026-07-23 15:04:19,466 - INFO - Performing Sector-based Z-score Outlier Detection (|Z| > 3)...
2026-07-23 15:04:19,581 - INFO - Saved outlier report (9 records) to: C:\Users\Ridhi Kapoor\AppData\Local\Temp\pytest-of-Ridhi Kapoor\pytest-69\test_detect_sector_outliers0\outlier_report.csv
2026-07-23 15:04:19,812 - INFO - Loaded and imputed dataset for 10 KPIs across 100 companies.
2026-07-23 15:04:19,812 - INFO - Calculating Portfolio-wide Descriptive Statistics...
2026-07-23 15:04:19,821 - INFO - Saved portfolio statistics (10 KPIs) to: C:\Users\Ridhi Kapoor\AppData\Local\Temp\pytest-of-Ridhi Kapoor\pytest-69\test_generate_portfolio_statis0\portfolio_stats.csv
2026-07-23 15:04:19,828 - INFO - Executing Day 37 Cluster Profiling & Portfolio Statistics pipeline...
2026-07-23 15:04:19,829 - INFO - Generating Cluster Statistical Profiles...
2026-07-23 15:04:19,945 - INFO - Saved cluster profiles (5 rows) to: C:\Users\Ridhi Kapoor\Desktop\Projects\Nifty100_Data_Foundation\output\cluster_profiles.csv
2026-07-23 15:04:19,948 - INFO - Updated cluster labels saved to: C:\Users\Ridhi Kapoor\Desktop\Projects\Nifty100_Data_Foundation\output\cluster_labels.csv
2026-07-23 15:04:20,059 - INFO - Loaded and imputed dataset for 10 KPIs across 100 companies.
2026-07-23 15:04:20,059 - INFO - Computing Pearson Correlation Matrix & Heatmap...
2026-07-23 15:04:21,304 - INFO - Saved correlation heatmap plot to: C:\Users\Ridhi Kapoor\Desktop\Projects\Nifty100_Data_Foundation\reports\correlation_heatmap.png
2026-07-23 15:04:21,304 - INFO - Performing Sector-based Z-score Outlier Detection (|Z| > 3)...
2026-07-23 15:04:21,401 - INFO - Saved outlier report (9 records) to: C:\Users\Ridhi Kapoor\Desktop\Projects\Nifty100_Data_Foundation\output\outlier_report.csv
2026-07-23 15:04:21,402 - INFO - Calculating Portfolio-wide Descriptive Statistics...
2026-07-23 15:04:21,409 - INFO - Saved portfolio statistics (10 KPIs) to: C:\Users\Ridhi Kapoor\Desktop\Projects\Nifty100_Data_Foundation\output\portfolio_stats.csv
2026-07-23 15:04:21,409 - INFO - Day 37 Cluster Profiling pipeline successfully completed.
2026-07-23 16:01:48,085 - INFO - Loaded and imputed dataset for 10 KPIs across 100 companies.
2026-07-23 16:01:48,097 - INFO - Generating Cluster Statistical Profiles...
2026-07-23 16:01:48,181 - INFO - Saved cluster profiles (2 rows) to: C:\Users\Ridhi Kapoor\AppData\Local\Temp\pytest-of-Ridhi Kapoor\pytest-70\test_generate_cluster_profiles0\output\cluster_profiles.csv
2026-07-23 16:01:48,181 - INFO - Updated cluster labels saved to: C:\Users\Ridhi Kapoor\AppData\Local\Temp\pytest-of-Ridhi Kapoor\pytest-70\test_generate_cluster_profiles0\output\cluster_labels.csv
2026-07-23 16:01:48,277 - INFO - Loaded and imputed dataset for 10 KPIs across 100 companies.
2026-07-23 16:01:48,277 - INFO - Computing Pearson Correlation Matrix & Heatmap...
2026-07-23 16:01:49,431 - INFO - Saved correlation heatmap plot to: C:\Users\Ridhi Kapoor\AppData\Local\Temp\pytest-of-Ridhi Kapoor\pytest-70\test_generate_correlation_matr0\reports\correlation_heatmap.png
2026-07-23 16:01:49,566 - INFO - Loaded and imputed dataset for 10 KPIs across 100 companies.
2026-07-23 16:01:49,569 - INFO - Performing Sector-based Z-score Outlier Detection (|Z| > 3)...
2026-07-23 16:01:49,666 - INFO - Saved outlier report (9 records) to: C:\Users\Ridhi Kapoor\AppData\Local\Temp\pytest-of-Ridhi Kapoor\pytest-70\test_detect_sector_outliers0\outlier_report.csv
2026-07-23 16:01:49,816 - INFO - Loaded and imputed dataset for 10 KPIs across 100 companies.
2026-07-23 16:01:49,816 - INFO - Calculating Portfolio-wide Descriptive Statistics...
2026-07-23 16:01:49,826 - INFO - Saved portfolio statistics (10 KPIs) to: C:\Users\Ridhi Kapoor\AppData\Local\Temp\pytest-of-Ridhi Kapoor\pytest-70\test_generate_portfolio_statis0\portfolio_stats.csv
2026-07-23 16:01:49,853 - INFO - Executing Day 37 Cluster Profiling & Portfolio Statistics pipeline...
2026-07-23 16:01:49,855 - INFO - Generating Cluster Statistical Profiles...
2026-07-23 16:01:49,982 - INFO - Saved cluster profiles (5 rows) to: C:\Users\Ridhi Kapoor\Desktop\Projects\Nifty100_Data_Foundation\output\cluster_profiles.csv
2026-07-23 16:01:49,982 - INFO - Updated cluster labels saved to: C:\Users\Ridhi Kapoor\Desktop\Projects\Nifty100_Data_Foundation\output\cluster_labels.csv
2026-07-23 16:01:50,093 - INFO - Loaded and imputed dataset for 10 KPIs across 100 companies.
2026-07-23 16:01:50,093 - INFO - Computing Pearson Correlation Matrix & Heatmap...
2026-07-23 16:01:51,638 - INFO - Saved correlation heatmap plot to: C:\Users\Ridhi Kapoor\Desktop\Projects\Nifty100_Data_Foundation\reports\correlation_heatmap.png
2026-07-23 16:01:51,638 - INFO - Performing Sector-based Z-score Outlier Detection (|Z| > 3)...
2026-07-23 16:01:51,746 - INFO - Saved outlier report (9 records) to: C:\Users\Ridhi Kapoor\Desktop\Projects\Nifty100_Data_Foundation\output\outlier_report.csv
2026-07-23 16:01:51,746 - INFO - Calculating Portfolio-wide Descriptive Statistics...
2026-07-23 16:01:51,755 - INFO - Saved portfolio statistics (10 KPIs) to: C:\Users\Ridhi Kapoor\Desktop\Projects\Nifty100_Data_Foundation\output\portfolio_stats.csv
2026-07-23 16:01:51,755 - INFO - Day 37 Cluster Profiling pipeline successfully completed.
2026-07-23 16:21:22,711 - INFO - Loaded and imputed dataset for 10 KPIs across 100 companies.
2026-07-23 16:21:22,721 - INFO - Generating Cluster Statistical Profiles...
2026-07-23 16:21:22,803 - INFO - Saved cluster profiles (2 rows) to: C:\Users\Ridhi Kapoor\AppData\Local\Temp\pytest-of-Ridhi Kapoor\pytest-71\test_generate_cluster_profiles0\output\cluster_profiles.csv
2026-07-23 16:21:22,804 - INFO - Updated cluster labels saved to: C:\Users\Ridhi Kapoor\AppData\Local\Temp\pytest-of-Ridhi Kapoor\pytest-71\test_generate_cluster_profiles0\output\cluster_labels.csv
2026-07-23 16:21:22,944 - INFO - Loaded and imputed dataset for 10 KPIs across 100 companies.
2026-07-23 16:21:22,944 - INFO - Computing Pearson Correlation Matrix & Heatmap...
2026-07-23 16:21:23,873 - INFO - Saved correlation heatmap plot to: C:\Users\Ridhi Kapoor\AppData\Local\Temp\pytest-of-Ridhi Kapoor\pytest-71\test_generate_correlation_matr0\reports\correlation_heatmap.png
2026-07-23 16:21:23,968 - INFO - Loaded and imputed dataset for 10 KPIs across 100 companies.
2026-07-23 16:21:23,968 - INFO - Performing Sector-based Z-score Outlier Detection (|Z| > 3)...
2026-07-23 16:21:24,035 - INFO - Saved outlier report (9 records) to: C:\Users\Ridhi Kapoor\AppData\Local\Temp\pytest-of-Ridhi Kapoor\pytest-71\test_detect_sector_outliers0\outlier_report.csv
2026-07-23 16:21:24,120 - INFO - Loaded and imputed dataset for 10 KPIs across 100 companies.
2026-07-23 16:21:24,120 - INFO - Calculating Portfolio-wide Descriptive Statistics...
2026-07-23 16:21:24,128 - INFO - Saved portfolio statistics (10 KPIs) to: C:\Users\Ridhi Kapoor\AppData\Local\Temp\pytest-of-Ridhi Kapoor\pytest-71\test_generate_portfolio_statis0\portfolio_stats.csv
2026-07-23 16:21:24,134 - INFO - Executing Day 37 Cluster Profiling & Portfolio Statistics pipeline...
2026-07-23 16:21:24,136 - INFO - Generating Cluster Statistical Profiles...
2026-07-23 16:21:24,202 - INFO - Saved cluster profiles (5 rows) to: C:\Users\Ridhi Kapoor\Desktop\Projects\Nifty100_Data_Foundation\output\cluster_profiles.csv
2026-07-23 16:21:24,210 - INFO - Updated cluster labels saved to: C:\Users\Ridhi Kapoor\Desktop\Projects\Nifty100_Data_Foundation\output\cluster_labels.csv
2026-07-23 16:21:24,384 - INFO - Loaded and imputed dataset for 10 KPIs across 100 companies.
2026-07-23 16:21:24,384 - INFO - Computing Pearson Correlation Matrix & Heatmap...
2026-07-23 16:21:25,446 - INFO - Saved correlation heatmap plot to: C:\Users\Ridhi Kapoor\Desktop\Projects\Nifty100_Data_Foundation\reports\correlation_heatmap.png
2026-07-23 16:21:25,446 - INFO - Performing Sector-based Z-score Outlier Detection (|Z| > 3)...
2026-07-23 16:21:25,508 - INFO - Saved outlier report (9 records) to: C:\Users\Ridhi Kapoor\Desktop\Projects\Nifty100_Data_Foundation\output\outlier_report.csv
2026-07-23 16:21:25,508 - INFO - Calculating Portfolio-wide Descriptive Statistics...
2026-07-23 16:21:25,521 - INFO - Saved portfolio statistics (10 KPIs) to: C:\Users\Ridhi Kapoor\Desktop\Projects\Nifty100_Data_Foundation\output\portfolio_stats.csv
2026-07-23 16:21:25,521 - INFO - Day 37 Cluster Profiling pipeline successfully completed.
2026-07-23 23:47:29,830 - INFO - Loaded and imputed dataset for 10 KPIs across 100 companies.
2026-07-23 23:47:29,845 - INFO - Generating Cluster Statistical Profiles...
2026-07-23 23:47:29,989 - INFO - Saved cluster profiles (2 rows) to: C:\Users\Ridhi Kapoor\AppData\Local\Temp\pytest-of-Ridhi Kapoor\pytest-73\test_generate_cluster_profiles0\output\cluster_profiles.csv
2026-07-23 23:47:29,992 - INFO - Updated cluster labels saved to: C:\Users\Ridhi Kapoor\AppData\Local\Temp\pytest-of-Ridhi Kapoor\pytest-73\test_generate_cluster_profiles0\output\cluster_labels.csv
2026-07-23 23:47:30,154 - INFO - Loaded and imputed dataset for 10 KPIs across 100 companies.
2026-07-23 23:47:30,154 - INFO - Computing Pearson Correlation Matrix & Heatmap...
2026-07-23 23:47:31,957 - INFO - Saved correlation heatmap plot to: C:\Users\Ridhi Kapoor\AppData\Local\Temp\pytest-of-Ridhi Kapoor\pytest-73\test_generate_correlation_matr0\reports\correlation_heatmap.png
2026-07-23 23:47:32,231 - INFO - Loaded and imputed dataset for 10 KPIs across 100 companies.
2026-07-23 23:47:32,231 - INFO - Performing Sector-based Z-score Outlier Detection (|Z| > 3)...
2026-07-23 23:47:32,326 - INFO - Saved outlier report (9 records) to: C:\Users\Ridhi Kapoor\AppData\Local\Temp\pytest-of-Ridhi Kapoor\pytest-73\test_detect_sector_outliers0\outlier_report.csv
2026-07-23 23:47:32,469 - INFO - Loaded and imputed dataset for 10 KPIs across 100 companies.
2026-07-23 23:47:32,471 - INFO - Calculating Portfolio-wide Descriptive Statistics...
2026-07-23 23:47:32,479 - INFO - Saved portfolio statistics (10 KPIs) to: C:\Users\Ridhi Kapoor\AppData\Local\Temp\pytest-of-Ridhi Kapoor\pytest-73\test_generate_portfolio_statis0\portfolio_stats.csv
2026-07-23 23:47:32,485 - INFO - Executing Day 37 Cluster Profiling & Portfolio Statistics pipeline...
2026-07-23 23:47:32,487 - INFO - Generating Cluster Statistical Profiles...
2026-07-23 23:47:32,635 - INFO - Saved cluster profiles (5 rows) to: C:\Users\Ridhi Kapoor\Desktop\Projects\Nifty100_Data_Foundation\output\cluster_profiles.csv
2026-07-23 23:47:32,640 - INFO - Updated cluster labels saved to: C:\Users\Ridhi Kapoor\Desktop\Projects\Nifty100_Data_Foundation\output\cluster_labels.csv
2026-07-23 23:47:32,813 - INFO - Loaded and imputed dataset for 10 KPIs across 100 companies.
2026-07-23 23:47:32,814 - INFO - Computing Pearson Correlation Matrix & Heatmap...
2026-07-23 23:47:34,350 - INFO - Saved correlation heatmap plot to: C:\Users\Ridhi Kapoor\Desktop\Projects\Nifty100_Data_Foundation\reports\correlation_heatmap.png
2026-07-23 23:47:34,350 - INFO - Performing Sector-based Z-score Outlier Detection (|Z| > 3)...
2026-07-23 23:47:34,463 - INFO - Saved outlier report (9 records) to: C:\Users\Ridhi Kapoor\Desktop\Projects\Nifty100_Data_Foundation\output\outlier_report.csv
2026-07-23 23:47:34,463 - INFO - Calculating Portfolio-wide Descriptive Statistics...
2026-07-23 23:47:34,476 - INFO - Saved portfolio statistics (10 KPIs) to: C:\Users\Ridhi Kapoor\Desktop\Projects\Nifty100_Data_Foundation\output\portfolio_stats.csv
2026-07-23 23:47:34,476 - INFO - Day 37 Cluster Profiling pipeline successfully completed.
2026-07-23 23:47:50,404 - INFO - Loaded and imputed dataset for 10 KPIs across 100 companies.
2026-07-23 23:47:50,417 - INFO - Generating Cluster Statistical Profiles...
2026-07-23 23:47:50,494 - INFO - Saved cluster profiles (2 rows) to: C:\Users\Ridhi Kapoor\AppData\Local\Temp\pytest-of-Ridhi Kapoor\pytest-74\test_generate_cluster_profiles0\output\cluster_profiles.csv
2026-07-23 23:47:50,496 - INFO - Updated cluster labels saved to: C:\Users\Ridhi Kapoor\AppData\Local\Temp\pytest-of-Ridhi Kapoor\pytest-74\test_generate_cluster_profiles0\output\cluster_labels.csv
2026-07-23 23:47:50,630 - INFO - Loaded and imputed dataset for 10 KPIs across 100 companies.
2026-07-23 23:47:50,631 - INFO - Computing Pearson Correlation Matrix & Heatmap...
2026-07-23 23:47:51,742 - INFO - Saved correlation heatmap plot to: C:\Users\Ridhi Kapoor\AppData\Local\Temp\pytest-of-Ridhi Kapoor\pytest-74\test_generate_correlation_matr0\reports\correlation_heatmap.png
2026-07-23 23:47:51,862 - INFO - Loaded and imputed dataset for 10 KPIs across 100 companies.
2026-07-23 23:47:51,863 - INFO - Performing Sector-based Z-score Outlier Detection (|Z| > 3)...
2026-07-23 23:47:51,925 - INFO - Saved outlier report (9 records) to: C:\Users\Ridhi Kapoor\AppData\Local\Temp\pytest-of-Ridhi Kapoor\pytest-74\test_detect_sector_outliers0\outlier_report.csv
2026-07-23 23:47:52,033 - INFO - Loaded and imputed dataset for 10 KPIs across 100 companies.
2026-07-23 23:47:52,033 - INFO - Calculating Portfolio-wide Descriptive Statistics...
2026-07-23 23:47:52,039 - INFO - Saved portfolio statistics (10 KPIs) to: C:\Users\Ridhi Kapoor\AppData\Local\Temp\pytest-of-Ridhi Kapoor\pytest-74\test_generate_portfolio_statis0\portfolio_stats.csv
2026-07-23 23:47:52,048 - INFO - Executing Day 37 Cluster Profiling & Portfolio Statistics pipeline...
2026-07-23 23:47:52,048 - INFO - Generating Cluster Statistical Profiles...
2026-07-23 23:47:52,148 - INFO - Saved cluster profiles (5 rows) to: C:\Users\Ridhi Kapoor\Desktop\Projects\Nifty100_Data_Foundation\output\cluster_profiles.csv
2026-07-23 23:47:52,149 - INFO - Updated cluster labels saved to: C:\Users\Ridhi Kapoor\Desktop\Projects\Nifty100_Data_Foundation\output\cluster_labels.csv
2026-07-23 23:47:52,258 - INFO - Loaded and imputed dataset for 10 KPIs across 100 companies.
2026-07-23 23:47:52,260 - INFO - Computing Pearson Correlation Matrix & Heatmap...
2026-07-23 23:47:53,094 - INFO - Saved correlation heatmap plot to: C:\Users\Ridhi Kapoor\Desktop\Projects\Nifty100_Data_Foundation\reports\correlation_heatmap.png
2026-07-23 23:47:53,094 - INFO - Performing Sector-based Z-score Outlier Detection (|Z| > 3)...
2026-07-23 23:47:53,164 - INFO - Saved outlier report (9 records) to: C:\Users\Ridhi Kapoor\Desktop\Projects\Nifty100_Data_Foundation\output\outlier_report.csv
2026-07-23 23:47:53,164 - INFO - Calculating Portfolio-wide Descriptive Statistics...
2026-07-23 23:47:53,173 - INFO - Saved portfolio statistics (10 KPIs) to: C:\Users\Ridhi Kapoor\Desktop\Projects\Nifty100_Data_Foundation\output\portfolio_stats.csv
2026-07-23 23:47:53,173 - INFO - Day 37 Cluster Profiling pipeline successfully completed.
2026-07-23 23:49:39,654 - INFO - Loaded and imputed dataset for 10 KPIs across 100 companies.
2026-07-23 23:49:39,706 - INFO - Generating Cluster Statistical Profiles...
2026-07-23 23:49:39,856 - INFO - Saved cluster profiles (2 rows) to: C:\Users\Ridhi Kapoor\AppData\Local\Temp\pytest-of-Ridhi Kapoor\pytest-75\test_generate_cluster_profiles0\output\cluster_profiles.csv
2026-07-23 23:49:39,857 - INFO - Updated cluster labels saved to: C:\Users\Ridhi Kapoor\AppData\Local\Temp\pytest-of-Ridhi Kapoor\pytest-75\test_generate_cluster_profiles0\output\cluster_labels.csv
2026-07-23 23:49:39,935 - INFO - Loaded and imputed dataset for 10 KPIs across 100 companies.
2026-07-23 23:49:39,936 - INFO - Computing Pearson Correlation Matrix & Heatmap...
2026-07-23 23:49:40,677 - INFO - Saved correlation heatmap plot to: C:\Users\Ridhi Kapoor\AppData\Local\Temp\pytest-of-Ridhi Kapoor\pytest-75\test_generate_correlation_matr0\reports\correlation_heatmap.png
2026-07-23 23:49:40,767 - INFO - Loaded and imputed dataset for 10 KPIs across 100 companies.
2026-07-23 23:49:40,768 - INFO - Performing Sector-based Z-score Outlier Detection (|Z| > 3)...
2026-07-23 23:49:40,827 - INFO - Saved outlier report (9 records) to: C:\Users\Ridhi Kapoor\AppData\Local\Temp\pytest-of-Ridhi Kapoor\pytest-75\test_detect_sector_outliers0\outlier_report.csv
2026-07-23 23:49:40,926 - INFO - Loaded and imputed dataset for 10 KPIs across 100 companies.
2026-07-23 23:49:40,927 - INFO - Calculating Portfolio-wide Descriptive Statistics...
2026-07-23 23:49:40,932 - INFO - Saved portfolio statistics (10 KPIs) to: C:\Users\Ridhi Kapoor\AppData\Local\Temp\pytest-of-Ridhi Kapoor\pytest-75\test_generate_portfolio_statis0\portfolio_stats.csv
2026-07-23 23:49:40,940 - INFO - Executing Day 37 Cluster Profiling & Portfolio Statistics pipeline...
2026-07-23 23:49:40,942 - INFO - Generating Cluster Statistical Profiles...
2026-07-23 23:49:41,043 - INFO - Saved cluster profiles (5 rows) to: C:\Users\Ridhi Kapoor\Desktop\Projects\Nifty100_Data_Foundation\output\cluster_profiles.csv
2026-07-23 23:49:41,047 - INFO - Updated cluster labels saved to: C:\Users\Ridhi Kapoor\Desktop\Projects\Nifty100_Data_Foundation\output\cluster_labels.csv
2026-07-23 23:49:41,108 - INFO - Loaded and imputed dataset for 10 KPIs across 100 companies.
2026-07-23 23:49:41,108 - INFO - Computing Pearson Correlation Matrix & Heatmap...
2026-07-23 23:49:41,850 - INFO - Saved correlation heatmap plot to: C:\Users\Ridhi Kapoor\Desktop\Projects\Nifty100_Data_Foundation\reports\correlation_heatmap.png
2026-07-23 23:49:41,852 - INFO - Performing Sector-based Z-score Outlier Detection (|Z| > 3)...
2026-07-23 23:49:41,905 - INFO - Saved outlier report (9 records) to: C:\Users\Ridhi Kapoor\Desktop\Projects\Nifty100_Data_Foundation\output\outlier_report.csv
2026-07-23 23:49:41,905 - INFO - Calculating Portfolio-wide Descriptive Statistics...
2026-07-23 23:49:41,919 - INFO - Saved portfolio statistics (10 KPIs) to: C:\Users\Ridhi Kapoor\Desktop\Projects\Nifty100_Data_Foundation\output\portfolio_stats.csv
2026-07-23 23:49:41,919 - INFO - Day 37 Cluster Profiling pipeline successfully completed.
2026-07-23 23:55:57,078 - INFO - Loaded and imputed dataset for 10 KPIs across 100 companies.
2026-07-23 23:55:57,089 - INFO - Generating Cluster Statistical Profiles...
2026-07-23 23:55:57,165 - INFO - Saved cluster profiles (2 rows) to: C:\Users\Ridhi Kapoor\AppData\Local\Temp\pytest-of-Ridhi Kapoor\pytest-76\test_generate_cluster_profiles0\output\cluster_profiles.csv
2026-07-23 23:55:57,166 - INFO - Updated cluster labels saved to: C:\Users\Ridhi Kapoor\AppData\Local\Temp\pytest-of-Ridhi Kapoor\pytest-76\test_generate_cluster_profiles0\output\cluster_labels.csv
2026-07-23 23:55:57,256 - INFO - Loaded and imputed dataset for 10 KPIs across 100 companies.
2026-07-23 23:55:57,256 - INFO - Computing Pearson Correlation Matrix & Heatmap...
2026-07-23 23:55:58,015 - INFO - Saved correlation heatmap plot to: C:\Users\Ridhi Kapoor\AppData\Local\Temp\pytest-of-Ridhi Kapoor\pytest-76\test_generate_correlation_matr0\reports\correlation_heatmap.png
2026-07-23 23:55:58,159 - INFO - Loaded and imputed dataset for 10 KPIs across 100 companies.
2026-07-23 23:55:58,161 - INFO - Performing Sector-based Z-score Outlier Detection (|Z| > 3)...
2026-07-23 23:55:58,225 - INFO - Saved outlier report (9 records) to: C:\Users\Ridhi Kapoor\AppData\Local\Temp\pytest-of-Ridhi Kapoor\pytest-76\test_detect_sector_outliers0\outlier_report.csv
2026-07-23 23:55:58,353 - INFO - Loaded and imputed dataset for 10 KPIs across 100 companies.
2026-07-23 23:55:58,353 - INFO - Calculating Portfolio-wide Descriptive Statistics...
2026-07-23 23:55:58,362 - INFO - Saved portfolio statistics (10 KPIs) to: C:\Users\Ridhi Kapoor\AppData\Local\Temp\pytest-of-Ridhi Kapoor\pytest-76\test_generate_portfolio_statis0\portfolio_stats.csv
2026-07-23 23:55:58,368 - INFO - Executing Day 37 Cluster Profiling & Portfolio Statistics pipeline...
2026-07-23 23:55:58,369 - INFO - Generating Cluster Statistical Profiles...
2026-07-23 23:55:58,472 - INFO - Saved cluster profiles (5 rows) to: C:\Users\Ridhi Kapoor\Desktop\Projects\Nifty100_Data_Foundation\output\cluster_profiles.csv
2026-07-23 23:55:58,472 - INFO - Updated cluster labels saved to: C:\Users\Ridhi Kapoor\Desktop\Projects\Nifty100_Data_Foundation\output\cluster_labels.csv
2026-07-23 23:55:58,572 - INFO - Loaded and imputed dataset for 10 KPIs across 100 companies.
2026-07-23 23:55:58,572 - INFO - Computing Pearson Correlation Matrix & Heatmap...
2026-07-23 23:55:59,376 - INFO - Saved correlation heatmap plot to: C:\Users\Ridhi Kapoor\Desktop\Projects\Nifty100_Data_Foundation\reports\correlation_heatmap.png
2026-07-23 23:55:59,376 - INFO - Performing Sector-based Z-score Outlier Detection (|Z| > 3)...
2026-07-23 23:55:59,438 - INFO - Saved outlier report (9 records) to: C:\Users\Ridhi Kapoor\Desktop\Projects\Nifty100_Data_Foundation\output\outlier_report.csv
2026-07-23 23:55:59,438 - INFO - Calculating Portfolio-wide Descriptive Statistics...
2026-07-23 23:55:59,447 - INFO - Saved portfolio statistics (10 KPIs) to: C:\Users\Ridhi Kapoor\Desktop\Projects\Nifty100_Data_Foundation\output\portfolio_stats.csv
2026-07-23 23:55:59,447 - INFO - Day 37 Cluster Profiling pipeline successfully completed.
2026-07-24 00:03:39,873 - INFO - Loaded and imputed dataset for 10 KPIs across 100 companies.
2026-07-24 00:03:39,903 - INFO - Generating Cluster Statistical Profiles...
2026-07-24 00:03:40,030 - INFO - Saved cluster profiles (2 rows) to: C:\Users\Ridhi Kapoor\AppData\Local\Temp\pytest-of-Ridhi Kapoor\pytest-77\test_generate_cluster_profiles0\output\cluster_profiles.csv
2026-07-24 00:03:40,031 - INFO - Updated cluster labels saved to: C:\Users\Ridhi Kapoor\AppData\Local\Temp\pytest-of-Ridhi Kapoor\pytest-77\test_generate_cluster_profiles0\output\cluster_labels.csv
2026-07-24 00:03:40,150 - INFO - Loaded and imputed dataset for 10 KPIs across 100 companies.
2026-07-24 00:03:40,151 - INFO - Computing Pearson Correlation Matrix & Heatmap...
2026-07-24 00:03:41,243 - INFO - Saved correlation heatmap plot to: C:\Users\Ridhi Kapoor\AppData\Local\Temp\pytest-of-Ridhi Kapoor\pytest-77\test_generate_correlation_matr0\reports\correlation_heatmap.png
2026-07-24 00:03:41,463 - INFO - Loaded and imputed dataset for 10 KPIs across 100 companies.
2026-07-24 00:03:41,464 - INFO - Performing Sector-based Z-score Outlier Detection (|Z| > 3)...
2026-07-24 00:03:41,568 - INFO - Saved outlier report (9 records) to: C:\Users\Ridhi Kapoor\AppData\Local\Temp\pytest-of-Ridhi Kapoor\pytest-77\test_detect_sector_outliers0\outlier_report.csv
2026-07-24 00:03:41,748 - INFO - Loaded and imputed dataset for 10 KPIs across 100 companies.
2026-07-24 00:03:41,748 - INFO - Calculating Portfolio-wide Descriptive Statistics...
2026-07-24 00:03:41,776 - INFO - Saved portfolio statistics (10 KPIs) to: C:\Users\Ridhi Kapoor\AppData\Local\Temp\pytest-of-Ridhi Kapoor\pytest-77\test_generate_portfolio_statis0\portfolio_stats.csv
2026-07-24 00:03:41,793 - INFO - Executing Day 37 Cluster Profiling & Portfolio Statistics pipeline...
2026-07-24 00:03:41,794 - INFO - Generating Cluster Statistical Profiles...
2026-07-24 00:03:41,943 - INFO - Saved cluster profiles (5 rows) to: C:\Users\Ridhi Kapoor\Desktop\Projects\Nifty100_Data_Foundation\output\cluster_profiles.csv
2026-07-24 00:03:41,948 - INFO - Updated cluster labels saved to: C:\Users\Ridhi Kapoor\Desktop\Projects\Nifty100_Data_Foundation\output\cluster_labels.csv
2026-07-24 00:03:42,135 - INFO - Loaded and imputed dataset for 10 KPIs across 100 companies.
2026-07-24 00:03:42,135 - INFO - Computing Pearson Correlation Matrix & Heatmap...
2026-07-24 00:03:43,139 - INFO - Saved correlation heatmap plot to: C:\Users\Ridhi Kapoor\Desktop\Projects\Nifty100_Data_Foundation\reports\correlation_heatmap.png
2026-07-24 00:03:43,139 - INFO - Performing Sector-based Z-score Outlier Detection (|Z| > 3)...
2026-07-24 00:03:43,231 - INFO - Saved outlier report (9 records) to: C:\Users\Ridhi Kapoor\Desktop\Projects\Nifty100_Data_Foundation\output\outlier_report.csv
2026-07-24 00:03:43,231 - INFO - Calculating Portfolio-wide Descriptive Statistics...
2026-07-24 00:03:43,242 - INFO - Saved portfolio statistics (10 KPIs) to: C:\Users\Ridhi Kapoor\Desktop\Projects\Nifty100_Data_Foundation\output\portfolio_stats.csv
2026-07-24 00:03:43,243 - INFO - Day 37 Cluster Profiling pipeline successfully completed.
