2026-07-14 14:19:19,099 - INFO - Debt-to-Equity denominator <= 0: 0.0 (equity=0.0, reserves=0.0). Returning None.
2026-07-14 14:19:19,100 - INFO - Debt-to-Equity denominator <= 0: -30.0 (equity=-50.0, reserves=20.0). Returning None.
2026-07-14 14:19:19,101 - WARNING - High Leverage Flag triggered: Debt-to-Equity=5.10, Sector=Technology
2026-07-14 14:19:19,103 - INFO - Asset Turnover calculation: total_assets is 0. Returning None.
2026-07-14 14:19:46,134 - INFO - Asset Turnover calculation: total_assets is 0. Returning None.
2026-07-14 14:19:46,134 - WARNING - High Leverage Flag triggered: Debt-to-Equity=8.96, Sector=Energy
2026-07-14 14:19:46,150 - WARNING - ICR Warning triggered: ICR=1.42
2026-07-14 14:19:46,152 - WARNING - ICR Warning triggered: ICR=1.45
2026-07-14 14:19:46,152 - WARNING - High Leverage Flag triggered: Debt-to-Equity=7.36, Sector=Energy
2026-07-14 14:19:46,152 - WARNING - High Leverage Flag triggered: Debt-to-Equity=5.76, Sector=Energy
2026-07-14 14:19:46,153 - WARNING - ICR Warning triggered: ICR=1.43
2026-07-14 14:19:46,153 - WARNING - High Leverage Flag triggered: Debt-to-Equity=6.31, Sector=Energy
2026-07-14 14:19:46,153 - WARNING - ICR Warning triggered: ICR=1.35
2026-07-14 14:19:46,153 - WARNING - High Leverage Flag triggered: Debt-to-Equity=11.00, Sector=Energy
2026-07-14 14:19:46,153 - WARNING - ICR Warning triggered: ICR=1.35
2026-07-14 14:19:46,153 - WARNING - High Leverage Flag triggered: Debt-to-Equity=20.21, Sector=Energy
2026-07-14 14:19:46,153 - WARNING - High Leverage Flag triggered: Debt-to-Equity=7.42, Sector=Energy
2026-07-14 14:19:46,153 - WARNING - High Leverage Flag triggered: Debt-to-Equity=6.60, Sector=Energy
2026-07-14 14:19:46,154 - WARNING - High Leverage Flag triggered: Debt-to-Equity=9.74, Sector=Energy
2026-07-14 14:19:46,154 - WARNING - ICR Warning triggered: ICR=0.69
2026-07-14 14:19:46,154 - WARNING - High Leverage Flag triggered: Debt-to-Equity=6.75, Sector=Energy
2026-07-14 14:19:46,154 - WARNING - ICR Warning triggered: ICR=1.14
2026-07-14 14:19:46,154 - WARNING - High Leverage Flag triggered: Debt-to-Equity=7.82, Sector=Energy
2026-07-14 14:19:46,154 - WARNING - ICR Warning triggered: ICR=1.21
2026-07-14 14:19:46,156 - WARNING - High Leverage Flag triggered: Debt-to-Equity=7.06, Sector=Energy
2026-07-14 14:19:46,156 - WARNING - High Leverage Flag triggered: Debt-to-Equity=17.49, Sector=Energy
2026-07-14 14:19:46,156 - WARNING - ICR Warning triggered: ICR=0.39
2026-07-14 14:19:46,156 - WARNING - High Leverage Flag triggered: Debt-to-Equity=59.43, Sector=Energy
2026-07-14 14:19:46,156 - WARNING - ICR Warning triggered: ICR=1.11
2026-07-14 14:19:46,156 - WARNING - High Leverage Flag triggered: Debt-to-Equity=6.09, Sector=Energy
2026-07-14 14:19:46,156 - WARNING - ICR Warning triggered: ICR=1.31
2026-07-14 14:19:46,156 - WARNING - High Leverage Flag triggered: Debt-to-Equity=8.52, Sector=Energy
2026-07-14 14:19:46,156 - WARNING - ICR Warning triggered: ICR=1.14
2026-07-14 14:19:46,158 - WARNING - ICR Warning triggered: ICR=1.27
2026-07-14 14:19:46,158 - WARNING - ICR Warning triggered: ICR=1.30
2026-07-14 14:19:46,158 - WARNING - ICR Warning triggered: ICR=1.33
2026-07-14 14:19:46,158 - WARNING - ICR Warning triggered: ICR=1.43
2026-07-14 14:19:46,160 - WARNING - ICR Warning triggered: ICR=-700.65
2026-07-14 14:19:46,160 - WARNING - ICR Warning triggered: ICR=-2546.40
2026-07-14 14:19:46,165 - WARNING - ICR Warning triggered: ICR=-0.08
2026-07-14 14:19:46,169 - WARNING - ICR Warning triggered: ICR=0.38
2026-07-14 14:19:46,169 - WARNING - ICR Warning triggered: ICR=0.75
2026-07-14 14:19:46,169 - WARNING - ICR Warning triggered: ICR=-5.69
2026-07-14 14:19:46,175 - WARNING - ICR Warning triggered: ICR=1.47
2026-07-14 14:19:46,175 - WARNING - ICR Warning triggered: ICR=1.42
2026-07-14 14:19:46,182 - WARNING - ICR Warning triggered: ICR=1.40
2026-07-14 14:19:46,186 - WARNING - ICR Warning triggered: ICR=-114.72
2026-07-14 14:19:46,186 - WARNING - ICR Warning triggered: ICR=-115.97
2026-07-14 14:19:46,187 - WARNING - ICR Warning triggered: ICR=1.08
2026-07-14 14:19:46,188 - WARNING - ICR Warning triggered: ICR=1.09
2026-07-14 14:19:46,188 - WARNING - ICR Warning triggered: ICR=1.10
2026-07-14 14:19:46,188 - WARNING - ICR Warning triggered: ICR=1.24
2026-07-14 14:19:46,188 - WARNING - ICR Warning triggered: ICR=1.22
2026-07-14 14:19:46,188 - WARNING - ICR Warning triggered: ICR=1.28
2026-07-14 14:19:46,188 - WARNING - ICR Warning triggered: ICR=1.41
2026-07-14 14:19:46,188 - WARNING - ICR Warning triggered: ICR=1.31
2026-07-14 14:19:46,188 - WARNING - ICR Warning triggered: ICR=1.26
2026-07-14 14:19:46,188 - WARNING - ICR Warning triggered: ICR=1.30
2026-07-14 14:19:46,188 - WARNING - ICR Warning triggered: ICR=1.35
2026-07-14 14:19:46,188 - WARNING - ICR Warning triggered: ICR=1.30
2026-07-14 14:19:46,188 - WARNING - ICR Warning triggered: ICR=-3306.50
2026-07-14 14:19:46,188 - WARNING - ICR Warning triggered: ICR=-4754.50
2026-07-14 14:19:46,191 - WARNING - ICR Warning triggered: ICR=1.43
2026-07-14 14:19:46,191 - WARNING - ICR Warning triggered: ICR=1.35
2026-07-14 14:19:46,191 - WARNING - ICR Warning triggered: ICR=1.23
2026-07-14 14:19:46,192 - WARNING - ICR Warning triggered: ICR=1.27
2026-07-14 14:19:46,192 - WARNING - ICR Warning triggered: ICR=1.36
2026-07-14 14:19:46,192 - WARNING - ICR Warning triggered: ICR=1.38
2026-07-14 14:19:46,194 - WARNING - ICR Warning triggered: ICR=1.36
2026-07-14 14:19:46,194 - WARNING - ICR Warning triggered: ICR=1.34
2026-07-14 14:19:46,194 - WARNING - ICR Warning triggered: ICR=1.38
2026-07-14 14:19:46,194 - WARNING - ICR Warning triggered: ICR=1.35
2026-07-14 14:19:46,194 - WARNING - ICR Warning triggered: ICR=1.31
2026-07-14 14:19:46,194 - WARNING - ICR Warning triggered: ICR=1.39
2026-07-14 14:19:46,194 - WARNING - ICR Warning triggered: ICR=1.35
2026-07-14 14:19:46,195 - WARNING - ICR Warning triggered: ICR=1.31
2026-07-14 14:19:46,195 - WARNING - ICR Warning triggered: ICR=1.39
2026-07-14 14:19:46,195 - WARNING - ICR Warning triggered: ICR=1.43
2026-07-14 14:19:46,195 - WARNING - ICR Warning triggered: ICR=1.35
2026-07-14 14:19:46,195 - WARNING - ICR Warning triggered: ICR=1.32
2026-07-14 14:19:46,195 - WARNING - ICR Warning triggered: ICR=1.41
2026-07-14 14:19:46,196 - WARNING - ICR Warning triggered: ICR=1.03
2026-07-14 14:19:46,196 - WARNING - ICR Warning triggered: ICR=1.26
2026-07-14 14:19:46,197 - WARNING - ICR Warning triggered: ICR=1.24
2026-07-14 14:19:46,198 - WARNING - ICR Warning triggered: ICR=1.29
2026-07-14 14:19:46,198 - WARNING - ICR Warning triggered: ICR=1.33
2026-07-14 14:19:46,198 - WARNING - ICR Warning triggered: ICR=1.19
2026-07-14 14:19:46,198 - WARNING - ICR Warning triggered: ICR=1.27
2026-07-14 14:19:46,198 - WARNING - ICR Warning triggered: ICR=1.23
2026-07-14 14:19:46,199 - WARNING - ICR Warning triggered: ICR=1.22
2026-07-14 14:19:46,199 - WARNING - ICR Warning triggered: ICR=1.34
2026-07-14 14:19:46,199 - WARNING - ICR Warning triggered: ICR=1.26
2026-07-14 14:19:46,199 - WARNING - ICR Warning triggered: ICR=1.23
2026-07-14 14:19:46,199 - WARNING - ICR Warning triggered: ICR=1.29
2026-07-14 14:19:46,199 - WARNING - ICR Warning triggered: ICR=1.24
2026-07-14 14:19:46,199 - WARNING - High Leverage Flag triggered: Debt-to-Equity=7.52, Sector=Real Estate
2026-07-14 14:19:46,201 - WARNING - High Leverage Flag triggered: Debt-to-Equity=6.68, Sector=Real Estate
2026-07-14 14:19:46,201 - WARNING - ICR Warning triggered: ICR=1.09
2026-07-14 14:19:46,208 - WARNING - ICR Warning triggered: ICR=-4.57
2026-07-14 14:19:46,212 - WARNING - ICR Warning triggered: ICR=0.55
2026-07-14 14:19:46,212 - WARNING - ICR Warning triggered: ICR=0.58
2026-07-14 14:19:46,212 - WARNING - ICR Warning triggered: ICR=0.55
2026-07-14 14:19:46,212 - WARNING - ICR Warning triggered: ICR=0.55
2026-07-14 14:19:46,212 - WARNING - ICR Warning triggered: ICR=0.32
2026-07-14 14:19:46,212 - WARNING - ICR Warning triggered: ICR=0.39
2026-07-14 14:19:46,212 - WARNING - ICR Warning triggered: ICR=0.52
2026-07-14 14:19:46,212 - WARNING - ICR Warning triggered: ICR=0.35
2026-07-14 14:19:46,212 - WARNING - ICR Warning triggered: ICR=0.45
2026-07-14 14:19:46,212 - WARNING - ICR Warning triggered: ICR=0.52
2026-07-14 14:19:46,212 - WARNING - ICR Warning triggered: ICR=0.56
2026-07-14 14:19:46,212 - WARNING - ICR Warning triggered: ICR=0.58
2026-07-14 14:19:46,216 - WARNING - ICR Warning triggered: ICR=1.45
2026-07-14 14:19:46,217 - WARNING - ICR Warning triggered: ICR=1.37
2026-07-14 14:19:46,221 - WARNING - ICR Warning triggered: ICR=0.71
2026-07-14 14:19:46,221 - WARNING - ICR Warning triggered: ICR=0.47
2026-07-14 14:19:46,221 - WARNING - ICR Warning triggered: ICR=0.36
2026-07-14 14:19:46,221 - WARNING - ICR Warning triggered: ICR=0.36
2026-07-14 14:19:46,221 - WARNING - ICR Warning triggered: ICR=0.38
2026-07-14 14:19:46,222 - WARNING - ICR Warning triggered: ICR=0.61
2026-07-14 14:19:46,222 - WARNING - ICR Warning triggered: ICR=0.51
2026-07-14 14:19:46,222 - WARNING - ICR Warning triggered: ICR=0.43
2026-07-14 14:19:46,222 - WARNING - ICR Warning triggered: ICR=0.38
2026-07-14 14:19:46,222 - WARNING - ICR Warning triggered: ICR=0.38
2026-07-14 14:19:46,222 - WARNING - ICR Warning triggered: ICR=0.68
2026-07-14 14:19:46,223 - WARNING - ICR Warning triggered: ICR=0.68
2026-07-14 14:19:46,225 - WARNING - ICR Warning triggered: ICR=-0.35
2026-07-14 14:19:46,226 - WARNING - ICR Warning triggered: ICR=1.36
2026-07-14 14:19:46,231 - WARNING - ICR Warning triggered: ICR=1.20
2026-07-14 14:19:46,234 - WARNING - High Leverage Flag triggered: Debt-to-Equity=16.61, Sector=nan
2026-07-14 14:19:46,235 - WARNING - ICR Warning triggered: ICR=0.18
2026-07-14 14:19:46,235 - WARNING - High Leverage Flag triggered: Debt-to-Equity=17.55, Sector=nan
2026-07-14 14:19:46,237 - WARNING - ICR Warning triggered: ICR=0.10
2026-07-14 14:19:46,237 - WARNING - High Leverage Flag triggered: Debt-to-Equity=17.72, Sector=nan
2026-07-14 14:19:46,238 - WARNING - ICR Warning triggered: ICR=0.13
2026-07-14 14:19:46,238 - WARNING - High Leverage Flag triggered: Debt-to-Equity=16.26, Sector=nan
2026-07-14 14:19:46,238 - WARNING - ICR Warning triggered: ICR=0.08
2026-07-14 14:19:46,238 - WARNING - High Leverage Flag triggered: Debt-to-Equity=17.37, Sector=nan
2026-07-14 14:19:46,239 - WARNING - ICR Warning triggered: ICR=0.03
2026-07-14 14:19:46,239 - WARNING - High Leverage Flag triggered: Debt-to-Equity=18.06, Sector=nan
2026-07-14 14:19:46,239 - WARNING - ICR Warning triggered: ICR=-0.27
2026-07-14 14:19:46,239 - WARNING - High Leverage Flag triggered: Debt-to-Equity=17.17, Sector=nan
2026-07-14 14:19:46,239 - WARNING - ICR Warning triggered: ICR=-0.15
2026-07-14 14:19:46,240 - WARNING - High Leverage Flag triggered: Debt-to-Equity=14.86, Sector=nan
2026-07-14 14:19:46,240 - WARNING - ICR Warning triggered: ICR=-0.14
2026-07-14 14:19:46,240 - WARNING - High Leverage Flag triggered: Debt-to-Equity=15.10, Sector=nan
2026-07-14 14:19:46,240 - WARNING - ICR Warning triggered: ICR=0.07
2026-07-14 14:19:46,240 - WARNING - High Leverage Flag triggered: Debt-to-Equity=15.32, Sector=nan
2026-07-14 14:19:46,240 - WARNING - ICR Warning triggered: ICR=0.23
2026-07-14 14:19:46,240 - WARNING - High Leverage Flag triggered: Debt-to-Equity=14.76, Sector=nan
2026-07-14 14:19:46,240 - WARNING - ICR Warning triggered: ICR=0.27
2026-07-14 14:19:46,240 - WARNING - High Leverage Flag triggered: Debt-to-Equity=12.82, Sector=nan
2026-07-14 14:19:46,240 - WARNING - ICR Warning triggered: ICR=0.35
2026-07-14 14:19:46,240 - WARNING - ICR Warning triggered: ICR=1.26
2026-07-14 14:19:46,240 - WARNING - ICR Warning triggered: ICR=-2.03
2026-07-14 14:19:46,240 - WARNING - High Leverage Flag triggered: Debt-to-Equity=7.57, Sector=nan
2026-07-14 14:19:46,240 - WARNING - ICR Warning triggered: ICR=-1.06
2026-07-14 14:19:46,242 - WARNING - ICR Warning triggered: ICR=1.05
2026-07-14 14:19:46,242 - WARNING - ICR Warning triggered: ICR=0.51
2026-07-14 14:19:46,242 - WARNING - ICR Warning triggered: ICR=-2.46
2026-07-14 14:19:46,242 - WARNING - ICR Warning triggered: ICR=1.17
2026-07-14 14:19:46,244 - WARNING - ICR Warning triggered: ICR=-11.83
2026-07-14 14:19:46,244 - WARNING - ICR Warning triggered: ICR=-106.44
2026-07-14 14:19:46,244 - WARNING - ICR Warning triggered: ICR=-176.08
2026-07-14 14:19:46,244 - WARNING - ICR Warning triggered: ICR=-66.70
2026-07-14 14:19:46,245 - WARNING - ICR Warning triggered: ICR=-88.17
2026-07-14 14:19:46,245 - WARNING - ICR Warning triggered: ICR=-10.80
2026-07-14 14:20:06,655 - INFO - Debt-to-Equity denominator <= 0: 0.0 (equity=0.0, reserves=0.0). Returning None.
2026-07-14 14:20:06,655 - INFO - Debt-to-Equity denominator <= 0: -30.0 (equity=-50.0, reserves=20.0). Returning None.
2026-07-14 14:20:06,657 - WARNING - High Leverage Flag triggered: Debt-to-Equity=5.10, Sector=Technology
2026-07-14 14:20:06,662 - INFO - Asset Turnover calculation: total_assets is 0. Returning None.
2026-07-14 14:46:15,417 - INFO - Debt-to-Equity denominator <= 0: 0.0 (equity=0.0, reserves=0.0). Returning None.
2026-07-14 14:46:15,423 - INFO - Debt-to-Equity denominator <= 0: -30.0 (equity=-50.0, reserves=20.0). Returning None.
2026-07-14 14:46:15,424 - WARNING - High Leverage Flag triggered: Debt-to-Equity=5.10, Sector=Technology
2026-07-14 14:46:15,430 - INFO - Asset Turnover calculation: total_assets is 0. Returning None.
2026-07-14 14:51:33,275 - INFO - Debt-to-Equity denominator <= 0: 0.0 (equity=0.0, reserves=0.0). Returning None.
2026-07-14 14:51:33,275 - INFO - Debt-to-Equity denominator <= 0: -30.0 (equity=-50.0, reserves=20.0). Returning None.
2026-07-14 14:51:33,277 - WARNING - High Leverage Flag triggered: Debt-to-Equity=5.10, Sector=Technology
2026-07-14 14:51:33,280 - INFO - Asset Turnover calculation: total_assets is 0. Returning None.
2026-07-14 14:53:31,657 - INFO - Debt-to-Equity denominator <= 0: 0.0 (equity=0.0, reserves=0.0). Returning None.
2026-07-14 14:53:31,657 - INFO - Debt-to-Equity denominator <= 0: -30.0 (equity=-50.0, reserves=20.0). Returning None.
2026-07-14 14:53:31,657 - WARNING - High Leverage Flag triggered: Debt-to-Equity=5.10, Sector=Technology
2026-07-14 14:53:31,661 - INFO - Asset Turnover calculation: total_assets is 0. Returning None.
2026-07-14 14:54:39,011 - INFO - Debt-to-Equity denominator <= 0: 0.0 (equity=0.0, reserves=0.0). Returning None.
2026-07-14 14:54:39,013 - INFO - Debt-to-Equity denominator <= 0: -30.0 (equity=-50.0, reserves=20.0). Returning None.
2026-07-14 14:54:39,014 - WARNING - High Leverage Flag triggered: Debt-to-Equity=5.10, Sector=Technology
2026-07-14 14:54:39,021 - INFO - Asset Turnover calculation: total_assets is 0. Returning None.
2026-07-14 15:02:07,188 - INFO - Asset Turnover calculation: total_assets is 0. Returning None.
2026-07-14 15:03:08,378 - INFO - Debt-to-Equity denominator <= 0: 0.0 (equity=0.0, reserves=0.0). Returning None.
2026-07-14 15:03:08,378 - INFO - Debt-to-Equity denominator <= 0: -30.0 (equity=-50.0, reserves=20.0). Returning None.
2026-07-14 15:03:08,378 - WARNING - High Leverage Flag triggered: Debt-to-Equity=5.10, Sector=Technology
2026-07-14 15:03:08,381 - INFO - Asset Turnover calculation: total_assets is 0. Returning None.
2026-07-14 18:19:48,942 - INFO - Asset Turnover calculation: total_assets is 0. Returning None.
2026-07-14 18:20:01,062 - INFO - Debt-to-Equity denominator <= 0: 0.0 (equity=0.0, reserves=0.0). Returning None.
2026-07-14 18:20:01,062 - INFO - Debt-to-Equity denominator <= 0: -30.0 (equity=-50.0, reserves=20.0). Returning None.
2026-07-14 18:20:01,062 - WARNING - High Leverage Flag triggered: Debt-to-Equity=5.10, Sector=Technology
2026-07-14 18:20:01,066 - INFO - Asset Turnover calculation: total_assets is 0. Returning None.
2026-07-14 18:20:01,066 - WARNING - High Leverage Flag triggered: Debt-to-Equity=6.00, Sector=Technology
2026-07-14 18:29:17,093 - WARNING - High Leverage Flag triggered: Debt-to-Equity=5.50, Sector=Technology
2026-07-14 18:29:17,097 - INFO - Asset Turnover calculation: total_assets is 0. Returning None.
2026-07-14 18:29:31,430 - INFO - Debt-to-Equity denominator <= 0: 0.0 (equity=0.0, reserves=0.0). Returning None.
2026-07-14 18:29:31,430 - INFO - Debt-to-Equity denominator <= 0: -30.0 (equity=-50.0, reserves=20.0). Returning None.
2026-07-14 18:29:31,432 - WARNING - High Leverage Flag triggered: Debt-to-Equity=5.10, Sector=Technology
2026-07-14 18:29:31,435 - INFO - Asset Turnover calculation: total_assets is 0. Returning None.
2026-07-14 18:29:31,436 - WARNING - High Leverage Flag triggered: Debt-to-Equity=6.00, Sector=Technology
2026-07-14 18:29:32,541 - WARNING - High Leverage Flag triggered: Debt-to-Equity=5.50, Sector=Technology
2026-07-14 18:29:32,545 - INFO - Asset Turnover calculation: total_assets is 0. Returning None.
2026-07-19 02:01:27,874 - INFO - Debt-to-Equity denominator <= 0: 0.0 (equity=0.0, reserves=0.0). Returning None.
2026-07-19 02:01:27,874 - INFO - Debt-to-Equity denominator <= 0: -30.0 (equity=-50.0, reserves=20.0). Returning None.
2026-07-19 02:01:27,875 - WARNING - High Leverage Flag triggered: Debt-to-Equity=5.10, Sector=Technology
2026-07-19 02:01:27,881 - INFO - Asset Turnover calculation: total_assets is 0. Returning None.
2026-07-19 02:01:27,884 - WARNING - High Leverage Flag triggered: Debt-to-Equity=6.00, Sector=Technology
2026-07-19 02:01:29,365 - WARNING - High Leverage Flag triggered: Debt-to-Equity=5.50, Sector=Technology
2026-07-19 02:01:29,373 - INFO - Asset Turnover calculation: total_assets is 0. Returning None.
2026-07-19 02:02:52,126 - INFO - Debt-to-Equity denominator <= 0: 0.0 (equity=0.0, reserves=0.0). Returning None.
2026-07-19 02:02:52,127 - INFO - Debt-to-Equity denominator <= 0: -30.0 (equity=-50.0, reserves=20.0). Returning None.
2026-07-19 02:02:52,129 - WARNING - High Leverage Flag triggered: Debt-to-Equity=5.10, Sector=Technology
2026-07-19 02:02:52,134 - INFO - Asset Turnover calculation: total_assets is 0. Returning None.
2026-07-19 02:02:52,140 - WARNING - High Leverage Flag triggered: Debt-to-Equity=6.00, Sector=Technology
2026-07-19 02:02:53,739 - WARNING - High Leverage Flag triggered: Debt-to-Equity=5.50, Sector=Technology
2026-07-19 02:02:53,750 - INFO - Asset Turnover calculation: total_assets is 0. Returning None.
2026-07-19 02:03:39,036 - INFO - Debt-to-Equity denominator <= 0: 0.0 (equity=0.0, reserves=0.0). Returning None.
2026-07-19 02:03:39,036 - INFO - Debt-to-Equity denominator <= 0: -30.0 (equity=-50.0, reserves=20.0). Returning None.
2026-07-19 02:03:39,037 - WARNING - High Leverage Flag triggered: Debt-to-Equity=5.10, Sector=Technology
2026-07-19 02:03:39,045 - INFO - Asset Turnover calculation: total_assets is 0. Returning None.
2026-07-19 02:03:39,047 - WARNING - High Leverage Flag triggered: Debt-to-Equity=6.00, Sector=Technology
2026-07-19 02:03:40,238 - WARNING - High Leverage Flag triggered: Debt-to-Equity=5.50, Sector=Technology
2026-07-19 02:03:40,242 - INFO - Asset Turnover calculation: total_assets is 0. Returning None.
2026-07-19 13:01:03,273 - INFO - Debt-to-Equity denominator <= 0: 0.0 (equity=0.0, reserves=0.0). Returning None.
2026-07-19 13:01:03,274 - INFO - Debt-to-Equity denominator <= 0: -30.0 (equity=-50.0, reserves=20.0). Returning None.
2026-07-19 13:01:03,275 - WARNING - High Leverage Flag triggered: Debt-to-Equity=5.10, Sector=Technology
2026-07-19 13:01:03,279 - INFO - Asset Turnover calculation: total_assets is 0. Returning None.
2026-07-19 13:01:03,279 - WARNING - High Leverage Flag triggered: Debt-to-Equity=6.00, Sector=Technology
2026-07-19 13:01:04,553 - WARNING - High Leverage Flag triggered: Debt-to-Equity=5.50, Sector=Technology
2026-07-19 13:01:04,557 - INFO - Asset Turnover calculation: total_assets is 0. Returning None.
2026-07-19 13:12:05,753 - INFO - Debt-to-Equity denominator <= 0: 0.0 (equity=0.0, reserves=0.0). Returning None.
2026-07-19 13:12:05,753 - INFO - Debt-to-Equity denominator <= 0: -30.0 (equity=-50.0, reserves=20.0). Returning None.
2026-07-19 13:12:05,756 - WARNING - High Leverage Flag triggered: Debt-to-Equity=5.10, Sector=Technology
2026-07-19 13:12:05,758 - INFO - Asset Turnover calculation: total_assets is 0. Returning None.
2026-07-19 13:12:05,758 - WARNING - High Leverage Flag triggered: Debt-to-Equity=6.00, Sector=Technology
2026-07-19 13:12:06,964 - WARNING - High Leverage Flag triggered: Debt-to-Equity=5.50, Sector=Technology
2026-07-19 13:12:06,968 - INFO - Asset Turnover calculation: total_assets is 0. Returning None.
2026-07-19 13:12:52,794 - INFO - Debt-to-Equity denominator <= 0: 0.0 (equity=0.0, reserves=0.0). Returning None.
2026-07-19 13:12:52,794 - INFO - Debt-to-Equity denominator <= 0: -30.0 (equity=-50.0, reserves=20.0). Returning None.
2026-07-19 13:12:52,794 - WARNING - High Leverage Flag triggered: Debt-to-Equity=5.10, Sector=Technology
2026-07-19 13:12:52,798 - INFO - Asset Turnover calculation: total_assets is 0. Returning None.
2026-07-19 13:12:52,800 - WARNING - High Leverage Flag triggered: Debt-to-Equity=6.00, Sector=Technology
2026-07-19 13:12:53,995 - WARNING - High Leverage Flag triggered: Debt-to-Equity=5.50, Sector=Technology
2026-07-19 13:12:53,999 - INFO - Asset Turnover calculation: total_assets is 0. Returning None.
2026-07-21 15:08:38,902 - INFO - Debt-to-Equity denominator <= 0: 0.0 (equity=0.0, reserves=0.0). Returning None.
2026-07-21 15:08:38,902 - INFO - Debt-to-Equity denominator <= 0: -30.0 (equity=-50.0, reserves=20.0). Returning None.
2026-07-21 15:08:38,905 - WARNING - High Leverage Flag triggered: Debt-to-Equity=5.10, Sector=Technology
2026-07-21 15:08:38,913 - INFO - Asset Turnover calculation: total_assets is 0. Returning None.
2026-07-21 15:08:41,266 - WARNING - High Leverage Flag triggered: Debt-to-Equity=6.00, Sector=Technology
2026-07-21 15:08:47,800 - INFO - Debt-to-Equity denominator <= 0: 0.0 (equity=0.0, reserves=0.0). Returning None.
2026-07-21 15:08:47,800 - INFO - Debt-to-Equity denominator <= 0: -30.0 (equity=-50.0, reserves=20.0). Returning None.
2026-07-21 15:08:47,801 - WARNING - High Leverage Flag triggered: Debt-to-Equity=5.10, Sector=Technology
2026-07-21 15:08:47,808 - INFO - Asset Turnover calculation: total_assets is 0. Returning None.
2026-07-21 15:08:50,250 - WARNING - High Leverage Flag triggered: Debt-to-Equity=6.00, Sector=Technology
2026-07-21 15:08:52,078 - WARNING - High Leverage Flag triggered: Debt-to-Equity=5.50, Sector=Technology
2026-07-21 15:08:52,090 - INFO - Asset Turnover calculation: total_assets is 0. Returning None.
2026-07-21 15:16:49,346 - INFO - Debt-to-Equity denominator <= 0: 0.0 (equity=0.0, reserves=0.0). Returning None.
2026-07-21 15:16:49,347 - INFO - Debt-to-Equity denominator <= 0: -30.0 (equity=-50.0, reserves=20.0). Returning None.
2026-07-21 15:16:49,348 - WARNING - High Leverage Flag triggered: Debt-to-Equity=5.10, Sector=Technology
2026-07-21 15:16:49,353 - INFO - Asset Turnover calculation: total_assets is 0. Returning None.
2026-07-21 15:17:43,147 - WARNING - High Leverage Flag triggered: Debt-to-Equity=6.00, Sector=Technology
2026-07-21 15:17:44,846 - WARNING - High Leverage Flag triggered: Debt-to-Equity=5.50, Sector=Technology
2026-07-21 15:17:44,851 - INFO - Asset Turnover calculation: total_assets is 0. Returning None.
2026-07-21 15:20:58,986 - INFO - Debt-to-Equity denominator <= 0: 0.0 (equity=0.0, reserves=0.0). Returning None.
2026-07-21 15:20:58,986 - INFO - Debt-to-Equity denominator <= 0: -30.0 (equity=-50.0, reserves=20.0). Returning None.
2026-07-21 15:20:58,989 - WARNING - High Leverage Flag triggered: Debt-to-Equity=5.10, Sector=Technology
2026-07-21 15:20:58,993 - INFO - Asset Turnover calculation: total_assets is 0. Returning None.
2026-07-21 15:21:39,750 - WARNING - High Leverage Flag triggered: Debt-to-Equity=6.00, Sector=Technology
2026-07-21 15:21:41,138 - WARNING - High Leverage Flag triggered: Debt-to-Equity=5.50, Sector=Technology
2026-07-21 15:21:41,145 - INFO - Asset Turnover calculation: total_assets is 0. Returning None.
2026-07-21 15:26:36,028 - INFO - Debt-to-Equity denominator <= 0: 0.0 (equity=0.0, reserves=0.0). Returning None.
2026-07-21 15:26:36,028 - INFO - Debt-to-Equity denominator <= 0: -30.0 (equity=-50.0, reserves=20.0). Returning None.
2026-07-21 15:26:36,030 - WARNING - High Leverage Flag triggered: Debt-to-Equity=5.10, Sector=Technology
2026-07-21 15:26:36,032 - INFO - Asset Turnover calculation: total_assets is 0. Returning None.
2026-07-21 15:27:16,671 - WARNING - High Leverage Flag triggered: Debt-to-Equity=6.00, Sector=Technology
2026-07-21 15:27:17,951 - WARNING - High Leverage Flag triggered: Debt-to-Equity=5.50, Sector=Technology
2026-07-21 15:27:17,958 - INFO - Asset Turnover calculation: total_assets is 0. Returning None.
2026-07-21 15:39:04,594 - INFO - Debt-to-Equity denominator <= 0: 0.0 (equity=0.0, reserves=0.0). Returning None.
2026-07-21 15:39:04,594 - INFO - Debt-to-Equity denominator <= 0: -30.0 (equity=-50.0, reserves=20.0). Returning None.
2026-07-21 15:39:04,594 - WARNING - High Leverage Flag triggered: Debt-to-Equity=5.10, Sector=Technology
2026-07-21 15:39:04,596 - INFO - Asset Turnover calculation: total_assets is 0. Returning None.
2026-07-21 15:39:50,420 - WARNING - High Leverage Flag triggered: Debt-to-Equity=6.00, Sector=Technology
2026-07-21 15:39:52,132 - WARNING - High Leverage Flag triggered: Debt-to-Equity=5.50, Sector=Technology
2026-07-21 15:39:52,142 - INFO - Asset Turnover calculation: total_assets is 0. Returning None.
2026-07-22 01:30:11,110 - INFO - Debt-to-Equity denominator <= 0: 0.0 (equity=0.0, reserves=0.0). Returning None.
2026-07-22 01:30:11,110 - INFO - Debt-to-Equity denominator <= 0: -30.0 (equity=-50.0, reserves=20.0). Returning None.
2026-07-22 01:30:11,111 - WARNING - High Leverage Flag triggered: Debt-to-Equity=5.10, Sector=Technology
2026-07-22 01:30:11,115 - INFO - Asset Turnover calculation: total_assets is 0. Returning None.
2026-07-22 01:30:54,515 - WARNING - High Leverage Flag triggered: Debt-to-Equity=6.00, Sector=Technology
2026-07-22 01:30:55,836 - WARNING - High Leverage Flag triggered: Debt-to-Equity=5.50, Sector=Technology
2026-07-22 01:30:55,842 - INFO - Asset Turnover calculation: total_assets is 0. Returning None.
2026-07-22 01:35:33,028 - INFO - Debt-to-Equity denominator <= 0: 0.0 (equity=0.0, reserves=0.0). Returning None.
2026-07-22 01:35:33,029 - INFO - Debt-to-Equity denominator <= 0: -30.0 (equity=-50.0, reserves=20.0). Returning None.
2026-07-22 01:35:33,030 - WARNING - High Leverage Flag triggered: Debt-to-Equity=5.10, Sector=Technology
2026-07-22 01:35:33,034 - INFO - Asset Turnover calculation: total_assets is 0. Returning None.
2026-07-22 01:36:16,777 - WARNING - High Leverage Flag triggered: Debt-to-Equity=6.00, Sector=Technology
2026-07-22 01:36:18,254 - WARNING - High Leverage Flag triggered: Debt-to-Equity=5.50, Sector=Technology
2026-07-22 01:36:18,257 - INFO - Asset Turnover calculation: total_assets is 0. Returning None.
2026-07-22 01:44:01,372 - INFO - Debt-to-Equity denominator <= 0: 0.0 (equity=0.0, reserves=0.0). Returning None.
2026-07-22 01:44:01,372 - INFO - Debt-to-Equity denominator <= 0: -30.0 (equity=-50.0, reserves=20.0). Returning None.
2026-07-22 01:44:01,373 - WARNING - High Leverage Flag triggered: Debt-to-Equity=5.10, Sector=Technology
2026-07-22 01:44:01,378 - INFO - Asset Turnover calculation: total_assets is 0. Returning None.
2026-07-22 01:44:49,095 - WARNING - High Leverage Flag triggered: Debt-to-Equity=6.00, Sector=Technology
2026-07-22 01:44:50,595 - WARNING - High Leverage Flag triggered: Debt-to-Equity=5.50, Sector=Technology
2026-07-22 01:44:50,600 - INFO - Asset Turnover calculation: total_assets is 0. Returning None.
2026-07-22 01:59:45,584 - INFO - Debt-to-Equity denominator <= 0: 0.0 (equity=0.0, reserves=0.0). Returning None.
2026-07-22 01:59:45,586 - INFO - Debt-to-Equity denominator <= 0: -30.0 (equity=-50.0, reserves=20.0). Returning None.
2026-07-22 01:59:45,586 - WARNING - High Leverage Flag triggered: Debt-to-Equity=5.10, Sector=Technology
2026-07-22 01:59:45,587 - INFO - Asset Turnover calculation: total_assets is 0. Returning None.
2026-07-22 22:43:20,254 - INFO - Debt-to-Equity denominator <= 0: 0.0 (equity=0.0, reserves=0.0). Returning None.
2026-07-22 22:43:20,254 - INFO - Debt-to-Equity denominator <= 0: -30.0 (equity=-50.0, reserves=20.0). Returning None.
2026-07-22 22:43:20,257 - WARNING - High Leverage Flag triggered: Debt-to-Equity=5.10, Sector=Technology
2026-07-22 22:43:20,261 - INFO - Asset Turnover calculation: total_assets is 0. Returning None.
2026-07-22 22:44:13,438 - WARNING - High Leverage Flag triggered: Debt-to-Equity=6.00, Sector=Technology
2026-07-22 22:44:15,326 - WARNING - High Leverage Flag triggered: Debt-to-Equity=5.50, Sector=Technology
2026-07-22 22:44:15,333 - INFO - Asset Turnover calculation: total_assets is 0. Returning None.
2026-07-22 22:55:34,488 - INFO - Debt-to-Equity denominator <= 0: 0.0 (equity=0.0, reserves=0.0). Returning None.
2026-07-22 22:55:34,488 - INFO - Debt-to-Equity denominator <= 0: -30.0 (equity=-50.0, reserves=20.0). Returning None.
2026-07-22 22:55:34,490 - WARNING - High Leverage Flag triggered: Debt-to-Equity=5.10, Sector=Technology
2026-07-22 22:55:34,493 - INFO - Asset Turnover calculation: total_assets is 0. Returning None.
2026-07-22 23:14:11,930 - INFO - Debt-to-Equity denominator <= 0: 0.0 (equity=0.0, reserves=0.0). Returning None.
2026-07-22 23:14:11,930 - INFO - Debt-to-Equity denominator <= 0: -30.0 (equity=-50.0, reserves=20.0). Returning None.
2026-07-22 23:14:11,932 - WARNING - High Leverage Flag triggered: Debt-to-Equity=5.10, Sector=Technology
2026-07-22 23:14:11,943 - INFO - Asset Turnover calculation: total_assets is 0. Returning None.
2026-07-22 23:15:05,322 - WARNING - High Leverage Flag triggered: Debt-to-Equity=6.00, Sector=Technology
2026-07-22 23:15:06,547 - WARNING - High Leverage Flag triggered: Debt-to-Equity=5.50, Sector=Technology
2026-07-22 23:15:06,551 - INFO - Asset Turnover calculation: total_assets is 0. Returning None.
2026-07-22 23:15:21,022 - INFO - Debt-to-Equity denominator <= 0: 0.0 (equity=0.0, reserves=0.0). Returning None.
2026-07-22 23:15:21,023 - INFO - Debt-to-Equity denominator <= 0: -30.0 (equity=-50.0, reserves=20.0). Returning None.
2026-07-22 23:15:21,025 - WARNING - High Leverage Flag triggered: Debt-to-Equity=5.10, Sector=Technology
2026-07-22 23:15:21,032 - INFO - Asset Turnover calculation: total_assets is 0. Returning None.
2026-07-22 23:16:28,796 - WARNING - High Leverage Flag triggered: Debt-to-Equity=6.00, Sector=Technology
2026-07-22 23:16:32,996 - WARNING - High Leverage Flag triggered: Debt-to-Equity=5.50, Sector=Technology
2026-07-22 23:16:33,033 - INFO - Asset Turnover calculation: total_assets is 0. Returning None.
2026-07-22 23:19:57,758 - INFO - Debt-to-Equity denominator <= 0: 0.0 (equity=0.0, reserves=0.0). Returning None.
2026-07-22 23:19:57,759 - INFO - Debt-to-Equity denominator <= 0: -30.0 (equity=-50.0, reserves=20.0). Returning None.
2026-07-22 23:19:57,759 - WARNING - High Leverage Flag triggered: Debt-to-Equity=5.10, Sector=Technology
2026-07-22 23:19:57,762 - INFO - Asset Turnover calculation: total_assets is 0. Returning None.
2026-07-22 23:23:58,411 - INFO - Debt-to-Equity denominator <= 0: 0.0 (equity=0.0, reserves=0.0). Returning None.
2026-07-22 23:23:58,411 - INFO - Debt-to-Equity denominator <= 0: -30.0 (equity=-50.0, reserves=20.0). Returning None.
2026-07-22 23:23:58,412 - WARNING - High Leverage Flag triggered: Debt-to-Equity=5.10, Sector=Technology
2026-07-22 23:23:58,416 - INFO - Asset Turnover calculation: total_assets is 0. Returning None.
2026-07-22 23:24:26,752 - WARNING - High Leverage Flag triggered: Debt-to-Equity=6.00, Sector=Technology
2026-07-22 23:24:28,618 - WARNING - High Leverage Flag triggered: Debt-to-Equity=5.50, Sector=Technology
2026-07-22 23:24:28,623 - INFO - Asset Turnover calculation: total_assets is 0. Returning None.
2026-07-22 23:26:35,548 - INFO - Debt-to-Equity denominator <= 0: 0.0 (equity=0.0, reserves=0.0). Returning None.
2026-07-22 23:26:35,548 - INFO - Debt-to-Equity denominator <= 0: -30.0 (equity=-50.0, reserves=20.0). Returning None.
2026-07-22 23:26:35,550 - WARNING - High Leverage Flag triggered: Debt-to-Equity=5.10, Sector=Technology
2026-07-22 23:26:35,552 - INFO - Asset Turnover calculation: total_assets is 0. Returning None.
2026-07-22 23:27:02,715 - WARNING - High Leverage Flag triggered: Debt-to-Equity=6.00, Sector=Technology
2026-07-22 23:27:04,219 - WARNING - High Leverage Flag triggered: Debt-to-Equity=5.50, Sector=Technology
2026-07-22 23:27:04,222 - INFO - Asset Turnover calculation: total_assets is 0. Returning None.
2026-07-23 00:38:10,648 - INFO - Debt-to-Equity denominator <= 0: 0.0 (equity=0.0, reserves=0.0). Returning None.
2026-07-23 00:38:10,648 - INFO - Debt-to-Equity denominator <= 0: -30.0 (equity=-50.0, reserves=20.0). Returning None.
2026-07-23 00:38:10,649 - WARNING - High Leverage Flag triggered: Debt-to-Equity=5.10, Sector=Technology
2026-07-23 00:38:10,651 - INFO - Asset Turnover calculation: total_assets is 0. Returning None.
2026-07-23 00:38:41,058 - WARNING - High Leverage Flag triggered: Debt-to-Equity=6.00, Sector=Technology
2026-07-23 00:38:43,449 - WARNING - High Leverage Flag triggered: Debt-to-Equity=5.50, Sector=Technology
2026-07-23 00:38:43,456 - INFO - Asset Turnover calculation: total_assets is 0. Returning None.
2026-07-23 00:38:55,634 - INFO - Debt-to-Equity denominator <= 0: 0.0 (equity=0.0, reserves=0.0). Returning None.
2026-07-23 00:38:55,634 - INFO - Debt-to-Equity denominator <= 0: -30.0 (equity=-50.0, reserves=20.0). Returning None.
2026-07-23 00:38:55,634 - WARNING - High Leverage Flag triggered: Debt-to-Equity=5.10, Sector=Technology
2026-07-23 00:38:55,637 - INFO - Asset Turnover calculation: total_assets is 0. Returning None.
2026-07-23 00:39:47,930 - WARNING - High Leverage Flag triggered: Debt-to-Equity=6.00, Sector=Technology
2026-07-23 00:39:51,224 - WARNING - High Leverage Flag triggered: Debt-to-Equity=5.50, Sector=Technology
2026-07-23 00:39:51,233 - INFO - Asset Turnover calculation: total_assets is 0. Returning None.
2026-07-23 00:47:51,540 - INFO - Debt-to-Equity denominator <= 0: 0.0 (equity=0.0, reserves=0.0). Returning None.
2026-07-23 00:47:51,540 - INFO - Debt-to-Equity denominator <= 0: -30.0 (equity=-50.0, reserves=20.0). Returning None.
2026-07-23 00:47:51,541 - WARNING - High Leverage Flag triggered: Debt-to-Equity=5.10, Sector=Technology
2026-07-23 00:47:51,543 - INFO - Asset Turnover calculation: total_assets is 0. Returning None.
2026-07-23 00:49:04,086 - WARNING - High Leverage Flag triggered: Debt-to-Equity=6.00, Sector=Technology
2026-07-23 00:49:07,123 - WARNING - High Leverage Flag triggered: Debt-to-Equity=5.50, Sector=Technology
2026-07-23 00:49:07,129 - INFO - Asset Turnover calculation: total_assets is 0. Returning None.
2026-07-23 01:19:57,172 - INFO - Debt-to-Equity denominator <= 0: 0.0 (equity=0.0, reserves=0.0). Returning None.
2026-07-23 01:19:57,173 - INFO - Debt-to-Equity denominator <= 0: -30.0 (equity=-50.0, reserves=20.0). Returning None.
2026-07-23 01:19:57,173 - WARNING - High Leverage Flag triggered: Debt-to-Equity=5.10, Sector=Technology
2026-07-23 01:19:57,176 - INFO - Asset Turnover calculation: total_assets is 0. Returning None.
2026-07-23 01:20:39,929 - WARNING - High Leverage Flag triggered: Debt-to-Equity=6.00, Sector=Technology
2026-07-23 01:20:41,665 - WARNING - High Leverage Flag triggered: Debt-to-Equity=5.50, Sector=Technology
2026-07-23 01:20:41,671 - INFO - Asset Turnover calculation: total_assets is 0. Returning None.
2026-07-23 14:16:39,717 - INFO - Debt-to-Equity denominator <= 0: 0.0 (equity=0.0, reserves=0.0). Returning None.
2026-07-23 14:16:39,717 - INFO - Debt-to-Equity denominator <= 0: -30.0 (equity=-50.0, reserves=20.0). Returning None.
2026-07-23 14:16:39,717 - WARNING - High Leverage Flag triggered: Debt-to-Equity=5.10, Sector=Technology
2026-07-23 14:16:39,720 - INFO - Asset Turnover calculation: total_assets is 0. Returning None.
2026-07-23 14:17:26,881 - WARNING - High Leverage Flag triggered: Debt-to-Equity=6.00, Sector=Technology
2026-07-23 14:17:28,740 - WARNING - High Leverage Flag triggered: Debt-to-Equity=5.50, Sector=Technology
2026-07-23 14:17:28,747 - INFO - Asset Turnover calculation: total_assets is 0. Returning None.
2026-07-23 14:17:56,474 - INFO - Debt-to-Equity denominator <= 0: 0.0 (equity=0.0, reserves=0.0). Returning None.
2026-07-23 14:17:56,474 - INFO - Debt-to-Equity denominator <= 0: -30.0 (equity=-50.0, reserves=20.0). Returning None.
2026-07-23 14:17:56,476 - WARNING - High Leverage Flag triggered: Debt-to-Equity=5.10, Sector=Technology
2026-07-23 14:17:56,480 - INFO - Asset Turnover calculation: total_assets is 0. Returning None.
2026-07-23 14:18:41,552 - WARNING - High Leverage Flag triggered: Debt-to-Equity=6.00, Sector=Technology
2026-07-23 14:18:43,693 - WARNING - High Leverage Flag triggered: Debt-to-Equity=5.50, Sector=Technology
2026-07-23 14:18:43,697 - INFO - Asset Turnover calculation: total_assets is 0. Returning None.
2026-07-23 14:26:38,913 - INFO - Debt-to-Equity denominator <= 0: 0.0 (equity=0.0, reserves=0.0). Returning None.
2026-07-23 14:26:38,914 - INFO - Debt-to-Equity denominator <= 0: -30.0 (equity=-50.0, reserves=20.0). Returning None.
2026-07-23 14:26:38,915 - WARNING - High Leverage Flag triggered: Debt-to-Equity=5.10, Sector=Technology
2026-07-23 14:26:38,922 - INFO - Asset Turnover calculation: total_assets is 0. Returning None.
2026-07-23 14:27:25,567 - WARNING - High Leverage Flag triggered: Debt-to-Equity=6.00, Sector=Technology
2026-07-23 14:27:27,627 - WARNING - High Leverage Flag triggered: Debt-to-Equity=5.50, Sector=Technology
2026-07-23 14:27:27,631 - INFO - Asset Turnover calculation: total_assets is 0. Returning None.
2026-07-23 14:39:34,772 - INFO - Debt-to-Equity denominator <= 0: 0.0 (equity=0.0, reserves=0.0). Returning None.
2026-07-23 14:39:34,772 - INFO - Debt-to-Equity denominator <= 0: -30.0 (equity=-50.0, reserves=20.0). Returning None.
2026-07-23 14:39:34,772 - WARNING - High Leverage Flag triggered: Debt-to-Equity=5.10, Sector=Technology
2026-07-23 14:39:34,774 - INFO - Asset Turnover calculation: total_assets is 0. Returning None.
2026-07-23 14:40:23,711 - WARNING - High Leverage Flag triggered: Debt-to-Equity=6.00, Sector=Technology
2026-07-23 14:40:26,604 - WARNING - High Leverage Flag triggered: Debt-to-Equity=5.50, Sector=Technology
2026-07-23 14:40:26,609 - INFO - Asset Turnover calculation: total_assets is 0. Returning None.
2026-07-23 15:04:26,075 - INFO - Debt-to-Equity denominator <= 0: 0.0 (equity=0.0, reserves=0.0). Returning None.
2026-07-23 15:04:26,075 - INFO - Debt-to-Equity denominator <= 0: -30.0 (equity=-50.0, reserves=20.0). Returning None.
2026-07-23 15:04:26,076 - WARNING - High Leverage Flag triggered: Debt-to-Equity=5.10, Sector=Technology
2026-07-23 15:04:26,083 - INFO - Asset Turnover calculation: total_assets is 0. Returning None.
2026-07-23 15:05:31,286 - WARNING - High Leverage Flag triggered: Debt-to-Equity=6.00, Sector=Technology
2026-07-23 15:05:36,506 - WARNING - High Leverage Flag triggered: Debt-to-Equity=5.50, Sector=Technology
2026-07-23 15:05:36,525 - INFO - Asset Turnover calculation: total_assets is 0. Returning None.
2026-07-23 16:01:56,352 - INFO - Debt-to-Equity denominator <= 0: 0.0 (equity=0.0, reserves=0.0). Returning None.
2026-07-23 16:01:56,353 - INFO - Debt-to-Equity denominator <= 0: -30.0 (equity=-50.0, reserves=20.0). Returning None.
2026-07-23 16:01:56,354 - WARNING - High Leverage Flag triggered: Debt-to-Equity=5.10, Sector=Technology
2026-07-23 16:01:56,359 - INFO - Asset Turnover calculation: total_assets is 0. Returning None.
2026-07-23 16:02:46,336 - WARNING - High Leverage Flag triggered: Debt-to-Equity=6.00, Sector=Technology
2026-07-23 16:02:48,243 - WARNING - High Leverage Flag triggered: Debt-to-Equity=5.50, Sector=Technology
2026-07-23 16:02:48,249 - INFO - Asset Turnover calculation: total_assets is 0. Returning None.
2026-07-23 16:21:29,504 - INFO - Debt-to-Equity denominator <= 0: 0.0 (equity=0.0, reserves=0.0). Returning None.
2026-07-23 16:21:29,504 - INFO - Debt-to-Equity denominator <= 0: -30.0 (equity=-50.0, reserves=20.0). Returning None.
2026-07-23 16:21:29,506 - WARNING - High Leverage Flag triggered: Debt-to-Equity=5.10, Sector=Technology
2026-07-23 16:21:29,510 - INFO - Asset Turnover calculation: total_assets is 0. Returning None.
2026-07-23 16:22:16,265 - WARNING - High Leverage Flag triggered: Debt-to-Equity=6.00, Sector=Technology
2026-07-23 16:22:23,467 - WARNING - High Leverage Flag triggered: Debt-to-Equity=5.50, Sector=Technology
2026-07-23 16:22:23,471 - INFO - Asset Turnover calculation: total_assets is 0. Returning None.
2026-07-23 19:55:17,183 - WARNING - High Leverage Flag triggered: Debt-to-Equity=5.50, Sector=Technology
2026-07-23 19:55:17,188 - INFO - Asset Turnover calculation: total_assets is 0. Returning None.
2026-07-23 19:55:17,213 - WARNING - High Leverage Flag triggered: Debt-to-Equity=5.50, Sector=Technology
2026-07-23 23:47:40,983 - INFO - Debt-to-Equity denominator <= 0: 0.0 (equity=0.0, reserves=0.0). Returning None.
2026-07-23 23:47:40,984 - INFO - Debt-to-Equity denominator <= 0: -30.0 (equity=-50.0, reserves=20.0). Returning None.
2026-07-23 23:47:40,986 - WARNING - High Leverage Flag triggered: Debt-to-Equity=5.10, Sector=Technology
2026-07-23 23:47:40,995 - INFO - Asset Turnover calculation: total_assets is 0. Returning None.
2026-07-23 23:47:56,459 - INFO - Debt-to-Equity denominator <= 0: 0.0 (equity=0.0, reserves=0.0). Returning None.
2026-07-23 23:47:56,459 - INFO - Debt-to-Equity denominator <= 0: -30.0 (equity=-50.0, reserves=20.0). Returning None.
2026-07-23 23:47:56,459 - WARNING - High Leverage Flag triggered: Debt-to-Equity=5.10, Sector=Technology
2026-07-23 23:47:56,469 - INFO - Asset Turnover calculation: total_assets is 0. Returning None.
2026-07-23 23:48:47,386 - WARNING - High Leverage Flag triggered: Debt-to-Equity=6.00, Sector=Technology
2026-07-23 23:48:57,225 - WARNING - High Leverage Flag triggered: Debt-to-Equity=5.50, Sector=Technology
2026-07-23 23:48:57,233 - INFO - Asset Turnover calculation: total_assets is 0. Returning None.
2026-07-23 23:48:57,275 - WARNING - High Leverage Flag triggered: Debt-to-Equity=5.50, Sector=Technology
2026-07-23 23:49:04,736 - WARNING - High Leverage Flag triggered: Debt-to-Equity=6.00, Sector=Technology
2026-07-23 23:49:17,522 - WARNING - High Leverage Flag triggered: Debt-to-Equity=5.50, Sector=Technology
2026-07-23 23:49:17,531 - INFO - Asset Turnover calculation: total_assets is 0. Returning None.
2026-07-23 23:49:17,553 - WARNING - High Leverage Flag triggered: Debt-to-Equity=5.50, Sector=Technology
2026-07-23 23:49:45,665 - INFO - Debt-to-Equity denominator <= 0: 0.0 (equity=0.0, reserves=0.0). Returning None.
2026-07-23 23:49:45,665 - INFO - Debt-to-Equity denominator <= 0: -30.0 (equity=-50.0, reserves=20.0). Returning None.
2026-07-23 23:49:45,669 - WARNING - High Leverage Flag triggered: Debt-to-Equity=5.10, Sector=Technology
2026-07-23 23:49:45,676 - INFO - Asset Turnover calculation: total_assets is 0. Returning None.
2026-07-23 23:50:45,997 - WARNING - High Leverage Flag triggered: Debt-to-Equity=6.00, Sector=Technology
2026-07-23 23:50:51,699 - WARNING - High Leverage Flag triggered: Debt-to-Equity=5.50, Sector=Technology
2026-07-23 23:50:51,710 - INFO - Asset Turnover calculation: total_assets is 0. Returning None.
2026-07-23 23:50:51,746 - WARNING - High Leverage Flag triggered: Debt-to-Equity=5.50, Sector=Technology
2026-07-23 23:56:04,056 - INFO - Debt-to-Equity denominator <= 0: 0.0 (equity=0.0, reserves=0.0). Returning None.
2026-07-23 23:56:04,058 - INFO - Debt-to-Equity denominator <= 0: -30.0 (equity=-50.0, reserves=20.0). Returning None.
2026-07-23 23:56:04,063 - WARNING - High Leverage Flag triggered: Debt-to-Equity=5.10, Sector=Technology
2026-07-23 23:56:04,071 - INFO - Asset Turnover calculation: total_assets is 0. Returning None.
2026-07-23 23:56:48,264 - WARNING - High Leverage Flag triggered: Debt-to-Equity=6.00, Sector=Technology
2026-07-23 23:56:57,719 - WARNING - High Leverage Flag triggered: Debt-to-Equity=5.50, Sector=Technology
2026-07-23 23:56:57,728 - INFO - Asset Turnover calculation: total_assets is 0. Returning None.
2026-07-23 23:56:57,775 - WARNING - High Leverage Flag triggered: Debt-to-Equity=5.50, Sector=Technology
2026-07-24 00:03:48,133 - INFO - Debt-to-Equity denominator <= 0: 0.0 (equity=0.0, reserves=0.0). Returning None.
2026-07-24 00:03:48,133 - INFO - Debt-to-Equity denominator <= 0: -30.0 (equity=-50.0, reserves=20.0). Returning None.
2026-07-24 00:03:48,136 - WARNING - High Leverage Flag triggered: Debt-to-Equity=5.10, Sector=Technology
2026-07-24 00:03:48,144 - INFO - Asset Turnover calculation: total_assets is 0. Returning None.
2026-07-24 00:04:40,437 - WARNING - High Leverage Flag triggered: Debt-to-Equity=6.00, Sector=Technology
2026-07-24 00:04:51,178 - WARNING - High Leverage Flag triggered: Debt-to-Equity=5.50, Sector=Technology
2026-07-24 00:04:51,221 - INFO - Asset Turnover calculation: total_assets is 0. Returning None.
2026-07-24 00:04:51,375 - WARNING - High Leverage Flag triggered: Debt-to-Equity=5.50, Sector=Technology
