2026-07-23 00:38:34,279 - nlp_parser - INFO - Starting Day 29 NLP Text Parser execution...
2026-07-23 00:38:34,281 - nlp_parser - INFO - Loading input file from: C:\Users\Ridhi Kapoor\Desktop\Projects\Nifty100_Data_Foundation\data\raw\analysis.xlsx
2026-07-23 00:38:34,575 - nlp_parser - INFO - Parsing financial metric text fields...
2026-07-23 00:38:34,578 - nlp_parser - INFO - Cross-validating parsed values with Ratio Engine outputs...
2026-07-23 00:38:34,836 - nlp_parser - INFO - Saved parsed metrics (63 rows) to: C:\Users\Ridhi Kapoor\Desktop\Projects\Nifty100_Data_Foundation\output\analysis_parsed.csv
2026-07-23 00:38:34,836 - nlp_parser - INFO - Saved parse failures (17 rows) to: C:\Users\Ridhi Kapoor\Desktop\Projects\Nifty100_Data_Foundation\output\parse_failures.csv
2026-07-23 00:38:34,836 - nlp_parser - INFO - Saved validation report (63 rows) to: C:\Users\Ridhi Kapoor\Desktop\Projects\Nifty100_Data_Foundation\output\validation_report.csv
2026-07-23 00:38:34,840 - nlp_parser - INFO - NLP Parsing Complete!
2026-07-23 00:38:34,840 - nlp_parser - INFO - Summary: Parsed=63, Failures=17, Pass=41, Manual Review=22
2026-07-23 00:38:51,098 - nlp_parser - INFO - Starting Day 29 NLP Text Parser execution...
2026-07-23 00:38:51,099 - nlp_parser - INFO - Loading input file from: C:\Users\Ridhi Kapoor\Desktop\Projects\Nifty100_Data_Foundation\data\raw\analysis.xlsx
2026-07-23 00:38:51,118 - nlp_parser - INFO - Parsing financial metric text fields...
2026-07-23 00:38:51,119 - nlp_parser - INFO - Cross-validating parsed values with Ratio Engine outputs...
2026-07-23 00:38:51,266 - nlp_parser - INFO - Saved parsed metrics (63 rows) to: C:\Users\Ridhi Kapoor\AppData\Local\Temp\pytest-of-Ridhi Kapoor\pytest-53\test_run_nlp_parser_end_to_end0\analysis_parsed.csv
2026-07-23 00:38:51,266 - nlp_parser - INFO - Saved parse failures (17 rows) to: C:\Users\Ridhi Kapoor\AppData\Local\Temp\pytest-of-Ridhi Kapoor\pytest-53\test_run_nlp_parser_end_to_end0\parse_failures.csv
2026-07-23 00:38:51,266 - nlp_parser - INFO - Saved validation report (63 rows) to: C:\Users\Ridhi Kapoor\AppData\Local\Temp\pytest-of-Ridhi Kapoor\pytest-53\test_run_nlp_parser_end_to_end0\validation_report.csv
2026-07-23 00:38:51,266 - nlp_parser - INFO - NLP Parsing Complete!
2026-07-23 00:38:51,266 - nlp_parser - INFO - Summary: Parsed=63, Failures=17, Pass=41, Manual Review=22
2026-07-23 00:39:51,404 - nlp_parser - INFO - Starting Day 29 NLP Text Parser execution...
2026-07-23 00:39:51,408 - nlp_parser - INFO - Loading input file from: C:\Users\Ridhi Kapoor\Desktop\Projects\Nifty100_Data_Foundation\data\raw\analysis.xlsx
2026-07-23 00:39:51,472 - nlp_parser - INFO - Parsing financial metric text fields...
2026-07-23 00:39:51,478 - nlp_parser - INFO - Cross-validating parsed values with Ratio Engine outputs...
2026-07-23 00:39:51,938 - nlp_parser - INFO - Saved parsed metrics (63 rows) to: C:\Users\Ridhi Kapoor\AppData\Local\Temp\pytest-of-Ridhi Kapoor\pytest-54\test_run_nlp_parser_end_to_end0\analysis_parsed.csv
2026-07-23 00:39:51,938 - nlp_parser - INFO - Saved parse failures (17 rows) to: C:\Users\Ridhi Kapoor\AppData\Local\Temp\pytest-of-Ridhi Kapoor\pytest-54\test_run_nlp_parser_end_to_end0\parse_failures.csv
2026-07-23 00:39:51,938 - nlp_parser - INFO - Saved validation report (63 rows) to: C:\Users\Ridhi Kapoor\AppData\Local\Temp\pytest-of-Ridhi Kapoor\pytest-54\test_run_nlp_parser_end_to_end0\validation_report.csv
2026-07-23 00:39:51,941 - nlp_parser - INFO - NLP Parsing Complete!
2026-07-23 00:39:51,941 - nlp_parser - INFO - Summary: Parsed=63, Failures=17, Pass=41, Manual Review=22
2026-07-23 00:47:44,351 - nlp_parser - INFO - Starting Day 29 NLP Text Parser execution...
2026-07-23 00:47:44,352 - nlp_parser - INFO - Loading input file from: C:\Users\Ridhi Kapoor\Desktop\Projects\Nifty100_Data_Foundation\data\raw\analysis.xlsx
2026-07-23 00:47:44,366 - nlp_parser - INFO - Parsing financial metric text fields...
2026-07-23 00:47:44,366 - nlp_parser - INFO - Cross-validating parsed values with Ratio Engine outputs...
2026-07-23 00:47:44,514 - nlp_parser - INFO - Saved parsed metrics (63 rows) to: C:\Users\Ridhi Kapoor\AppData\Local\Temp\pytest-of-Ridhi Kapoor\pytest-55\test_run_nlp_parser_end_to_end0\analysis_parsed.csv
2026-07-23 00:47:44,514 - nlp_parser - INFO - Saved parse failures (17 rows) to: C:\Users\Ridhi Kapoor\AppData\Local\Temp\pytest-of-Ridhi Kapoor\pytest-55\test_run_nlp_parser_end_to_end0\parse_failures.csv
2026-07-23 00:47:44,514 - nlp_parser - INFO - Saved validation report (63 rows) to: C:\Users\Ridhi Kapoor\AppData\Local\Temp\pytest-of-Ridhi Kapoor\pytest-55\test_run_nlp_parser_end_to_end0\validation_report.csv
2026-07-23 00:47:44,515 - nlp_parser - INFO - NLP Parsing Complete!
2026-07-23 00:47:44,515 - nlp_parser - INFO - Summary: Parsed=63, Failures=17, Pass=41, Manual Review=22
2026-07-23 00:49:07,254 - nlp_parser - INFO - Starting Day 29 NLP Text Parser execution...
2026-07-23 00:49:07,256 - nlp_parser - INFO - Loading input file from: C:\Users\Ridhi Kapoor\Desktop\Projects\Nifty100_Data_Foundation\data\raw\analysis.xlsx
2026-07-23 00:49:07,307 - nlp_parser - INFO - Parsing financial metric text fields...
2026-07-23 00:49:07,309 - nlp_parser - INFO - Cross-validating parsed values with Ratio Engine outputs...
2026-07-23 00:49:07,604 - nlp_parser - INFO - Saved parsed metrics (63 rows) to: C:\Users\Ridhi Kapoor\AppData\Local\Temp\pytest-of-Ridhi Kapoor\pytest-56\test_run_nlp_parser_end_to_end0\analysis_parsed.csv
2026-07-23 00:49:07,604 - nlp_parser - INFO - Saved parse failures (17 rows) to: C:\Users\Ridhi Kapoor\AppData\Local\Temp\pytest-of-Ridhi Kapoor\pytest-56\test_run_nlp_parser_end_to_end0\parse_failures.csv
2026-07-23 00:49:07,606 - nlp_parser - INFO - Saved validation report (63 rows) to: C:\Users\Ridhi Kapoor\AppData\Local\Temp\pytest-of-Ridhi Kapoor\pytest-56\test_run_nlp_parser_end_to_end0\validation_report.csv
2026-07-23 00:49:07,608 - nlp_parser - INFO - NLP Parsing Complete!
2026-07-23 00:49:07,609 - nlp_parser - INFO - Summary: Parsed=63, Failures=17, Pass=41, Manual Review=22
2026-07-23 01:20:41,787 - nlp_parser - INFO - Starting Day 29 NLP Text Parser execution...
2026-07-23 01:20:41,788 - nlp_parser - INFO - Loading input file from: C:\Users\Ridhi Kapoor\Desktop\Projects\Nifty100_Data_Foundation\data\raw\analysis.xlsx
2026-07-23 01:20:41,826 - nlp_parser - INFO - Parsing financial metric text fields...
2026-07-23 01:20:41,830 - nlp_parser - INFO - Cross-validating parsed values with Ratio Engine outputs...
2026-07-23 01:20:42,092 - nlp_parser - INFO - Saved parsed metrics (63 rows) to: C:\Users\Ridhi Kapoor\AppData\Local\Temp\pytest-of-Ridhi Kapoor\pytest-58\test_run_nlp_parser_end_to_end0\analysis_parsed.csv
2026-07-23 01:20:42,093 - nlp_parser - INFO - Saved parse failures (17 rows) to: C:\Users\Ridhi Kapoor\AppData\Local\Temp\pytest-of-Ridhi Kapoor\pytest-58\test_run_nlp_parser_end_to_end0\parse_failures.csv
2026-07-23 01:20:42,093 - nlp_parser - INFO - Saved validation report (63 rows) to: C:\Users\Ridhi Kapoor\AppData\Local\Temp\pytest-of-Ridhi Kapoor\pytest-58\test_run_nlp_parser_end_to_end0\validation_report.csv
2026-07-23 01:20:42,094 - nlp_parser - INFO - NLP Parsing Complete!
2026-07-23 01:20:42,094 - nlp_parser - INFO - Summary: Parsed=63, Failures=17, Pass=41, Manual Review=22
2026-07-23 14:17:28,850 - nlp_parser - INFO - Starting Day 29 NLP Text Parser execution...
2026-07-23 14:17:28,850 - nlp_parser - INFO - Loading input file from: C:\Users\Ridhi Kapoor\Desktop\Projects\Nifty100_Data_Foundation\data\raw\analysis.xlsx
2026-07-23 14:17:28,888 - nlp_parser - INFO - Parsing financial metric text fields...
2026-07-23 14:17:28,890 - nlp_parser - INFO - Cross-validating parsed values with Ratio Engine outputs...
2026-07-23 14:17:29,173 - nlp_parser - INFO - Saved parsed metrics (63 rows) to: C:\Users\Ridhi Kapoor\AppData\Local\Temp\pytest-of-Ridhi Kapoor\pytest-59\test_run_nlp_parser_end_to_end0\analysis_parsed.csv
2026-07-23 14:17:29,173 - nlp_parser - INFO - Saved parse failures (17 rows) to: C:\Users\Ridhi Kapoor\AppData\Local\Temp\pytest-of-Ridhi Kapoor\pytest-59\test_run_nlp_parser_end_to_end0\parse_failures.csv
2026-07-23 14:17:29,173 - nlp_parser - INFO - Saved validation report (63 rows) to: C:\Users\Ridhi Kapoor\AppData\Local\Temp\pytest-of-Ridhi Kapoor\pytest-59\test_run_nlp_parser_end_to_end0\validation_report.csv
2026-07-23 14:17:29,174 - nlp_parser - INFO - NLP Parsing Complete!
2026-07-23 14:17:29,174 - nlp_parser - INFO - Summary: Parsed=63, Failures=17, Pass=41, Manual Review=22
2026-07-23 14:18:43,775 - nlp_parser - INFO - Starting Day 29 NLP Text Parser execution...
2026-07-23 14:18:43,776 - nlp_parser - INFO - Loading input file from: C:\Users\Ridhi Kapoor\Desktop\Projects\Nifty100_Data_Foundation\data\raw\analysis.xlsx
2026-07-23 14:18:43,812 - nlp_parser - INFO - Parsing financial metric text fields...
2026-07-23 14:18:43,814 - nlp_parser - INFO - Cross-validating parsed values with Ratio Engine outputs...
2026-07-23 14:18:43,993 - nlp_parser - INFO - Saved parsed metrics (63 rows) to: C:\Users\Ridhi Kapoor\AppData\Local\Temp\pytest-of-Ridhi Kapoor\pytest-61\test_run_nlp_parser_end_to_end0\analysis_parsed.csv
2026-07-23 14:18:43,993 - nlp_parser - INFO - Saved parse failures (17 rows) to: C:\Users\Ridhi Kapoor\AppData\Local\Temp\pytest-of-Ridhi Kapoor\pytest-61\test_run_nlp_parser_end_to_end0\parse_failures.csv
2026-07-23 14:18:43,993 - nlp_parser - INFO - Saved validation report (63 rows) to: C:\Users\Ridhi Kapoor\AppData\Local\Temp\pytest-of-Ridhi Kapoor\pytest-61\test_run_nlp_parser_end_to_end0\validation_report.csv
2026-07-23 14:18:43,996 - nlp_parser - INFO - NLP Parsing Complete!
2026-07-23 14:18:43,996 - nlp_parser - INFO - Summary: Parsed=63, Failures=17, Pass=41, Manual Review=22
2026-07-23 14:27:27,722 - nlp_parser - INFO - Starting Day 29 NLP Text Parser execution...
2026-07-23 14:27:27,722 - nlp_parser - INFO - Loading input file from: C:\Users\Ridhi Kapoor\Desktop\Projects\Nifty100_Data_Foundation\data\raw\analysis.xlsx
2026-07-23 14:27:27,755 - nlp_parser - INFO - Parsing financial metric text fields...
2026-07-23 14:27:27,756 - nlp_parser - INFO - Cross-validating parsed values with Ratio Engine outputs...
2026-07-23 14:27:28,049 - nlp_parser - INFO - Saved parsed metrics (63 rows) to: C:\Users\Ridhi Kapoor\AppData\Local\Temp\pytest-of-Ridhi Kapoor\pytest-63\test_run_nlp_parser_end_to_end0\analysis_parsed.csv
2026-07-23 14:27:28,049 - nlp_parser - INFO - Saved parse failures (17 rows) to: C:\Users\Ridhi Kapoor\AppData\Local\Temp\pytest-of-Ridhi Kapoor\pytest-63\test_run_nlp_parser_end_to_end0\parse_failures.csv
2026-07-23 14:27:28,049 - nlp_parser - INFO - Saved validation report (63 rows) to: C:\Users\Ridhi Kapoor\AppData\Local\Temp\pytest-of-Ridhi Kapoor\pytest-63\test_run_nlp_parser_end_to_end0\validation_report.csv
2026-07-23 14:27:28,051 - nlp_parser - INFO - NLP Parsing Complete!
2026-07-23 14:27:28,051 - nlp_parser - INFO - Summary: Parsed=63, Failures=17, Pass=41, Manual Review=22
2026-07-23 14:40:26,743 - nlp_parser - INFO - Starting Day 29 NLP Text Parser execution...
2026-07-23 14:40:26,743 - nlp_parser - INFO - Loading input file from: C:\Users\Ridhi Kapoor\Desktop\Projects\Nifty100_Data_Foundation\data\raw\analysis.xlsx
2026-07-23 14:40:26,791 - nlp_parser - INFO - Parsing financial metric text fields...
2026-07-23 14:40:26,793 - nlp_parser - INFO - Cross-validating parsed values with Ratio Engine outputs...
2026-07-23 14:40:27,121 - nlp_parser - INFO - Saved parsed metrics (63 rows) to: C:\Users\Ridhi Kapoor\AppData\Local\Temp\pytest-of-Ridhi Kapoor\pytest-67\test_run_nlp_parser_end_to_end0\analysis_parsed.csv
2026-07-23 14:40:27,121 - nlp_parser - INFO - Saved parse failures (17 rows) to: C:\Users\Ridhi Kapoor\AppData\Local\Temp\pytest-of-Ridhi Kapoor\pytest-67\test_run_nlp_parser_end_to_end0\parse_failures.csv
2026-07-23 14:40:27,121 - nlp_parser - INFO - Saved validation report (63 rows) to: C:\Users\Ridhi Kapoor\AppData\Local\Temp\pytest-of-Ridhi Kapoor\pytest-67\test_run_nlp_parser_end_to_end0\validation_report.csv
2026-07-23 14:40:27,121 - nlp_parser - INFO - NLP Parsing Complete!
2026-07-23 14:40:27,121 - nlp_parser - INFO - Summary: Parsed=63, Failures=17, Pass=41, Manual Review=22
2026-07-23 15:05:36,904 - nlp_parser - INFO - Starting Day 29 NLP Text Parser execution...
2026-07-23 15:05:36,907 - nlp_parser - INFO - Loading input file from: C:\Users\Ridhi Kapoor\Desktop\Projects\Nifty100_Data_Foundation\data\raw\analysis.xlsx
2026-07-23 15:05:36,995 - nlp_parser - INFO - Parsing financial metric text fields...
2026-07-23 15:05:36,995 - nlp_parser - INFO - Cross-validating parsed values with Ratio Engine outputs...
2026-07-23 15:05:37,614 - nlp_parser - INFO - Saved parsed metrics (63 rows) to: C:\Users\Ridhi Kapoor\AppData\Local\Temp\pytest-of-Ridhi Kapoor\pytest-69\test_run_nlp_parser_end_to_end0\analysis_parsed.csv
2026-07-23 15:05:37,614 - nlp_parser - INFO - Saved parse failures (17 rows) to: C:\Users\Ridhi Kapoor\AppData\Local\Temp\pytest-of-Ridhi Kapoor\pytest-69\test_run_nlp_parser_end_to_end0\parse_failures.csv
2026-07-23 15:05:37,614 - nlp_parser - INFO - Saved validation report (63 rows) to: C:\Users\Ridhi Kapoor\AppData\Local\Temp\pytest-of-Ridhi Kapoor\pytest-69\test_run_nlp_parser_end_to_end0\validation_report.csv
2026-07-23 15:05:37,617 - nlp_parser - INFO - NLP Parsing Complete!
2026-07-23 15:05:37,619 - nlp_parser - INFO - Summary: Parsed=63, Failures=17, Pass=41, Manual Review=22
2026-07-23 16:02:48,364 - nlp_parser - INFO - Starting Day 29 NLP Text Parser execution...
2026-07-23 16:02:48,364 - nlp_parser - INFO - Loading input file from: C:\Users\Ridhi Kapoor\Desktop\Projects\Nifty100_Data_Foundation\data\raw\analysis.xlsx
2026-07-23 16:02:48,395 - nlp_parser - INFO - Parsing financial metric text fields...
2026-07-23 16:02:48,398 - nlp_parser - INFO - Cross-validating parsed values with Ratio Engine outputs...
2026-07-23 16:02:48,648 - nlp_parser - INFO - Saved parsed metrics (63 rows) to: C:\Users\Ridhi Kapoor\AppData\Local\Temp\pytest-of-Ridhi Kapoor\pytest-70\test_run_nlp_parser_end_to_end0\analysis_parsed.csv
2026-07-23 16:02:48,648 - nlp_parser - INFO - Saved parse failures (17 rows) to: C:\Users\Ridhi Kapoor\AppData\Local\Temp\pytest-of-Ridhi Kapoor\pytest-70\test_run_nlp_parser_end_to_end0\parse_failures.csv
2026-07-23 16:02:48,648 - nlp_parser - INFO - Saved validation report (63 rows) to: C:\Users\Ridhi Kapoor\AppData\Local\Temp\pytest-of-Ridhi Kapoor\pytest-70\test_run_nlp_parser_end_to_end0\validation_report.csv
2026-07-23 16:02:48,651 - nlp_parser - INFO - NLP Parsing Complete!
2026-07-23 16:02:48,652 - nlp_parser - INFO - Summary: Parsed=63, Failures=17, Pass=41, Manual Review=22
2026-07-23 16:22:23,558 - nlp_parser - INFO - Starting Day 29 NLP Text Parser execution...
2026-07-23 16:22:23,559 - nlp_parser - INFO - Loading input file from: C:\Users\Ridhi Kapoor\Desktop\Projects\Nifty100_Data_Foundation\data\raw\analysis.xlsx
2026-07-23 16:22:23,589 - nlp_parser - INFO - Parsing financial metric text fields...
2026-07-23 16:22:23,592 - nlp_parser - INFO - Cross-validating parsed values with Ratio Engine outputs...
2026-07-23 16:22:23,777 - nlp_parser - INFO - Saved parsed metrics (63 rows) to: C:\Users\Ridhi Kapoor\AppData\Local\Temp\pytest-of-Ridhi Kapoor\pytest-71\test_run_nlp_parser_end_to_end0\analysis_parsed.csv
2026-07-23 16:22:23,777 - nlp_parser - INFO - Saved parse failures (17 rows) to: C:\Users\Ridhi Kapoor\AppData\Local\Temp\pytest-of-Ridhi Kapoor\pytest-71\test_run_nlp_parser_end_to_end0\parse_failures.csv
2026-07-23 16:22:23,777 - nlp_parser - INFO - Saved validation report (63 rows) to: C:\Users\Ridhi Kapoor\AppData\Local\Temp\pytest-of-Ridhi Kapoor\pytest-71\test_run_nlp_parser_end_to_end0\validation_report.csv
2026-07-23 16:22:23,780 - nlp_parser - INFO - NLP Parsing Complete!
2026-07-23 16:22:23,780 - nlp_parser - INFO - Summary: Parsed=63, Failures=17, Pass=41, Manual Review=22
2026-07-23 23:48:57,517 - nlp_parser - INFO - Starting Day 29 NLP Text Parser execution...
2026-07-23 23:48:57,518 - nlp_parser - INFO - Loading input file from: C:\Users\Ridhi Kapoor\Desktop\Projects\Nifty100_Data_Foundation\data\raw\analysis.xlsx
2026-07-23 23:48:57,574 - nlp_parser - INFO - Parsing financial metric text fields...
2026-07-23 23:48:57,580 - nlp_parser - INFO - Cross-validating parsed values with Ratio Engine outputs...
2026-07-23 23:48:57,924 - nlp_parser - INFO - Saved parsed metrics (63 rows) to: C:\Users\Ridhi Kapoor\AppData\Local\Temp\pytest-of-Ridhi Kapoor\pytest-73\test_run_nlp_parser_end_to_end0\analysis_parsed.csv
2026-07-23 23:48:57,925 - nlp_parser - INFO - Saved parse failures (17 rows) to: C:\Users\Ridhi Kapoor\AppData\Local\Temp\pytest-of-Ridhi Kapoor\pytest-73\test_run_nlp_parser_end_to_end0\parse_failures.csv
2026-07-23 23:48:57,925 - nlp_parser - INFO - Saved validation report (63 rows) to: C:\Users\Ridhi Kapoor\AppData\Local\Temp\pytest-of-Ridhi Kapoor\pytest-73\test_run_nlp_parser_end_to_end0\validation_report.csv
2026-07-23 23:48:57,925 - nlp_parser - INFO - NLP Parsing Complete!
2026-07-23 23:48:57,925 - nlp_parser - INFO - Summary: Parsed=63, Failures=17, Pass=41, Manual Review=22
2026-07-23 23:49:17,831 - nlp_parser - INFO - Starting Day 29 NLP Text Parser execution...
2026-07-23 23:49:17,831 - nlp_parser - INFO - Loading input file from: C:\Users\Ridhi Kapoor\Desktop\Projects\Nifty100_Data_Foundation\data\raw\analysis.xlsx
2026-07-23 23:49:17,856 - nlp_parser - INFO - Parsing financial metric text fields...
2026-07-23 23:49:17,858 - nlp_parser - INFO - Cross-validating parsed values with Ratio Engine outputs...
2026-07-23 23:49:18,033 - nlp_parser - INFO - Saved parsed metrics (63 rows) to: C:\Users\Ridhi Kapoor\AppData\Local\Temp\pytest-of-Ridhi Kapoor\pytest-74\test_run_nlp_parser_end_to_end0\analysis_parsed.csv
2026-07-23 23:49:18,033 - nlp_parser - INFO - Saved parse failures (17 rows) to: C:\Users\Ridhi Kapoor\AppData\Local\Temp\pytest-of-Ridhi Kapoor\pytest-74\test_run_nlp_parser_end_to_end0\parse_failures.csv
2026-07-23 23:49:18,033 - nlp_parser - INFO - Saved validation report (63 rows) to: C:\Users\Ridhi Kapoor\AppData\Local\Temp\pytest-of-Ridhi Kapoor\pytest-74\test_run_nlp_parser_end_to_end0\validation_report.csv
2026-07-23 23:49:18,033 - nlp_parser - INFO - NLP Parsing Complete!
2026-07-23 23:49:18,033 - nlp_parser - INFO - Summary: Parsed=63, Failures=17, Pass=41, Manual Review=22
2026-07-23 23:50:51,900 - nlp_parser - INFO - Starting Day 29 NLP Text Parser execution...
2026-07-23 23:50:51,900 - nlp_parser - INFO - Loading input file from: C:\Users\Ridhi Kapoor\Desktop\Projects\Nifty100_Data_Foundation\data\raw\analysis.xlsx
2026-07-23 23:50:51,936 - nlp_parser - INFO - Parsing financial metric text fields...
2026-07-23 23:50:51,938 - nlp_parser - INFO - Cross-validating parsed values with Ratio Engine outputs...
2026-07-23 23:50:52,164 - nlp_parser - INFO - Saved parsed metrics (63 rows) to: C:\Users\Ridhi Kapoor\AppData\Local\Temp\pytest-of-Ridhi Kapoor\pytest-75\test_run_nlp_parser_end_to_end0\analysis_parsed.csv
2026-07-23 23:50:52,164 - nlp_parser - INFO - Saved parse failures (17 rows) to: C:\Users\Ridhi Kapoor\AppData\Local\Temp\pytest-of-Ridhi Kapoor\pytest-75\test_run_nlp_parser_end_to_end0\parse_failures.csv
2026-07-23 23:50:52,164 - nlp_parser - INFO - Saved validation report (63 rows) to: C:\Users\Ridhi Kapoor\AppData\Local\Temp\pytest-of-Ridhi Kapoor\pytest-75\test_run_nlp_parser_end_to_end0\validation_report.csv
2026-07-23 23:50:52,165 - nlp_parser - INFO - NLP Parsing Complete!
2026-07-23 23:50:52,165 - nlp_parser - INFO - Summary: Parsed=63, Failures=17, Pass=41, Manual Review=22
2026-07-23 23:56:57,927 - nlp_parser - INFO - Starting Day 29 NLP Text Parser execution...
2026-07-23 23:56:57,929 - nlp_parser - INFO - Loading input file from: C:\Users\Ridhi Kapoor\Desktop\Projects\Nifty100_Data_Foundation\data\raw\analysis.xlsx
2026-07-23 23:56:57,983 - nlp_parser - INFO - Parsing financial metric text fields...
2026-07-23 23:56:57,983 - nlp_parser - INFO - Cross-validating parsed values with Ratio Engine outputs...
2026-07-23 23:56:58,186 - nlp_parser - INFO - Saved parsed metrics (63 rows) to: C:\Users\Ridhi Kapoor\AppData\Local\Temp\pytest-of-Ridhi Kapoor\pytest-76\test_run_nlp_parser_end_to_end0\analysis_parsed.csv
2026-07-23 23:56:58,186 - nlp_parser - INFO - Saved parse failures (17 rows) to: C:\Users\Ridhi Kapoor\AppData\Local\Temp\pytest-of-Ridhi Kapoor\pytest-76\test_run_nlp_parser_end_to_end0\parse_failures.csv
2026-07-23 23:56:58,187 - nlp_parser - INFO - Saved validation report (63 rows) to: C:\Users\Ridhi Kapoor\AppData\Local\Temp\pytest-of-Ridhi Kapoor\pytest-76\test_run_nlp_parser_end_to_end0\validation_report.csv
2026-07-23 23:56:58,187 - nlp_parser - INFO - NLP Parsing Complete!
2026-07-23 23:56:58,187 - nlp_parser - INFO - Summary: Parsed=63, Failures=17, Pass=41, Manual Review=22
2026-07-24 00:04:51,834 - nlp_parser - INFO - Starting Day 29 NLP Text Parser execution...
2026-07-24 00:04:51,836 - nlp_parser - INFO - Loading input file from: C:\Users\Ridhi Kapoor\Desktop\Projects\Nifty100_Data_Foundation\data\raw\analysis.xlsx
2026-07-24 00:04:51,985 - nlp_parser - INFO - Parsing financial metric text fields...
2026-07-24 00:04:51,996 - nlp_parser - INFO - Cross-validating parsed values with Ratio Engine outputs...
2026-07-24 00:04:52,504 - nlp_parser - INFO - Saved parsed metrics (63 rows) to: C:\Users\Ridhi Kapoor\AppData\Local\Temp\pytest-of-Ridhi Kapoor\pytest-77\test_run_nlp_parser_end_to_end0\analysis_parsed.csv
2026-07-24 00:04:52,505 - nlp_parser - INFO - Saved parse failures (17 rows) to: C:\Users\Ridhi Kapoor\AppData\Local\Temp\pytest-of-Ridhi Kapoor\pytest-77\test_run_nlp_parser_end_to_end0\parse_failures.csv
2026-07-24 00:04:52,505 - nlp_parser - INFO - Saved validation report (63 rows) to: C:\Users\Ridhi Kapoor\AppData\Local\Temp\pytest-of-Ridhi Kapoor\pytest-77\test_run_nlp_parser_end_to_end0\validation_report.csv
2026-07-24 00:04:52,511 - nlp_parser - INFO - NLP Parsing Complete!
2026-07-24 00:04:52,512 - nlp_parser - INFO - Summary: Parsed=63, Failures=17, Pass=41, Manual Review=22
