2026-07-21 15:08:14,094 - peer_analytics - INFO - Executing Peer Analytics Pipeline...
2026-07-21 15:08:14,094 - peer_analytics - INFO - Computing peer percentiles...
2026-07-21 15:08:14,094 - peer_analytics - INFO - Loading peer groups from Excel file: C:\Users\Ridhi Kapoor\Desktop\Projects\Nifty100_Data_Foundation\data\raw\peer_groups.xlsx
2026-07-21 15:08:14,877 - peer_analytics - INFO - Connecting to database at C:\Users\Ridhi Kapoor\Desktop\Projects\Nifty100_Data_Foundation\data\db\nifty100.db to populate peer_percentiles...
2026-07-21 15:08:14,879 - peer_analytics - INFO - Recreating peer_percentiles table...
2026-07-21 15:08:15,115 - peer_analytics - INFO - Inserting 6460 records into peer_percentiles...
2026-07-21 15:08:15,163 - peer_analytics - INFO - Verification complete. Total rows in peer_percentiles table: 6460
2026-07-21 15:08:15,164 - peer_analytics - INFO - Peer percentiles pipeline finished successfully. Total records populated: 6460
2026-07-21 15:08:30,892 - peer_analytics - INFO - Loading peer groups from Excel file: C:\Users\Ridhi Kapoor\Desktop\Projects\Nifty100_Data_Foundation\data\raw\peer_groups.xlsx
2026-07-21 15:08:31,213 - peer_analytics - INFO - Loading peer groups from Excel file: C:\Users\Ridhi Kapoor\Desktop\Projects\Nifty100_Data_Foundation\data\raw\peer_groups.xlsx
2026-07-21 15:08:31,239 - peer_analytics - INFO - Loading peer groups from Excel file: C:\Users\Ridhi Kapoor\Desktop\Projects\Nifty100_Data_Foundation\data\raw\peer_groups.xlsx
2026-07-21 15:08:31,260 - peer_analytics - INFO - Loading peer groups from Excel file: C:\Users\Ridhi Kapoor\Desktop\Projects\Nifty100_Data_Foundation\data\raw\peer_groups.xlsx
2026-07-21 15:08:31,281 - peer_analytics - INFO - Loading peer groups from Excel file: C:\Users\Ridhi Kapoor\Desktop\Projects\Nifty100_Data_Foundation\data\raw\peer_groups.xlsx
2026-07-21 15:08:31,812 - peer_analytics - INFO - Loading peer groups from Excel file: C:\Users\Ridhi Kapoor\Desktop\Projects\Nifty100_Data_Foundation\data\raw\peer_groups.xlsx
2026-07-21 15:08:32,448 - peer_analytics - INFO - Computing peer percentiles...
2026-07-21 15:08:32,448 - peer_analytics - INFO - Loading peer groups from Excel file: C:\Users\Ridhi Kapoor\Desktop\Projects\Nifty100_Data_Foundation\data\raw\peer_groups.xlsx
2026-07-21 15:08:33,010 - peer_analytics - INFO - Connecting to database at C:\Users\Ridhi Kapoor\Desktop\Projects\Nifty100_Data_Foundation\data\db\nifty100.db to populate peer_percentiles...
2026-07-21 15:08:33,012 - peer_analytics - INFO - Recreating peer_percentiles table...
2026-07-21 15:08:33,396 - peer_analytics - INFO - Inserting 6460 records into peer_percentiles...
2026-07-21 15:08:33,429 - peer_analytics - INFO - Verification complete. Total rows in peer_percentiles table: 6460
2026-07-21 15:08:33,439 - peer_analytics - INFO - Loading peer groups from Excel file: C:\Users\Ridhi Kapoor\Desktop\Projects\Nifty100_Data_Foundation\data\raw\peer_groups.xlsx
2026-07-21 15:08:38,915 - peer_analytics - INFO - Loading peer groups from Excel file: C:\Users\Ridhi Kapoor\Desktop\Projects\Nifty100_Data_Foundation\data\raw\peer_groups.xlsx
2026-07-21 15:08:39,186 - peer_analytics - INFO - Loading peer groups from Excel file: C:\Users\Ridhi Kapoor\Desktop\Projects\Nifty100_Data_Foundation\data\raw\peer_groups.xlsx
2026-07-21 15:08:39,201 - peer_analytics - INFO - Loading peer groups from Excel file: C:\Users\Ridhi Kapoor\Desktop\Projects\Nifty100_Data_Foundation\data\raw\peer_groups.xlsx
2026-07-21 15:08:39,222 - peer_analytics - INFO - Loading peer groups from Excel file: C:\Users\Ridhi Kapoor\Desktop\Projects\Nifty100_Data_Foundation\data\raw\peer_groups.xlsx
2026-07-21 15:08:39,249 - peer_analytics - INFO - Loading peer groups from Excel file: C:\Users\Ridhi Kapoor\Desktop\Projects\Nifty100_Data_Foundation\data\raw\peer_groups.xlsx
2026-07-21 15:08:39,710 - peer_analytics - INFO - Loading peer groups from Excel file: C:\Users\Ridhi Kapoor\Desktop\Projects\Nifty100_Data_Foundation\data\raw\peer_groups.xlsx
2026-07-21 15:08:40,261 - peer_analytics - INFO - Computing peer percentiles...
2026-07-21 15:08:40,262 - peer_analytics - INFO - Loading peer groups from Excel file: C:\Users\Ridhi Kapoor\Desktop\Projects\Nifty100_Data_Foundation\data\raw\peer_groups.xlsx
2026-07-21 15:08:40,841 - peer_analytics - INFO - Connecting to database at C:\Users\Ridhi Kapoor\Desktop\Projects\Nifty100_Data_Foundation\data\db\nifty100.db to populate peer_percentiles...
2026-07-21 15:08:40,843 - peer_analytics - INFO - Recreating peer_percentiles table...
2026-07-21 15:08:41,190 - peer_analytics - INFO - Inserting 6460 records into peer_percentiles...
2026-07-21 15:08:41,229 - peer_analytics - INFO - Verification complete. Total rows in peer_percentiles table: 6460
2026-07-21 15:08:41,238 - peer_analytics - INFO - Loading peer groups from Excel file: C:\Users\Ridhi Kapoor\Desktop\Projects\Nifty100_Data_Foundation\data\raw\peer_groups.xlsx
2026-07-21 15:08:47,810 - peer_analytics - INFO - Loading peer groups from Excel file: C:\Users\Ridhi Kapoor\Desktop\Projects\Nifty100_Data_Foundation\data\raw\peer_groups.xlsx
2026-07-21 15:08:48,200 - peer_analytics - INFO - Loading peer groups from Excel file: C:\Users\Ridhi Kapoor\Desktop\Projects\Nifty100_Data_Foundation\data\raw\peer_groups.xlsx
2026-07-21 15:08:48,225 - peer_analytics - INFO - Loading peer groups from Excel file: C:\Users\Ridhi Kapoor\Desktop\Projects\Nifty100_Data_Foundation\data\raw\peer_groups.xlsx
2026-07-21 15:08:48,248 - peer_analytics - INFO - Loading peer groups from Excel file: C:\Users\Ridhi Kapoor\Desktop\Projects\Nifty100_Data_Foundation\data\raw\peer_groups.xlsx
2026-07-21 15:08:48,271 - peer_analytics - INFO - Loading peer groups from Excel file: C:\Users\Ridhi Kapoor\Desktop\Projects\Nifty100_Data_Foundation\data\raw\peer_groups.xlsx
2026-07-21 15:08:48,773 - peer_analytics - INFO - Loading peer groups from Excel file: C:\Users\Ridhi Kapoor\Desktop\Projects\Nifty100_Data_Foundation\data\raw\peer_groups.xlsx
2026-07-21 15:08:49,372 - peer_analytics - INFO - Computing peer percentiles...
2026-07-21 15:08:49,373 - peer_analytics - INFO - Loading peer groups from Excel file: C:\Users\Ridhi Kapoor\Desktop\Projects\Nifty100_Data_Foundation\data\raw\peer_groups.xlsx
2026-07-21 15:08:49,874 - peer_analytics - INFO - Connecting to database at C:\Users\Ridhi Kapoor\Desktop\Projects\Nifty100_Data_Foundation\data\db\nifty100.db to populate peer_percentiles...
2026-07-21 15:08:49,874 - peer_analytics - INFO - Recreating peer_percentiles table...
2026-07-21 15:08:50,171 - peer_analytics - INFO - Inserting 6460 records into peer_percentiles...
2026-07-21 15:08:50,207 - peer_analytics - INFO - Verification complete. Total rows in peer_percentiles table: 6460
2026-07-21 15:08:50,216 - peer_analytics - INFO - Loading peer groups from Excel file: C:\Users\Ridhi Kapoor\Desktop\Projects\Nifty100_Data_Foundation\data\raw\peer_groups.xlsx
2026-07-21 15:16:49,355 - peer_analytics - INFO - Loading peer groups from Excel file: C:\Users\Ridhi Kapoor\Desktop\Projects\Nifty100_Data_Foundation\data\raw\peer_groups.xlsx
2026-07-21 15:16:49,601 - peer_analytics - INFO - Loading peer groups from Excel file: C:\Users\Ridhi Kapoor\Desktop\Projects\Nifty100_Data_Foundation\data\raw\peer_groups.xlsx
2026-07-21 15:16:49,616 - peer_analytics - INFO - Loading peer groups from Excel file: C:\Users\Ridhi Kapoor\Desktop\Projects\Nifty100_Data_Foundation\data\raw\peer_groups.xlsx
2026-07-21 15:16:49,639 - peer_analytics - INFO - Loading peer groups from Excel file: C:\Users\Ridhi Kapoor\Desktop\Projects\Nifty100_Data_Foundation\data\raw\peer_groups.xlsx
2026-07-21 15:16:49,655 - peer_analytics - INFO - Loading peer groups from Excel file: C:\Users\Ridhi Kapoor\Desktop\Projects\Nifty100_Data_Foundation\data\raw\peer_groups.xlsx
2026-07-21 15:16:50,030 - peer_analytics - INFO - Loading peer groups from Excel file: C:\Users\Ridhi Kapoor\Desktop\Projects\Nifty100_Data_Foundation\data\raw\peer_groups.xlsx
2026-07-21 15:16:50,458 - peer_analytics - INFO - Computing peer percentiles...
2026-07-21 15:16:50,459 - peer_analytics - INFO - Loading peer groups from Excel file: C:\Users\Ridhi Kapoor\Desktop\Projects\Nifty100_Data_Foundation\data\raw\peer_groups.xlsx
2026-07-21 15:16:50,930 - peer_analytics - INFO - Connecting to database at C:\Users\Ridhi Kapoor\Desktop\Projects\Nifty100_Data_Foundation\data\db\nifty100.db to populate peer_percentiles...
2026-07-21 15:16:50,932 - peer_analytics - INFO - Recreating peer_percentiles table...
2026-07-21 15:16:51,191 - peer_analytics - INFO - Inserting 6460 records into peer_percentiles...
2026-07-21 15:16:51,212 - peer_analytics - INFO - Verification complete. Total rows in peer_percentiles table: 6460
2026-07-21 15:16:51,217 - peer_analytics - INFO - Loading peer groups from Excel file: C:\Users\Ridhi Kapoor\Desktop\Projects\Nifty100_Data_Foundation\data\raw\peer_groups.xlsx
2026-07-21 15:20:58,994 - peer_analytics - INFO - Loading peer groups from Excel file: C:\Users\Ridhi Kapoor\Desktop\Projects\Nifty100_Data_Foundation\data\raw\peer_groups.xlsx
2026-07-21 15:20:59,217 - peer_analytics - INFO - Loading peer groups from Excel file: C:\Users\Ridhi Kapoor\Desktop\Projects\Nifty100_Data_Foundation\data\raw\peer_groups.xlsx
2026-07-21 15:20:59,231 - peer_analytics - INFO - Loading peer groups from Excel file: C:\Users\Ridhi Kapoor\Desktop\Projects\Nifty100_Data_Foundation\data\raw\peer_groups.xlsx
2026-07-21 15:20:59,246 - peer_analytics - INFO - Loading peer groups from Excel file: C:\Users\Ridhi Kapoor\Desktop\Projects\Nifty100_Data_Foundation\data\raw\peer_groups.xlsx
2026-07-21 15:20:59,256 - peer_analytics - INFO - Loading peer groups from Excel file: C:\Users\Ridhi Kapoor\Desktop\Projects\Nifty100_Data_Foundation\data\raw\peer_groups.xlsx
2026-07-21 15:20:59,748 - peer_analytics - INFO - Loading peer groups from Excel file: C:\Users\Ridhi Kapoor\Desktop\Projects\Nifty100_Data_Foundation\data\raw\peer_groups.xlsx
2026-07-21 15:21:00,156 - peer_analytics - INFO - Computing peer percentiles...
2026-07-21 15:21:00,156 - peer_analytics - INFO - Loading peer groups from Excel file: C:\Users\Ridhi Kapoor\Desktop\Projects\Nifty100_Data_Foundation\data\raw\peer_groups.xlsx
2026-07-21 15:21:00,498 - peer_analytics - INFO - Connecting to database at C:\Users\Ridhi Kapoor\Desktop\Projects\Nifty100_Data_Foundation\data\db\nifty100.db to populate peer_percentiles...
2026-07-21 15:21:00,498 - peer_analytics - INFO - Recreating peer_percentiles table...
2026-07-21 15:21:00,691 - peer_analytics - INFO - Inserting 6460 records into peer_percentiles...
2026-07-21 15:21:00,712 - peer_analytics - INFO - Verification complete. Total rows in peer_percentiles table: 6460
2026-07-21 15:21:00,721 - peer_analytics - INFO - Loading peer groups from Excel file: C:\Users\Ridhi Kapoor\Desktop\Projects\Nifty100_Data_Foundation\data\raw\peer_groups.xlsx
2026-07-21 15:26:36,033 - peer_analytics - INFO - Loading peer groups from Excel file: C:\Users\Ridhi Kapoor\Desktop\Projects\Nifty100_Data_Foundation\data\raw\peer_groups.xlsx
2026-07-21 15:26:36,058 - peer_analytics - INFO - Loading peer groups from Excel file: C:\Users\Ridhi Kapoor\Desktop\Projects\Nifty100_Data_Foundation\data\raw\peer_groups.xlsx
2026-07-21 15:26:36,078 - peer_analytics - INFO - Loading peer groups from Excel file: C:\Users\Ridhi Kapoor\Desktop\Projects\Nifty100_Data_Foundation\data\raw\peer_groups.xlsx
2026-07-21 15:26:36,095 - peer_analytics - INFO - Loading peer groups from Excel file: C:\Users\Ridhi Kapoor\Desktop\Projects\Nifty100_Data_Foundation\data\raw\peer_groups.xlsx
2026-07-21 15:26:36,114 - peer_analytics - INFO - Loading peer groups from Excel file: C:\Users\Ridhi Kapoor\Desktop\Projects\Nifty100_Data_Foundation\data\raw\peer_groups.xlsx
2026-07-21 15:26:36,437 - peer_analytics - INFO - Loading peer groups from Excel file: C:\Users\Ridhi Kapoor\Desktop\Projects\Nifty100_Data_Foundation\data\raw\peer_groups.xlsx
2026-07-21 15:26:36,870 - peer_analytics - INFO - Computing peer percentiles...
2026-07-21 15:26:36,871 - peer_analytics - INFO - Loading peer groups from Excel file: C:\Users\Ridhi Kapoor\Desktop\Projects\Nifty100_Data_Foundation\data\raw\peer_groups.xlsx
2026-07-21 15:26:37,197 - peer_analytics - INFO - Connecting to database at C:\Users\Ridhi Kapoor\Desktop\Projects\Nifty100_Data_Foundation\data\db\nifty100.db to populate peer_percentiles...
2026-07-21 15:26:37,197 - peer_analytics - INFO - Recreating peer_percentiles table...
2026-07-21 15:26:37,429 - peer_analytics - INFO - Inserting 6460 records into peer_percentiles...
2026-07-21 15:26:37,460 - peer_analytics - INFO - Verification complete. Total rows in peer_percentiles table: 6460
2026-07-21 15:26:37,466 - peer_analytics - INFO - Loading peer groups from Excel file: C:\Users\Ridhi Kapoor\Desktop\Projects\Nifty100_Data_Foundation\data\raw\peer_groups.xlsx
2026-07-21 15:39:04,599 - peer_analytics - INFO - Loading peer groups from Excel file: C:\Users\Ridhi Kapoor\Desktop\Projects\Nifty100_Data_Foundation\data\raw\peer_groups.xlsx
2026-07-21 15:39:04,623 - peer_analytics - INFO - Loading peer groups from Excel file: C:\Users\Ridhi Kapoor\Desktop\Projects\Nifty100_Data_Foundation\data\raw\peer_groups.xlsx
2026-07-21 15:39:04,641 - peer_analytics - INFO - Loading peer groups from Excel file: C:\Users\Ridhi Kapoor\Desktop\Projects\Nifty100_Data_Foundation\data\raw\peer_groups.xlsx
2026-07-21 15:39:04,660 - peer_analytics - INFO - Loading peer groups from Excel file: C:\Users\Ridhi Kapoor\Desktop\Projects\Nifty100_Data_Foundation\data\raw\peer_groups.xlsx
2026-07-21 15:39:04,675 - peer_analytics - INFO - Loading peer groups from Excel file: C:\Users\Ridhi Kapoor\Desktop\Projects\Nifty100_Data_Foundation\data\raw\peer_groups.xlsx
2026-07-21 15:39:05,033 - peer_analytics - INFO - Loading peer groups from Excel file: C:\Users\Ridhi Kapoor\Desktop\Projects\Nifty100_Data_Foundation\data\raw\peer_groups.xlsx
2026-07-21 15:39:05,511 - peer_analytics - INFO - Computing peer percentiles...
2026-07-21 15:39:05,511 - peer_analytics - INFO - Loading peer groups from Excel file: C:\Users\Ridhi Kapoor\Desktop\Projects\Nifty100_Data_Foundation\data\raw\peer_groups.xlsx
2026-07-21 15:39:05,827 - peer_analytics - INFO - Connecting to database at C:\Users\Ridhi Kapoor\Desktop\Projects\Nifty100_Data_Foundation\data\db\nifty100.db to populate peer_percentiles...
2026-07-21 15:39:05,828 - peer_analytics - INFO - Recreating peer_percentiles table...
2026-07-21 15:39:06,057 - peer_analytics - INFO - Inserting 6460 records into peer_percentiles...
2026-07-21 15:39:06,090 - peer_analytics - INFO - Verification complete. Total rows in peer_percentiles table: 6460
2026-07-21 15:39:06,097 - peer_analytics - INFO - Loading peer groups from Excel file: C:\Users\Ridhi Kapoor\Desktop\Projects\Nifty100_Data_Foundation\data\raw\peer_groups.xlsx
2026-07-22 01:30:11,117 - peer_analytics - INFO - Loading peer groups from Excel file: C:\Users\Ridhi Kapoor\Desktop\Projects\Nifty100_Data_Foundation\data\raw\peer_groups.xlsx
2026-07-22 01:30:11,163 - peer_analytics - INFO - Loading peer groups from Excel file: C:\Users\Ridhi Kapoor\Desktop\Projects\Nifty100_Data_Foundation\data\raw\peer_groups.xlsx
2026-07-22 01:30:11,180 - peer_analytics - INFO - Loading peer groups from Excel file: C:\Users\Ridhi Kapoor\Desktop\Projects\Nifty100_Data_Foundation\data\raw\peer_groups.xlsx
2026-07-22 01:30:11,194 - peer_analytics - INFO - Loading peer groups from Excel file: C:\Users\Ridhi Kapoor\Desktop\Projects\Nifty100_Data_Foundation\data\raw\peer_groups.xlsx
2026-07-22 01:30:11,211 - peer_analytics - INFO - Loading peer groups from Excel file: C:\Users\Ridhi Kapoor\Desktop\Projects\Nifty100_Data_Foundation\data\raw\peer_groups.xlsx
2026-07-22 01:30:11,567 - peer_analytics - INFO - Loading peer groups from Excel file: C:\Users\Ridhi Kapoor\Desktop\Projects\Nifty100_Data_Foundation\data\raw\peer_groups.xlsx
2026-07-22 01:30:11,961 - peer_analytics - INFO - Computing peer percentiles...
2026-07-22 01:30:11,962 - peer_analytics - INFO - Loading peer groups from Excel file: C:\Users\Ridhi Kapoor\Desktop\Projects\Nifty100_Data_Foundation\data\raw\peer_groups.xlsx
2026-07-22 01:30:12,266 - peer_analytics - INFO - Connecting to database at C:\Users\Ridhi Kapoor\Desktop\Projects\Nifty100_Data_Foundation\data\db\nifty100.db to populate peer_percentiles...
2026-07-22 01:30:12,279 - peer_analytics - INFO - Recreating peer_percentiles table...
2026-07-22 01:30:12,554 - peer_analytics - INFO - Inserting 6460 records into peer_percentiles...
2026-07-22 01:30:12,569 - peer_analytics - INFO - Verification complete. Total rows in peer_percentiles table: 6460
2026-07-22 01:30:12,581 - peer_analytics - INFO - Loading peer groups from Excel file: C:\Users\Ridhi Kapoor\Desktop\Projects\Nifty100_Data_Foundation\data\raw\peer_groups.xlsx
2026-07-22 01:35:33,036 - peer_analytics - INFO - Loading peer groups from Excel file: C:\Users\Ridhi Kapoor\Desktop\Projects\Nifty100_Data_Foundation\data\raw\peer_groups.xlsx
2026-07-22 01:35:33,080 - peer_analytics - INFO - Loading peer groups from Excel file: C:\Users\Ridhi Kapoor\Desktop\Projects\Nifty100_Data_Foundation\data\raw\peer_groups.xlsx
2026-07-22 01:35:33,101 - peer_analytics - INFO - Loading peer groups from Excel file: C:\Users\Ridhi Kapoor\Desktop\Projects\Nifty100_Data_Foundation\data\raw\peer_groups.xlsx
2026-07-22 01:35:33,114 - peer_analytics - INFO - Loading peer groups from Excel file: C:\Users\Ridhi Kapoor\Desktop\Projects\Nifty100_Data_Foundation\data\raw\peer_groups.xlsx
2026-07-22 01:35:33,131 - peer_analytics - INFO - Loading peer groups from Excel file: C:\Users\Ridhi Kapoor\Desktop\Projects\Nifty100_Data_Foundation\data\raw\peer_groups.xlsx
2026-07-22 01:35:33,586 - peer_analytics - INFO - Loading peer groups from Excel file: C:\Users\Ridhi Kapoor\Desktop\Projects\Nifty100_Data_Foundation\data\raw\peer_groups.xlsx
2026-07-22 01:35:34,095 - peer_analytics - INFO - Computing peer percentiles...
2026-07-22 01:35:34,095 - peer_analytics - INFO - Loading peer groups from Excel file: C:\Users\Ridhi Kapoor\Desktop\Projects\Nifty100_Data_Foundation\data\raw\peer_groups.xlsx
2026-07-22 01:35:34,583 - peer_analytics - INFO - Connecting to database at C:\Users\Ridhi Kapoor\Desktop\Projects\Nifty100_Data_Foundation\data\db\nifty100.db to populate peer_percentiles...
2026-07-22 01:35:34,583 - peer_analytics - INFO - Recreating peer_percentiles table...
2026-07-22 01:35:34,912 - peer_analytics - INFO - Inserting 6460 records into peer_percentiles...
2026-07-22 01:35:34,950 - peer_analytics - INFO - Verification complete. Total rows in peer_percentiles table: 6460
2026-07-22 01:35:34,965 - peer_analytics - INFO - Loading peer groups from Excel file: C:\Users\Ridhi Kapoor\Desktop\Projects\Nifty100_Data_Foundation\data\raw\peer_groups.xlsx
2026-07-22 01:44:01,380 - peer_analytics - INFO - Loading peer groups from Excel file: C:\Users\Ridhi Kapoor\Desktop\Projects\Nifty100_Data_Foundation\data\raw\peer_groups.xlsx
2026-07-22 01:44:01,423 - peer_analytics - INFO - Loading peer groups from Excel file: C:\Users\Ridhi Kapoor\Desktop\Projects\Nifty100_Data_Foundation\data\raw\peer_groups.xlsx
2026-07-22 01:44:01,449 - peer_analytics - INFO - Loading peer groups from Excel file: C:\Users\Ridhi Kapoor\Desktop\Projects\Nifty100_Data_Foundation\data\raw\peer_groups.xlsx
2026-07-22 01:44:01,465 - peer_analytics - INFO - Loading peer groups from Excel file: C:\Users\Ridhi Kapoor\Desktop\Projects\Nifty100_Data_Foundation\data\raw\peer_groups.xlsx
2026-07-22 01:44:01,479 - peer_analytics - INFO - Loading peer groups from Excel file: C:\Users\Ridhi Kapoor\Desktop\Projects\Nifty100_Data_Foundation\data\raw\peer_groups.xlsx
2026-07-22 01:44:01,889 - peer_analytics - INFO - Loading peer groups from Excel file: C:\Users\Ridhi Kapoor\Desktop\Projects\Nifty100_Data_Foundation\data\raw\peer_groups.xlsx
2026-07-22 01:44:02,386 - peer_analytics - INFO - Computing peer percentiles...
2026-07-22 01:44:02,386 - peer_analytics - INFO - Loading peer groups from Excel file: C:\Users\Ridhi Kapoor\Desktop\Projects\Nifty100_Data_Foundation\data\raw\peer_groups.xlsx
2026-07-22 01:44:02,813 - peer_analytics - INFO - Connecting to database at C:\Users\Ridhi Kapoor\Desktop\Projects\Nifty100_Data_Foundation\data\db\nifty100.db to populate peer_percentiles...
2026-07-22 01:44:02,813 - peer_analytics - INFO - Recreating peer_percentiles table...
2026-07-22 01:44:03,072 - peer_analytics - INFO - Inserting 6460 records into peer_percentiles...
2026-07-22 01:44:03,100 - peer_analytics - INFO - Verification complete. Total rows in peer_percentiles table: 6460
2026-07-22 01:44:03,108 - peer_analytics - INFO - Loading peer groups from Excel file: C:\Users\Ridhi Kapoor\Desktop\Projects\Nifty100_Data_Foundation\data\raw\peer_groups.xlsx
2026-07-22 01:59:45,589 - peer_analytics - INFO - Loading peer groups from Excel file: C:\Users\Ridhi Kapoor\Desktop\Projects\Nifty100_Data_Foundation\data\raw\peer_groups.xlsx
2026-07-22 01:59:45,617 - peer_analytics - INFO - Loading peer groups from Excel file: C:\Users\Ridhi Kapoor\Desktop\Projects\Nifty100_Data_Foundation\data\raw\peer_groups.xlsx
2026-07-22 01:59:45,635 - peer_analytics - INFO - Loading peer groups from Excel file: C:\Users\Ridhi Kapoor\Desktop\Projects\Nifty100_Data_Foundation\data\raw\peer_groups.xlsx
2026-07-22 01:59:45,653 - peer_analytics - INFO - Loading peer groups from Excel file: C:\Users\Ridhi Kapoor\Desktop\Projects\Nifty100_Data_Foundation\data\raw\peer_groups.xlsx
2026-07-22 01:59:45,674 - peer_analytics - INFO - Loading peer groups from Excel file: C:\Users\Ridhi Kapoor\Desktop\Projects\Nifty100_Data_Foundation\data\raw\peer_groups.xlsx
2026-07-22 01:59:46,092 - peer_analytics - INFO - Loading peer groups from Excel file: C:\Users\Ridhi Kapoor\Desktop\Projects\Nifty100_Data_Foundation\data\raw\peer_groups.xlsx
2026-07-22 01:59:46,557 - peer_analytics - INFO - Computing peer percentiles...
2026-07-22 01:59:46,558 - peer_analytics - INFO - Loading peer groups from Excel file: C:\Users\Ridhi Kapoor\Desktop\Projects\Nifty100_Data_Foundation\data\raw\peer_groups.xlsx
2026-07-22 01:59:46,987 - peer_analytics - INFO - Connecting to database at C:\Users\Ridhi Kapoor\Desktop\Projects\Nifty100_Data_Foundation\data\db\nifty100.db to populate peer_percentiles...
2026-07-22 01:59:46,987 - peer_analytics - INFO - Recreating peer_percentiles table...
2026-07-22 01:59:47,345 - peer_analytics - INFO - Inserting 6460 records into peer_percentiles...
2026-07-22 01:59:47,373 - peer_analytics - INFO - Verification complete. Total rows in peer_percentiles table: 6460
2026-07-22 01:59:47,379 - peer_analytics - INFO - Loading peer groups from Excel file: C:\Users\Ridhi Kapoor\Desktop\Projects\Nifty100_Data_Foundation\data\raw\peer_groups.xlsx
2026-07-22 22:43:20,264 - peer_analytics - INFO - Loading peer groups from Excel file: C:\Users\Ridhi Kapoor\Desktop\Projects\Nifty100_Data_Foundation\data\raw\peer_groups.xlsx
2026-07-22 22:43:20,543 - peer_analytics - INFO - Loading peer groups from Excel file: C:\Users\Ridhi Kapoor\Desktop\Projects\Nifty100_Data_Foundation\data\raw\peer_groups.xlsx
2026-07-22 22:43:20,545 - peer_analytics - WARNING - Failed to load peer groups: Missing optional dependency 'openpyxl'.  Use pip or conda to install openpyxl.
2026-07-22 22:43:20,545 - peer_analytics - INFO - Loading peer groups from Excel file: C:\Users\Ridhi Kapoor\Desktop\Projects\Nifty100_Data_Foundation\data\raw\peer_groups.xlsx
2026-07-22 22:43:20,546 - peer_analytics - WARNING - Failed to load peer groups: Missing optional dependency 'openpyxl'.  Use pip or conda to install openpyxl.
2026-07-22 22:43:20,548 - peer_analytics - INFO - Loading peer groups from Excel file: C:\Users\Ridhi Kapoor\Desktop\Projects\Nifty100_Data_Foundation\data\raw\peer_groups.xlsx
2026-07-22 22:43:20,548 - peer_analytics - WARNING - Failed to load peer groups: Missing optional dependency 'openpyxl'.  Use pip or conda to install openpyxl.
2026-07-22 22:43:20,553 - peer_analytics - INFO - Loading peer groups from Excel file: C:\Users\Ridhi Kapoor\Desktop\Projects\Nifty100_Data_Foundation\data\raw\peer_groups.xlsx
2026-07-22 22:43:20,603 - peer_analytics - INFO - Loading peer groups from Excel file: C:\Users\Ridhi Kapoor\Desktop\Projects\Nifty100_Data_Foundation\data\raw\peer_groups.xlsx
2026-07-22 22:43:20,657 - peer_analytics - INFO - Computing peer percentiles...
2026-07-22 22:43:20,657 - peer_analytics - INFO - Loading peer groups from Excel file: C:\Users\Ridhi Kapoor\Desktop\Projects\Nifty100_Data_Foundation\data\raw\peer_groups.xlsx
2026-07-22 22:43:20,712 - peer_analytics - INFO - Loading peer groups from Excel file: C:\Users\Ridhi Kapoor\Desktop\Projects\Nifty100_Data_Foundation\data\raw\peer_groups.xlsx
2026-07-22 22:43:20,715 - peer_analytics - WARNING - Failed to load peer groups: Missing optional dependency 'openpyxl'.  Use pip or conda to install openpyxl.
2026-07-22 22:55:34,495 - peer_analytics - INFO - Loading peer groups from Excel file: C:\Users\Ridhi Kapoor\Desktop\Projects\Nifty100_Data_Foundation\data\raw\peer_groups.xlsx
2026-07-22 22:55:34,538 - peer_analytics - INFO - Loading peer groups from Excel file: C:\Users\Ridhi Kapoor\Desktop\Projects\Nifty100_Data_Foundation\data\raw\peer_groups.xlsx
2026-07-22 22:55:34,556 - peer_analytics - INFO - Loading peer groups from Excel file: C:\Users\Ridhi Kapoor\Desktop\Projects\Nifty100_Data_Foundation\data\raw\peer_groups.xlsx
2026-07-22 22:55:34,570 - peer_analytics - INFO - Loading peer groups from Excel file: C:\Users\Ridhi Kapoor\Desktop\Projects\Nifty100_Data_Foundation\data\raw\peer_groups.xlsx
2026-07-22 22:55:34,596 - peer_analytics - INFO - Loading peer groups from Excel file: C:\Users\Ridhi Kapoor\Desktop\Projects\Nifty100_Data_Foundation\data\raw\peer_groups.xlsx
2026-07-22 22:55:35,037 - peer_analytics - INFO - Loading peer groups from Excel file: C:\Users\Ridhi Kapoor\Desktop\Projects\Nifty100_Data_Foundation\data\raw\peer_groups.xlsx
2026-07-22 22:55:35,546 - peer_analytics - INFO - Computing peer percentiles...
2026-07-22 22:55:35,546 - peer_analytics - INFO - Loading peer groups from Excel file: C:\Users\Ridhi Kapoor\Desktop\Projects\Nifty100_Data_Foundation\data\raw\peer_groups.xlsx
2026-07-22 22:55:35,986 - peer_analytics - INFO - Connecting to database at C:\Users\Ridhi Kapoor\Desktop\Projects\Nifty100_Data_Foundation\data\db\nifty100.db to populate peer_percentiles...
2026-07-22 22:55:35,986 - peer_analytics - INFO - Recreating peer_percentiles table...
2026-07-22 22:55:36,353 - peer_analytics - INFO - Inserting 6460 records into peer_percentiles...
2026-07-22 22:55:36,386 - peer_analytics - INFO - Verification complete. Total rows in peer_percentiles table: 6460
2026-07-22 22:55:36,398 - peer_analytics - INFO - Loading peer groups from Excel file: C:\Users\Ridhi Kapoor\Desktop\Projects\Nifty100_Data_Foundation\data\raw\peer_groups.xlsx
2026-07-22 23:14:11,945 - peer_analytics - INFO - Loading peer groups from Excel file: C:\Users\Ridhi Kapoor\Desktop\Projects\Nifty100_Data_Foundation\data\raw\peer_groups.xlsx
2026-07-22 23:14:11,983 - peer_analytics - INFO - Loading peer groups from Excel file: C:\Users\Ridhi Kapoor\Desktop\Projects\Nifty100_Data_Foundation\data\raw\peer_groups.xlsx
2026-07-22 23:14:11,996 - peer_analytics - INFO - Loading peer groups from Excel file: C:\Users\Ridhi Kapoor\Desktop\Projects\Nifty100_Data_Foundation\data\raw\peer_groups.xlsx
2026-07-22 23:14:12,008 - peer_analytics - INFO - Loading peer groups from Excel file: C:\Users\Ridhi Kapoor\Desktop\Projects\Nifty100_Data_Foundation\data\raw\peer_groups.xlsx
2026-07-22 23:14:12,027 - peer_analytics - INFO - Loading peer groups from Excel file: C:\Users\Ridhi Kapoor\Desktop\Projects\Nifty100_Data_Foundation\data\raw\peer_groups.xlsx
2026-07-22 23:14:12,452 - peer_analytics - INFO - Loading peer groups from Excel file: C:\Users\Ridhi Kapoor\Desktop\Projects\Nifty100_Data_Foundation\data\raw\peer_groups.xlsx
2026-07-22 23:14:12,948 - peer_analytics - INFO - Computing peer percentiles...
2026-07-22 23:14:12,948 - peer_analytics - INFO - Loading peer groups from Excel file: C:\Users\Ridhi Kapoor\Desktop\Projects\Nifty100_Data_Foundation\data\raw\peer_groups.xlsx
2026-07-22 23:14:13,411 - peer_analytics - INFO - Connecting to database at C:\Users\Ridhi Kapoor\Desktop\Projects\Nifty100_Data_Foundation\data\db\nifty100.db to populate peer_percentiles...
2026-07-22 23:14:13,411 - peer_analytics - INFO - Recreating peer_percentiles table...
2026-07-22 23:14:13,673 - peer_analytics - INFO - Inserting 6460 records into peer_percentiles...
2026-07-22 23:14:13,712 - peer_analytics - INFO - Verification complete. Total rows in peer_percentiles table: 6460
2026-07-22 23:14:13,719 - peer_analytics - INFO - Loading peer groups from Excel file: C:\Users\Ridhi Kapoor\Desktop\Projects\Nifty100_Data_Foundation\data\raw\peer_groups.xlsx
2026-07-22 23:15:21,035 - peer_analytics - INFO - Loading peer groups from Excel file: C:\Users\Ridhi Kapoor\Desktop\Projects\Nifty100_Data_Foundation\data\raw\peer_groups.xlsx
2026-07-22 23:15:21,069 - peer_analytics - INFO - Loading peer groups from Excel file: C:\Users\Ridhi Kapoor\Desktop\Projects\Nifty100_Data_Foundation\data\raw\peer_groups.xlsx
2026-07-22 23:15:21,088 - peer_analytics - INFO - Loading peer groups from Excel file: C:\Users\Ridhi Kapoor\Desktop\Projects\Nifty100_Data_Foundation\data\raw\peer_groups.xlsx
2026-07-22 23:15:21,106 - peer_analytics - INFO - Loading peer groups from Excel file: C:\Users\Ridhi Kapoor\Desktop\Projects\Nifty100_Data_Foundation\data\raw\peer_groups.xlsx
2026-07-22 23:15:21,135 - peer_analytics - INFO - Loading peer groups from Excel file: C:\Users\Ridhi Kapoor\Desktop\Projects\Nifty100_Data_Foundation\data\raw\peer_groups.xlsx
2026-07-22 23:15:21,624 - peer_analytics - INFO - Loading peer groups from Excel file: C:\Users\Ridhi Kapoor\Desktop\Projects\Nifty100_Data_Foundation\data\raw\peer_groups.xlsx
2026-07-22 23:15:22,222 - peer_analytics - INFO - Computing peer percentiles...
2026-07-22 23:15:22,223 - peer_analytics - INFO - Loading peer groups from Excel file: C:\Users\Ridhi Kapoor\Desktop\Projects\Nifty100_Data_Foundation\data\raw\peer_groups.xlsx
2026-07-22 23:15:22,737 - peer_analytics - INFO - Connecting to database at C:\Users\Ridhi Kapoor\Desktop\Projects\Nifty100_Data_Foundation\data\db\nifty100.db to populate peer_percentiles...
2026-07-22 23:15:22,737 - peer_analytics - INFO - Recreating peer_percentiles table...
2026-07-22 23:15:22,995 - peer_analytics - INFO - Inserting 6460 records into peer_percentiles...
2026-07-22 23:15:23,027 - peer_analytics - INFO - Verification complete. Total rows in peer_percentiles table: 6460
2026-07-22 23:15:23,036 - peer_analytics - INFO - Loading peer groups from Excel file: C:\Users\Ridhi Kapoor\Desktop\Projects\Nifty100_Data_Foundation\data\raw\peer_groups.xlsx
2026-07-22 23:19:57,763 - peer_analytics - INFO - Loading peer groups from Excel file: C:\Users\Ridhi Kapoor\Desktop\Projects\Nifty100_Data_Foundation\data\raw\peer_groups.xlsx
2026-07-22 23:19:57,782 - peer_analytics - INFO - Loading peer groups from Excel file: C:\Users\Ridhi Kapoor\Desktop\Projects\Nifty100_Data_Foundation\data\raw\peer_groups.xlsx
2026-07-22 23:19:57,795 - peer_analytics - INFO - Loading peer groups from Excel file: C:\Users\Ridhi Kapoor\Desktop\Projects\Nifty100_Data_Foundation\data\raw\peer_groups.xlsx
2026-07-22 23:19:57,806 - peer_analytics - INFO - Loading peer groups from Excel file: C:\Users\Ridhi Kapoor\Desktop\Projects\Nifty100_Data_Foundation\data\raw\peer_groups.xlsx
2026-07-22 23:19:57,819 - peer_analytics - INFO - Loading peer groups from Excel file: C:\Users\Ridhi Kapoor\Desktop\Projects\Nifty100_Data_Foundation\data\raw\peer_groups.xlsx
2026-07-22 23:19:58,079 - peer_analytics - INFO - Loading peer groups from Excel file: C:\Users\Ridhi Kapoor\Desktop\Projects\Nifty100_Data_Foundation\data\raw\peer_groups.xlsx
2026-07-22 23:19:58,411 - peer_analytics - INFO - Computing peer percentiles...
2026-07-22 23:19:58,412 - peer_analytics - INFO - Loading peer groups from Excel file: C:\Users\Ridhi Kapoor\Desktop\Projects\Nifty100_Data_Foundation\data\raw\peer_groups.xlsx
2026-07-22 23:19:58,687 - peer_analytics - INFO - Connecting to database at C:\Users\Ridhi Kapoor\Desktop\Projects\Nifty100_Data_Foundation\data\db\nifty100.db to populate peer_percentiles...
2026-07-22 23:19:58,687 - peer_analytics - INFO - Recreating peer_percentiles table...
2026-07-22 23:19:58,873 - peer_analytics - INFO - Inserting 6460 records into peer_percentiles...
2026-07-22 23:19:58,892 - peer_analytics - INFO - Verification complete. Total rows in peer_percentiles table: 6460
2026-07-22 23:19:58,896 - peer_analytics - INFO - Loading peer groups from Excel file: C:\Users\Ridhi Kapoor\Desktop\Projects\Nifty100_Data_Foundation\data\raw\peer_groups.xlsx
2026-07-22 23:23:58,417 - peer_analytics - INFO - Loading peer groups from Excel file: C:\Users\Ridhi Kapoor\Desktop\Projects\Nifty100_Data_Foundation\data\raw\peer_groups.xlsx
2026-07-22 23:23:58,435 - peer_analytics - INFO - Loading peer groups from Excel file: C:\Users\Ridhi Kapoor\Desktop\Projects\Nifty100_Data_Foundation\data\raw\peer_groups.xlsx
2026-07-22 23:23:58,445 - peer_analytics - INFO - Loading peer groups from Excel file: C:\Users\Ridhi Kapoor\Desktop\Projects\Nifty100_Data_Foundation\data\raw\peer_groups.xlsx
2026-07-22 23:23:58,453 - peer_analytics - INFO - Loading peer groups from Excel file: C:\Users\Ridhi Kapoor\Desktop\Projects\Nifty100_Data_Foundation\data\raw\peer_groups.xlsx
2026-07-22 23:23:58,468 - peer_analytics - INFO - Loading peer groups from Excel file: C:\Users\Ridhi Kapoor\Desktop\Projects\Nifty100_Data_Foundation\data\raw\peer_groups.xlsx
2026-07-22 23:23:58,737 - peer_analytics - INFO - Loading peer groups from Excel file: C:\Users\Ridhi Kapoor\Desktop\Projects\Nifty100_Data_Foundation\data\raw\peer_groups.xlsx
2026-07-22 23:23:59,038 - peer_analytics - INFO - Computing peer percentiles...
2026-07-22 23:23:59,038 - peer_analytics - INFO - Loading peer groups from Excel file: C:\Users\Ridhi Kapoor\Desktop\Projects\Nifty100_Data_Foundation\data\raw\peer_groups.xlsx
2026-07-22 23:23:59,326 - peer_analytics - INFO - Connecting to database at C:\Users\Ridhi Kapoor\Desktop\Projects\Nifty100_Data_Foundation\data\db\nifty100.db to populate peer_percentiles...
2026-07-22 23:23:59,326 - peer_analytics - INFO - Recreating peer_percentiles table...
2026-07-22 23:23:59,505 - peer_analytics - INFO - Inserting 6460 records into peer_percentiles...
2026-07-22 23:23:59,523 - peer_analytics - INFO - Verification complete. Total rows in peer_percentiles table: 6460
2026-07-22 23:23:59,529 - peer_analytics - INFO - Loading peer groups from Excel file: C:\Users\Ridhi Kapoor\Desktop\Projects\Nifty100_Data_Foundation\data\raw\peer_groups.xlsx
2026-07-22 23:26:35,553 - peer_analytics - INFO - Loading peer groups from Excel file: C:\Users\Ridhi Kapoor\Desktop\Projects\Nifty100_Data_Foundation\data\raw\peer_groups.xlsx
2026-07-22 23:26:35,573 - peer_analytics - INFO - Loading peer groups from Excel file: C:\Users\Ridhi Kapoor\Desktop\Projects\Nifty100_Data_Foundation\data\raw\peer_groups.xlsx
2026-07-22 23:26:35,584 - peer_analytics - INFO - Loading peer groups from Excel file: C:\Users\Ridhi Kapoor\Desktop\Projects\Nifty100_Data_Foundation\data\raw\peer_groups.xlsx
2026-07-22 23:26:35,594 - peer_analytics - INFO - Loading peer groups from Excel file: C:\Users\Ridhi Kapoor\Desktop\Projects\Nifty100_Data_Foundation\data\raw\peer_groups.xlsx
2026-07-22 23:26:35,604 - peer_analytics - INFO - Loading peer groups from Excel file: C:\Users\Ridhi Kapoor\Desktop\Projects\Nifty100_Data_Foundation\data\raw\peer_groups.xlsx
2026-07-22 23:26:35,864 - peer_analytics - INFO - Loading peer groups from Excel file: C:\Users\Ridhi Kapoor\Desktop\Projects\Nifty100_Data_Foundation\data\raw\peer_groups.xlsx
2026-07-22 23:26:36,161 - peer_analytics - INFO - Computing peer percentiles...
2026-07-22 23:26:36,161 - peer_analytics - INFO - Loading peer groups from Excel file: C:\Users\Ridhi Kapoor\Desktop\Projects\Nifty100_Data_Foundation\data\raw\peer_groups.xlsx
2026-07-22 23:26:36,439 - peer_analytics - INFO - Connecting to database at C:\Users\Ridhi Kapoor\Desktop\Projects\Nifty100_Data_Foundation\data\db\nifty100.db to populate peer_percentiles...
2026-07-22 23:26:36,441 - peer_analytics - INFO - Recreating peer_percentiles table...
2026-07-22 23:26:36,611 - peer_analytics - INFO - Inserting 6460 records into peer_percentiles...
2026-07-22 23:26:36,630 - peer_analytics - INFO - Verification complete. Total rows in peer_percentiles table: 6460
2026-07-22 23:26:36,634 - peer_analytics - INFO - Loading peer groups from Excel file: C:\Users\Ridhi Kapoor\Desktop\Projects\Nifty100_Data_Foundation\data\raw\peer_groups.xlsx
2026-07-23 00:38:10,652 - peer_analytics - INFO - Loading peer groups from Excel file: C:\Users\Ridhi Kapoor\Desktop\Projects\Nifty100_Data_Foundation\data\raw\peer_groups.xlsx
2026-07-23 00:38:10,694 - peer_analytics - INFO - Loading peer groups from Excel file: C:\Users\Ridhi Kapoor\Desktop\Projects\Nifty100_Data_Foundation\data\raw\peer_groups.xlsx
2026-07-23 00:38:10,703 - peer_analytics - INFO - Loading peer groups from Excel file: C:\Users\Ridhi Kapoor\Desktop\Projects\Nifty100_Data_Foundation\data\raw\peer_groups.xlsx
2026-07-23 00:38:10,713 - peer_analytics - INFO - Loading peer groups from Excel file: C:\Users\Ridhi Kapoor\Desktop\Projects\Nifty100_Data_Foundation\data\raw\peer_groups.xlsx
2026-07-23 00:38:10,725 - peer_analytics - INFO - Loading peer groups from Excel file: C:\Users\Ridhi Kapoor\Desktop\Projects\Nifty100_Data_Foundation\data\raw\peer_groups.xlsx
2026-07-23 00:38:10,991 - peer_analytics - INFO - Loading peer groups from Excel file: C:\Users\Ridhi Kapoor\Desktop\Projects\Nifty100_Data_Foundation\data\raw\peer_groups.xlsx
2026-07-23 00:38:11,327 - peer_analytics - INFO - Computing peer percentiles...
2026-07-23 00:38:11,327 - peer_analytics - INFO - Loading peer groups from Excel file: C:\Users\Ridhi Kapoor\Desktop\Projects\Nifty100_Data_Foundation\data\raw\peer_groups.xlsx
2026-07-23 00:38:11,598 - peer_analytics - INFO - Connecting to database at C:\Users\Ridhi Kapoor\Desktop\Projects\Nifty100_Data_Foundation\data\db\nifty100.db to populate peer_percentiles...
2026-07-23 00:38:11,598 - peer_analytics - INFO - Recreating peer_percentiles table...
2026-07-23 00:38:11,792 - peer_analytics - INFO - Inserting 6460 records into peer_percentiles...
2026-07-23 00:38:11,813 - peer_analytics - INFO - Verification complete. Total rows in peer_percentiles table: 6460
2026-07-23 00:38:11,819 - peer_analytics - INFO - Loading peer groups from Excel file: C:\Users\Ridhi Kapoor\Desktop\Projects\Nifty100_Data_Foundation\data\raw\peer_groups.xlsx
2026-07-23 00:38:55,638 - peer_analytics - INFO - Loading peer groups from Excel file: C:\Users\Ridhi Kapoor\Desktop\Projects\Nifty100_Data_Foundation\data\raw\peer_groups.xlsx
2026-07-23 00:38:55,659 - peer_analytics - INFO - Loading peer groups from Excel file: C:\Users\Ridhi Kapoor\Desktop\Projects\Nifty100_Data_Foundation\data\raw\peer_groups.xlsx
2026-07-23 00:38:55,670 - peer_analytics - INFO - Loading peer groups from Excel file: C:\Users\Ridhi Kapoor\Desktop\Projects\Nifty100_Data_Foundation\data\raw\peer_groups.xlsx
2026-07-23 00:38:55,683 - peer_analytics - INFO - Loading peer groups from Excel file: C:\Users\Ridhi Kapoor\Desktop\Projects\Nifty100_Data_Foundation\data\raw\peer_groups.xlsx
2026-07-23 00:38:55,698 - peer_analytics - INFO - Loading peer groups from Excel file: C:\Users\Ridhi Kapoor\Desktop\Projects\Nifty100_Data_Foundation\data\raw\peer_groups.xlsx
2026-07-23 00:38:55,965 - peer_analytics - INFO - Loading peer groups from Excel file: C:\Users\Ridhi Kapoor\Desktop\Projects\Nifty100_Data_Foundation\data\raw\peer_groups.xlsx
2026-07-23 00:38:56,271 - peer_analytics - INFO - Computing peer percentiles...
2026-07-23 00:38:56,272 - peer_analytics - INFO - Loading peer groups from Excel file: C:\Users\Ridhi Kapoor\Desktop\Projects\Nifty100_Data_Foundation\data\raw\peer_groups.xlsx
2026-07-23 00:38:56,574 - peer_analytics - INFO - Connecting to database at C:\Users\Ridhi Kapoor\Desktop\Projects\Nifty100_Data_Foundation\data\db\nifty100.db to populate peer_percentiles...
2026-07-23 00:38:56,574 - peer_analytics - INFO - Recreating peer_percentiles table...
2026-07-23 00:38:56,756 - peer_analytics - INFO - Inserting 6460 records into peer_percentiles...
2026-07-23 00:38:56,777 - peer_analytics - INFO - Verification complete. Total rows in peer_percentiles table: 6460
2026-07-23 00:38:56,783 - peer_analytics - INFO - Loading peer groups from Excel file: C:\Users\Ridhi Kapoor\Desktop\Projects\Nifty100_Data_Foundation\data\raw\peer_groups.xlsx
2026-07-23 00:47:51,544 - peer_analytics - INFO - Loading peer groups from Excel file: C:\Users\Ridhi Kapoor\Desktop\Projects\Nifty100_Data_Foundation\data\raw\peer_groups.xlsx
2026-07-23 00:47:51,556 - peer_analytics - INFO - Loading peer groups from Excel file: C:\Users\Ridhi Kapoor\Desktop\Projects\Nifty100_Data_Foundation\data\raw\peer_groups.xlsx
2026-07-23 00:47:51,565 - peer_analytics - INFO - Loading peer groups from Excel file: C:\Users\Ridhi Kapoor\Desktop\Projects\Nifty100_Data_Foundation\data\raw\peer_groups.xlsx
2026-07-23 00:47:51,573 - peer_analytics - INFO - Loading peer groups from Excel file: C:\Users\Ridhi Kapoor\Desktop\Projects\Nifty100_Data_Foundation\data\raw\peer_groups.xlsx
2026-07-23 00:47:51,587 - peer_analytics - INFO - Loading peer groups from Excel file: C:\Users\Ridhi Kapoor\Desktop\Projects\Nifty100_Data_Foundation\data\raw\peer_groups.xlsx
2026-07-23 00:47:51,891 - peer_analytics - INFO - Loading peer groups from Excel file: C:\Users\Ridhi Kapoor\Desktop\Projects\Nifty100_Data_Foundation\data\raw\peer_groups.xlsx
2026-07-23 00:47:52,263 - peer_analytics - INFO - Computing peer percentiles...
2026-07-23 00:47:52,263 - peer_analytics - INFO - Loading peer groups from Excel file: C:\Users\Ridhi Kapoor\Desktop\Projects\Nifty100_Data_Foundation\data\raw\peer_groups.xlsx
2026-07-23 00:47:52,571 - peer_analytics - INFO - Connecting to database at C:\Users\Ridhi Kapoor\Desktop\Projects\Nifty100_Data_Foundation\data\db\nifty100.db to populate peer_percentiles...
2026-07-23 00:47:52,572 - peer_analytics - INFO - Recreating peer_percentiles table...
2026-07-23 00:47:53,186 - peer_analytics - INFO - Inserting 6460 records into peer_percentiles...
2026-07-23 00:47:53,230 - peer_analytics - INFO - Verification complete. Total rows in peer_percentiles table: 6460
2026-07-23 00:47:53,243 - peer_analytics - INFO - Loading peer groups from Excel file: C:\Users\Ridhi Kapoor\Desktop\Projects\Nifty100_Data_Foundation\data\raw\peer_groups.xlsx
2026-07-23 01:19:57,177 - peer_analytics - INFO - Loading peer groups from Excel file: C:\Users\Ridhi Kapoor\Desktop\Projects\Nifty100_Data_Foundation\data\raw\peer_groups.xlsx
2026-07-23 01:19:57,194 - peer_analytics - INFO - Loading peer groups from Excel file: C:\Users\Ridhi Kapoor\Desktop\Projects\Nifty100_Data_Foundation\data\raw\peer_groups.xlsx
2026-07-23 01:19:57,205 - peer_analytics - INFO - Loading peer groups from Excel file: C:\Users\Ridhi Kapoor\Desktop\Projects\Nifty100_Data_Foundation\data\raw\peer_groups.xlsx
2026-07-23 01:19:57,220 - peer_analytics - INFO - Loading peer groups from Excel file: C:\Users\Ridhi Kapoor\Desktop\Projects\Nifty100_Data_Foundation\data\raw\peer_groups.xlsx
2026-07-23 01:19:57,233 - peer_analytics - INFO - Loading peer groups from Excel file: C:\Users\Ridhi Kapoor\Desktop\Projects\Nifty100_Data_Foundation\data\raw\peer_groups.xlsx
2026-07-23 01:19:57,522 - peer_analytics - INFO - Loading peer groups from Excel file: C:\Users\Ridhi Kapoor\Desktop\Projects\Nifty100_Data_Foundation\data\raw\peer_groups.xlsx
2026-07-23 01:19:57,899 - peer_analytics - INFO - Computing peer percentiles...
2026-07-23 01:19:57,899 - peer_analytics - INFO - Loading peer groups from Excel file: C:\Users\Ridhi Kapoor\Desktop\Projects\Nifty100_Data_Foundation\data\raw\peer_groups.xlsx
2026-07-23 01:19:58,170 - peer_analytics - INFO - Connecting to database at C:\Users\Ridhi Kapoor\Desktop\Projects\Nifty100_Data_Foundation\data\db\nifty100.db to populate peer_percentiles...
2026-07-23 01:19:58,171 - peer_analytics - INFO - Recreating peer_percentiles table...
2026-07-23 01:19:58,381 - peer_analytics - INFO - Inserting 6460 records into peer_percentiles...
2026-07-23 01:19:58,402 - peer_analytics - INFO - Verification complete. Total rows in peer_percentiles table: 6460
2026-07-23 01:19:58,407 - peer_analytics - INFO - Loading peer groups from Excel file: C:\Users\Ridhi Kapoor\Desktop\Projects\Nifty100_Data_Foundation\data\raw\peer_groups.xlsx
2026-07-23 14:16:39,720 - peer_analytics - INFO - Loading peer groups from Excel file: C:\Users\Ridhi Kapoor\Desktop\Projects\Nifty100_Data_Foundation\data\raw\peer_groups.xlsx
2026-07-23 14:16:39,766 - peer_analytics - INFO - Loading peer groups from Excel file: C:\Users\Ridhi Kapoor\Desktop\Projects\Nifty100_Data_Foundation\data\raw\peer_groups.xlsx
2026-07-23 14:16:39,800 - peer_analytics - INFO - Loading peer groups from Excel file: C:\Users\Ridhi Kapoor\Desktop\Projects\Nifty100_Data_Foundation\data\raw\peer_groups.xlsx
2026-07-23 14:16:39,813 - peer_analytics - INFO - Loading peer groups from Excel file: C:\Users\Ridhi Kapoor\Desktop\Projects\Nifty100_Data_Foundation\data\raw\peer_groups.xlsx
2026-07-23 14:16:39,833 - peer_analytics - INFO - Loading peer groups from Excel file: C:\Users\Ridhi Kapoor\Desktop\Projects\Nifty100_Data_Foundation\data\raw\peer_groups.xlsx
2026-07-23 14:16:40,238 - peer_analytics - INFO - Loading peer groups from Excel file: C:\Users\Ridhi Kapoor\Desktop\Projects\Nifty100_Data_Foundation\data\raw\peer_groups.xlsx
2026-07-23 14:16:40,773 - peer_analytics - INFO - Computing peer percentiles...
2026-07-23 14:16:40,775 - peer_analytics - INFO - Loading peer groups from Excel file: C:\Users\Ridhi Kapoor\Desktop\Projects\Nifty100_Data_Foundation\data\raw\peer_groups.xlsx
2026-07-23 14:16:41,188 - peer_analytics - INFO - Connecting to database at C:\Users\Ridhi Kapoor\Desktop\Projects\Nifty100_Data_Foundation\data\db\nifty100.db to populate peer_percentiles...
2026-07-23 14:16:41,189 - peer_analytics - INFO - Recreating peer_percentiles table...
2026-07-23 14:16:41,474 - peer_analytics - INFO - Inserting 6460 records into peer_percentiles...
2026-07-23 14:16:41,504 - peer_analytics - INFO - Verification complete. Total rows in peer_percentiles table: 6460
2026-07-23 14:16:41,509 - peer_analytics - INFO - Loading peer groups from Excel file: C:\Users\Ridhi Kapoor\Desktop\Projects\Nifty100_Data_Foundation\data\raw\peer_groups.xlsx
2026-07-23 14:17:56,482 - peer_analytics - INFO - Loading peer groups from Excel file: C:\Users\Ridhi Kapoor\Desktop\Projects\Nifty100_Data_Foundation\data\raw\peer_groups.xlsx
2026-07-23 14:17:56,510 - peer_analytics - INFO - Loading peer groups from Excel file: C:\Users\Ridhi Kapoor\Desktop\Projects\Nifty100_Data_Foundation\data\raw\peer_groups.xlsx
2026-07-23 14:17:56,534 - peer_analytics - INFO - Loading peer groups from Excel file: C:\Users\Ridhi Kapoor\Desktop\Projects\Nifty100_Data_Foundation\data\raw\peer_groups.xlsx
2026-07-23 14:17:56,555 - peer_analytics - INFO - Loading peer groups from Excel file: C:\Users\Ridhi Kapoor\Desktop\Projects\Nifty100_Data_Foundation\data\raw\peer_groups.xlsx
2026-07-23 14:17:56,573 - peer_analytics - INFO - Loading peer groups from Excel file: C:\Users\Ridhi Kapoor\Desktop\Projects\Nifty100_Data_Foundation\data\raw\peer_groups.xlsx
2026-07-23 14:17:56,989 - peer_analytics - INFO - Loading peer groups from Excel file: C:\Users\Ridhi Kapoor\Desktop\Projects\Nifty100_Data_Foundation\data\raw\peer_groups.xlsx
2026-07-23 14:17:57,630 - peer_analytics - INFO - Computing peer percentiles...
2026-07-23 14:17:57,630 - peer_analytics - INFO - Loading peer groups from Excel file: C:\Users\Ridhi Kapoor\Desktop\Projects\Nifty100_Data_Foundation\data\raw\peer_groups.xlsx
2026-07-23 14:17:58,097 - peer_analytics - INFO - Connecting to database at C:\Users\Ridhi Kapoor\Desktop\Projects\Nifty100_Data_Foundation\data\db\nifty100.db to populate peer_percentiles...
2026-07-23 14:17:58,097 - peer_analytics - INFO - Recreating peer_percentiles table...
2026-07-23 14:17:58,379 - peer_analytics - INFO - Inserting 6460 records into peer_percentiles...
2026-07-23 14:17:58,414 - peer_analytics - INFO - Verification complete. Total rows in peer_percentiles table: 6460
2026-07-23 14:17:58,422 - peer_analytics - INFO - Loading peer groups from Excel file: C:\Users\Ridhi Kapoor\Desktop\Projects\Nifty100_Data_Foundation\data\raw\peer_groups.xlsx
2026-07-23 14:26:38,922 - peer_analytics - INFO - Loading peer groups from Excel file: C:\Users\Ridhi Kapoor\Desktop\Projects\Nifty100_Data_Foundation\data\raw\peer_groups.xlsx
2026-07-23 14:26:38,941 - peer_analytics - INFO - Loading peer groups from Excel file: C:\Users\Ridhi Kapoor\Desktop\Projects\Nifty100_Data_Foundation\data\raw\peer_groups.xlsx
2026-07-23 14:26:38,957 - peer_analytics - INFO - Loading peer groups from Excel file: C:\Users\Ridhi Kapoor\Desktop\Projects\Nifty100_Data_Foundation\data\raw\peer_groups.xlsx
2026-07-23 14:26:38,971 - peer_analytics - INFO - Loading peer groups from Excel file: C:\Users\Ridhi Kapoor\Desktop\Projects\Nifty100_Data_Foundation\data\raw\peer_groups.xlsx
2026-07-23 14:26:38,984 - peer_analytics - INFO - Loading peer groups from Excel file: C:\Users\Ridhi Kapoor\Desktop\Projects\Nifty100_Data_Foundation\data\raw\peer_groups.xlsx
2026-07-23 14:26:39,477 - peer_analytics - INFO - Loading peer groups from Excel file: C:\Users\Ridhi Kapoor\Desktop\Projects\Nifty100_Data_Foundation\data\raw\peer_groups.xlsx
2026-07-23 14:26:40,030 - peer_analytics - INFO - Computing peer percentiles...
2026-07-23 14:26:40,030 - peer_analytics - INFO - Loading peer groups from Excel file: C:\Users\Ridhi Kapoor\Desktop\Projects\Nifty100_Data_Foundation\data\raw\peer_groups.xlsx
2026-07-23 14:26:40,438 - peer_analytics - INFO - Connecting to database at C:\Users\Ridhi Kapoor\Desktop\Projects\Nifty100_Data_Foundation\data\db\nifty100.db to populate peer_percentiles...
2026-07-23 14:26:40,438 - peer_analytics - INFO - Recreating peer_percentiles table...
2026-07-23 14:26:40,713 - peer_analytics - INFO - Inserting 6460 records into peer_percentiles...
2026-07-23 14:26:40,745 - peer_analytics - INFO - Verification complete. Total rows in peer_percentiles table: 6460
2026-07-23 14:26:40,751 - peer_analytics - INFO - Loading peer groups from Excel file: C:\Users\Ridhi Kapoor\Desktop\Projects\Nifty100_Data_Foundation\data\raw\peer_groups.xlsx
2026-07-23 14:39:34,777 - peer_analytics - INFO - Loading peer groups from Excel file: C:\Users\Ridhi Kapoor\Desktop\Projects\Nifty100_Data_Foundation\data\raw\peer_groups.xlsx
2026-07-23 14:39:34,787 - peer_analytics - INFO - Loading peer groups from Excel file: C:\Users\Ridhi Kapoor\Desktop\Projects\Nifty100_Data_Foundation\data\raw\peer_groups.xlsx
2026-07-23 14:39:34,799 - peer_analytics - INFO - Loading peer groups from Excel file: C:\Users\Ridhi Kapoor\Desktop\Projects\Nifty100_Data_Foundation\data\raw\peer_groups.xlsx
2026-07-23 14:39:34,814 - peer_analytics - INFO - Loading peer groups from Excel file: C:\Users\Ridhi Kapoor\Desktop\Projects\Nifty100_Data_Foundation\data\raw\peer_groups.xlsx
2026-07-23 14:39:34,831 - peer_analytics - INFO - Loading peer groups from Excel file: C:\Users\Ridhi Kapoor\Desktop\Projects\Nifty100_Data_Foundation\data\raw\peer_groups.xlsx
2026-07-23 14:39:35,167 - peer_analytics - INFO - Loading peer groups from Excel file: C:\Users\Ridhi Kapoor\Desktop\Projects\Nifty100_Data_Foundation\data\raw\peer_groups.xlsx
2026-07-23 14:39:35,587 - peer_analytics - INFO - Computing peer percentiles...
2026-07-23 14:39:35,587 - peer_analytics - INFO - Loading peer groups from Excel file: C:\Users\Ridhi Kapoor\Desktop\Projects\Nifty100_Data_Foundation\data\raw\peer_groups.xlsx
2026-07-23 14:39:36,041 - peer_analytics - INFO - Connecting to database at C:\Users\Ridhi Kapoor\Desktop\Projects\Nifty100_Data_Foundation\data\db\nifty100.db to populate peer_percentiles...
2026-07-23 14:39:36,041 - peer_analytics - INFO - Recreating peer_percentiles table...
2026-07-23 14:39:36,401 - peer_analytics - INFO - Inserting 6460 records into peer_percentiles...
2026-07-23 14:39:36,426 - peer_analytics - INFO - Verification complete. Total rows in peer_percentiles table: 6460
2026-07-23 14:39:36,436 - peer_analytics - INFO - Loading peer groups from Excel file: C:\Users\Ridhi Kapoor\Desktop\Projects\Nifty100_Data_Foundation\data\raw\peer_groups.xlsx
2026-07-23 15:04:26,085 - peer_analytics - INFO - Loading peer groups from Excel file: C:\Users\Ridhi Kapoor\Desktop\Projects\Nifty100_Data_Foundation\data\raw\peer_groups.xlsx
2026-07-23 15:04:26,113 - peer_analytics - INFO - Loading peer groups from Excel file: C:\Users\Ridhi Kapoor\Desktop\Projects\Nifty100_Data_Foundation\data\raw\peer_groups.xlsx
2026-07-23 15:04:26,130 - peer_analytics - INFO - Loading peer groups from Excel file: C:\Users\Ridhi Kapoor\Desktop\Projects\Nifty100_Data_Foundation\data\raw\peer_groups.xlsx
2026-07-23 15:04:26,151 - peer_analytics - INFO - Loading peer groups from Excel file: C:\Users\Ridhi Kapoor\Desktop\Projects\Nifty100_Data_Foundation\data\raw\peer_groups.xlsx
2026-07-23 15:04:26,169 - peer_analytics - INFO - Loading peer groups from Excel file: C:\Users\Ridhi Kapoor\Desktop\Projects\Nifty100_Data_Foundation\data\raw\peer_groups.xlsx
2026-07-23 15:04:26,783 - peer_analytics - INFO - Loading peer groups from Excel file: C:\Users\Ridhi Kapoor\Desktop\Projects\Nifty100_Data_Foundation\data\raw\peer_groups.xlsx
2026-07-23 15:04:27,513 - peer_analytics - INFO - Computing peer percentiles...
2026-07-23 15:04:27,513 - peer_analytics - INFO - Loading peer groups from Excel file: C:\Users\Ridhi Kapoor\Desktop\Projects\Nifty100_Data_Foundation\data\raw\peer_groups.xlsx
2026-07-23 15:04:28,270 - peer_analytics - INFO - Connecting to database at C:\Users\Ridhi Kapoor\Desktop\Projects\Nifty100_Data_Foundation\data\db\nifty100.db to populate peer_percentiles...
2026-07-23 15:04:28,285 - peer_analytics - INFO - Recreating peer_percentiles table...
2026-07-23 15:04:28,796 - peer_analytics - INFO - Inserting 6460 records into peer_percentiles...
2026-07-23 15:04:28,856 - peer_analytics - INFO - Verification complete. Total rows in peer_percentiles table: 6460
2026-07-23 15:04:28,868 - peer_analytics - INFO - Loading peer groups from Excel file: C:\Users\Ridhi Kapoor\Desktop\Projects\Nifty100_Data_Foundation\data\raw\peer_groups.xlsx
2026-07-23 16:01:56,361 - peer_analytics - INFO - Loading peer groups from Excel file: C:\Users\Ridhi Kapoor\Desktop\Projects\Nifty100_Data_Foundation\data\raw\peer_groups.xlsx
2026-07-23 16:01:56,384 - peer_analytics - INFO - Loading peer groups from Excel file: C:\Users\Ridhi Kapoor\Desktop\Projects\Nifty100_Data_Foundation\data\raw\peer_groups.xlsx
2026-07-23 16:01:56,406 - peer_analytics - INFO - Loading peer groups from Excel file: C:\Users\Ridhi Kapoor\Desktop\Projects\Nifty100_Data_Foundation\data\raw\peer_groups.xlsx
2026-07-23 16:01:56,435 - peer_analytics - INFO - Loading peer groups from Excel file: C:\Users\Ridhi Kapoor\Desktop\Projects\Nifty100_Data_Foundation\data\raw\peer_groups.xlsx
2026-07-23 16:01:56,461 - peer_analytics - INFO - Loading peer groups from Excel file: C:\Users\Ridhi Kapoor\Desktop\Projects\Nifty100_Data_Foundation\data\raw\peer_groups.xlsx
2026-07-23 16:01:57,113 - peer_analytics - INFO - Loading peer groups from Excel file: C:\Users\Ridhi Kapoor\Desktop\Projects\Nifty100_Data_Foundation\data\raw\peer_groups.xlsx
2026-07-23 16:01:57,783 - peer_analytics - INFO - Computing peer percentiles...
2026-07-23 16:01:57,784 - peer_analytics - INFO - Loading peer groups from Excel file: C:\Users\Ridhi Kapoor\Desktop\Projects\Nifty100_Data_Foundation\data\raw\peer_groups.xlsx
2026-07-23 16:01:58,258 - peer_analytics - INFO - Connecting to database at C:\Users\Ridhi Kapoor\Desktop\Projects\Nifty100_Data_Foundation\data\db\nifty100.db to populate peer_percentiles...
2026-07-23 16:01:58,259 - peer_analytics - INFO - Recreating peer_percentiles table...
2026-07-23 16:01:58,587 - peer_analytics - INFO - Inserting 6460 records into peer_percentiles...
2026-07-23 16:01:58,623 - peer_analytics - INFO - Verification complete. Total rows in peer_percentiles table: 6460
2026-07-23 16:01:58,633 - peer_analytics - INFO - Loading peer groups from Excel file: C:\Users\Ridhi Kapoor\Desktop\Projects\Nifty100_Data_Foundation\data\raw\peer_groups.xlsx
2026-07-23 16:21:29,512 - peer_analytics - INFO - Loading peer groups from Excel file: C:\Users\Ridhi Kapoor\Desktop\Projects\Nifty100_Data_Foundation\data\raw\peer_groups.xlsx
2026-07-23 16:21:29,526 - peer_analytics - INFO - Loading peer groups from Excel file: C:\Users\Ridhi Kapoor\Desktop\Projects\Nifty100_Data_Foundation\data\raw\peer_groups.xlsx
2026-07-23 16:21:29,538 - peer_analytics - INFO - Loading peer groups from Excel file: C:\Users\Ridhi Kapoor\Desktop\Projects\Nifty100_Data_Foundation\data\raw\peer_groups.xlsx
2026-07-23 16:21:29,553 - peer_analytics - INFO - Loading peer groups from Excel file: C:\Users\Ridhi Kapoor\Desktop\Projects\Nifty100_Data_Foundation\data\raw\peer_groups.xlsx
2026-07-23 16:21:29,579 - peer_analytics - INFO - Loading peer groups from Excel file: C:\Users\Ridhi Kapoor\Desktop\Projects\Nifty100_Data_Foundation\data\raw\peer_groups.xlsx
2026-07-23 16:21:30,156 - peer_analytics - INFO - Loading peer groups from Excel file: C:\Users\Ridhi Kapoor\Desktop\Projects\Nifty100_Data_Foundation\data\raw\peer_groups.xlsx
2026-07-23 16:21:30,722 - peer_analytics - INFO - Computing peer percentiles...
2026-07-23 16:21:30,722 - peer_analytics - INFO - Loading peer groups from Excel file: C:\Users\Ridhi Kapoor\Desktop\Projects\Nifty100_Data_Foundation\data\raw\peer_groups.xlsx
2026-07-23 16:21:31,237 - peer_analytics - INFO - Connecting to database at C:\Users\Ridhi Kapoor\Desktop\Projects\Nifty100_Data_Foundation\data\db\nifty100.db to populate peer_percentiles...
2026-07-23 16:21:31,237 - peer_analytics - INFO - Recreating peer_percentiles table...
2026-07-23 16:21:31,685 - peer_analytics - INFO - Inserting 6460 records into peer_percentiles...
2026-07-23 16:21:31,720 - peer_analytics - INFO - Verification complete. Total rows in peer_percentiles table: 6460
2026-07-23 16:21:31,725 - peer_analytics - INFO - Loading peer groups from Excel file: C:\Users\Ridhi Kapoor\Desktop\Projects\Nifty100_Data_Foundation\data\raw\peer_groups.xlsx
2026-07-23 23:47:40,998 - peer_analytics - INFO - Loading peer groups from Excel file: C:\Users\Ridhi Kapoor\Desktop\Projects\Nifty100_Data_Foundation\data\raw\peer_groups.xlsx
2026-07-23 23:47:41,055 - peer_analytics - INFO - Loading peer groups from Excel file: C:\Users\Ridhi Kapoor\Desktop\Projects\Nifty100_Data_Foundation\data\raw\peer_groups.xlsx
2026-07-23 23:47:41,084 - peer_analytics - INFO - Loading peer groups from Excel file: C:\Users\Ridhi Kapoor\Desktop\Projects\Nifty100_Data_Foundation\data\raw\peer_groups.xlsx
2026-07-23 23:47:41,123 - peer_analytics - INFO - Loading peer groups from Excel file: C:\Users\Ridhi Kapoor\Desktop\Projects\Nifty100_Data_Foundation\data\raw\peer_groups.xlsx
2026-07-23 23:47:41,159 - peer_analytics - INFO - Loading peer groups from Excel file: C:\Users\Ridhi Kapoor\Desktop\Projects\Nifty100_Data_Foundation\data\raw\peer_groups.xlsx
2026-07-23 23:47:42,243 - peer_analytics - INFO - Loading peer groups from Excel file: C:\Users\Ridhi Kapoor\Desktop\Projects\Nifty100_Data_Foundation\data\raw\peer_groups.xlsx
2026-07-23 23:47:43,513 - peer_analytics - INFO - Computing peer percentiles...
2026-07-23 23:47:43,514 - peer_analytics - INFO - Loading peer groups from Excel file: C:\Users\Ridhi Kapoor\Desktop\Projects\Nifty100_Data_Foundation\data\raw\peer_groups.xlsx
2026-07-23 23:47:44,381 - peer_analytics - INFO - Connecting to database at C:\Users\Ridhi Kapoor\Desktop\Projects\Nifty100_Data_Foundation\data\db\nifty100.db to populate peer_percentiles...
2026-07-23 23:47:44,382 - peer_analytics - INFO - Recreating peer_percentiles table...
2026-07-23 23:47:45,154 - peer_analytics - INFO - Inserting 6460 records into peer_percentiles...
2026-07-23 23:47:45,197 - peer_analytics - INFO - Verification complete. Total rows in peer_percentiles table: 6460
2026-07-23 23:47:45,205 - peer_analytics - INFO - Loading peer groups from Excel file: C:\Users\Ridhi Kapoor\Desktop\Projects\Nifty100_Data_Foundation\data\raw\peer_groups.xlsx
2026-07-23 23:47:56,471 - peer_analytics - INFO - Loading peer groups from Excel file: C:\Users\Ridhi Kapoor\Desktop\Projects\Nifty100_Data_Foundation\data\raw\peer_groups.xlsx
2026-07-23 23:47:56,487 - peer_analytics - INFO - Loading peer groups from Excel file: C:\Users\Ridhi Kapoor\Desktop\Projects\Nifty100_Data_Foundation\data\raw\peer_groups.xlsx
2026-07-23 23:47:56,500 - peer_analytics - INFO - Loading peer groups from Excel file: C:\Users\Ridhi Kapoor\Desktop\Projects\Nifty100_Data_Foundation\data\raw\peer_groups.xlsx
2026-07-23 23:47:56,519 - peer_analytics - INFO - Loading peer groups from Excel file: C:\Users\Ridhi Kapoor\Desktop\Projects\Nifty100_Data_Foundation\data\raw\peer_groups.xlsx
2026-07-23 23:47:56,535 - peer_analytics - INFO - Loading peer groups from Excel file: C:\Users\Ridhi Kapoor\Desktop\Projects\Nifty100_Data_Foundation\data\raw\peer_groups.xlsx
2026-07-23 23:47:56,935 - peer_analytics - INFO - Loading peer groups from Excel file: C:\Users\Ridhi Kapoor\Desktop\Projects\Nifty100_Data_Foundation\data\raw\peer_groups.xlsx
2026-07-23 23:47:57,860 - peer_analytics - INFO - Computing peer percentiles...
2026-07-23 23:47:57,862 - peer_analytics - INFO - Loading peer groups from Excel file: C:\Users\Ridhi Kapoor\Desktop\Projects\Nifty100_Data_Foundation\data\raw\peer_groups.xlsx
2026-07-23 23:47:58,467 - peer_analytics - INFO - Connecting to database at C:\Users\Ridhi Kapoor\Desktop\Projects\Nifty100_Data_Foundation\data\db\nifty100.db to populate peer_percentiles...
2026-07-23 23:47:58,469 - peer_analytics - INFO - Recreating peer_percentiles table...
2026-07-23 23:47:58,964 - peer_analytics - INFO - Inserting 6460 records into peer_percentiles...
2026-07-23 23:47:59,019 - peer_analytics - INFO - Verification complete. Total rows in peer_percentiles table: 6460
2026-07-23 23:47:59,034 - peer_analytics - INFO - Loading peer groups from Excel file: C:\Users\Ridhi Kapoor\Desktop\Projects\Nifty100_Data_Foundation\data\raw\peer_groups.xlsx
2026-07-23 23:49:45,678 - peer_analytics - INFO - Loading peer groups from Excel file: C:\Users\Ridhi Kapoor\Desktop\Projects\Nifty100_Data_Foundation\data\raw\peer_groups.xlsx
2026-07-23 23:49:45,701 - peer_analytics - INFO - Loading peer groups from Excel file: C:\Users\Ridhi Kapoor\Desktop\Projects\Nifty100_Data_Foundation\data\raw\peer_groups.xlsx
2026-07-23 23:49:45,719 - peer_analytics - INFO - Loading peer groups from Excel file: C:\Users\Ridhi Kapoor\Desktop\Projects\Nifty100_Data_Foundation\data\raw\peer_groups.xlsx
2026-07-23 23:49:45,736 - peer_analytics - INFO - Loading peer groups from Excel file: C:\Users\Ridhi Kapoor\Desktop\Projects\Nifty100_Data_Foundation\data\raw\peer_groups.xlsx
2026-07-23 23:49:45,759 - peer_analytics - INFO - Loading peer groups from Excel file: C:\Users\Ridhi Kapoor\Desktop\Projects\Nifty100_Data_Foundation\data\raw\peer_groups.xlsx
2026-07-23 23:49:46,166 - peer_analytics - INFO - Loading peer groups from Excel file: C:\Users\Ridhi Kapoor\Desktop\Projects\Nifty100_Data_Foundation\data\raw\peer_groups.xlsx
2026-07-23 23:49:46,688 - peer_analytics - INFO - Computing peer percentiles...
2026-07-23 23:49:46,688 - peer_analytics - INFO - Loading peer groups from Excel file: C:\Users\Ridhi Kapoor\Desktop\Projects\Nifty100_Data_Foundation\data\raw\peer_groups.xlsx
2026-07-23 23:49:47,143 - peer_analytics - INFO - Connecting to database at C:\Users\Ridhi Kapoor\Desktop\Projects\Nifty100_Data_Foundation\data\db\nifty100.db to populate peer_percentiles...
2026-07-23 23:49:47,145 - peer_analytics - INFO - Recreating peer_percentiles table...
2026-07-23 23:49:47,411 - peer_analytics - INFO - Inserting 6460 records into peer_percentiles...
2026-07-23 23:49:47,453 - peer_analytics - INFO - Verification complete. Total rows in peer_percentiles table: 6460
2026-07-23 23:49:47,464 - peer_analytics - INFO - Loading peer groups from Excel file: C:\Users\Ridhi Kapoor\Desktop\Projects\Nifty100_Data_Foundation\data\raw\peer_groups.xlsx
2026-07-23 23:56:04,077 - peer_analytics - INFO - Loading peer groups from Excel file: C:\Users\Ridhi Kapoor\Desktop\Projects\Nifty100_Data_Foundation\data\raw\peer_groups.xlsx
2026-07-23 23:56:04,108 - peer_analytics - INFO - Loading peer groups from Excel file: C:\Users\Ridhi Kapoor\Desktop\Projects\Nifty100_Data_Foundation\data\raw\peer_groups.xlsx
2026-07-23 23:56:04,130 - peer_analytics - INFO - Loading peer groups from Excel file: C:\Users\Ridhi Kapoor\Desktop\Projects\Nifty100_Data_Foundation\data\raw\peer_groups.xlsx
2026-07-23 23:56:04,163 - peer_analytics - INFO - Loading peer groups from Excel file: C:\Users\Ridhi Kapoor\Desktop\Projects\Nifty100_Data_Foundation\data\raw\peer_groups.xlsx
2026-07-23 23:56:04,210 - peer_analytics - INFO - Loading peer groups from Excel file: C:\Users\Ridhi Kapoor\Desktop\Projects\Nifty100_Data_Foundation\data\raw\peer_groups.xlsx
2026-07-23 23:56:04,850 - peer_analytics - INFO - Loading peer groups from Excel file: C:\Users\Ridhi Kapoor\Desktop\Projects\Nifty100_Data_Foundation\data\raw\peer_groups.xlsx
2026-07-23 23:56:05,356 - peer_analytics - INFO - Computing peer percentiles...
2026-07-23 23:56:05,357 - peer_analytics - INFO - Loading peer groups from Excel file: C:\Users\Ridhi Kapoor\Desktop\Projects\Nifty100_Data_Foundation\data\raw\peer_groups.xlsx
2026-07-23 23:56:05,801 - peer_analytics - INFO - Connecting to database at C:\Users\Ridhi Kapoor\Desktop\Projects\Nifty100_Data_Foundation\data\db\nifty100.db to populate peer_percentiles...
2026-07-23 23:56:05,803 - peer_analytics - INFO - Recreating peer_percentiles table...
2026-07-23 23:56:06,172 - peer_analytics - INFO - Inserting 6460 records into peer_percentiles...
2026-07-23 23:56:06,202 - peer_analytics - INFO - Verification complete. Total rows in peer_percentiles table: 6460
2026-07-23 23:56:06,212 - peer_analytics - INFO - Loading peer groups from Excel file: C:\Users\Ridhi Kapoor\Desktop\Projects\Nifty100_Data_Foundation\data\raw\peer_groups.xlsx
2026-07-24 00:03:48,146 - peer_analytics - INFO - Loading peer groups from Excel file: C:\Users\Ridhi Kapoor\Desktop\Projects\Nifty100_Data_Foundation\data\raw\peer_groups.xlsx
2026-07-24 00:03:48,182 - peer_analytics - INFO - Loading peer groups from Excel file: C:\Users\Ridhi Kapoor\Desktop\Projects\Nifty100_Data_Foundation\data\raw\peer_groups.xlsx
2026-07-24 00:03:48,205 - peer_analytics - INFO - Loading peer groups from Excel file: C:\Users\Ridhi Kapoor\Desktop\Projects\Nifty100_Data_Foundation\data\raw\peer_groups.xlsx
2026-07-24 00:03:48,231 - peer_analytics - INFO - Loading peer groups from Excel file: C:\Users\Ridhi Kapoor\Desktop\Projects\Nifty100_Data_Foundation\data\raw\peer_groups.xlsx
2026-07-24 00:03:48,253 - peer_analytics - INFO - Loading peer groups from Excel file: C:\Users\Ridhi Kapoor\Desktop\Projects\Nifty100_Data_Foundation\data\raw\peer_groups.xlsx
2026-07-24 00:03:48,626 - peer_analytics - INFO - Loading peer groups from Excel file: C:\Users\Ridhi Kapoor\Desktop\Projects\Nifty100_Data_Foundation\data\raw\peer_groups.xlsx
2026-07-24 00:03:49,141 - peer_analytics - INFO - Computing peer percentiles...
2026-07-24 00:03:49,141 - peer_analytics - INFO - Loading peer groups from Excel file: C:\Users\Ridhi Kapoor\Desktop\Projects\Nifty100_Data_Foundation\data\raw\peer_groups.xlsx
2026-07-24 00:03:49,555 - peer_analytics - INFO - Connecting to database at C:\Users\Ridhi Kapoor\Desktop\Projects\Nifty100_Data_Foundation\data\db\nifty100.db to populate peer_percentiles...
2026-07-24 00:03:49,555 - peer_analytics - INFO - Recreating peer_percentiles table...
2026-07-24 00:03:49,905 - peer_analytics - INFO - Inserting 6460 records into peer_percentiles...
2026-07-24 00:03:49,950 - peer_analytics - INFO - Verification complete. Total rows in peer_percentiles table: 6460
2026-07-24 00:03:49,963 - peer_analytics - INFO - Loading peer groups from Excel file: C:\Users\Ridhi Kapoor\Desktop\Projects\Nifty100_Data_Foundation\data\raw\peer_groups.xlsx
