2026-07-21 15:26:02,164 - peer_report_analytics - INFO - Executing Peer Comparison Excel Generator...
2026-07-21 15:26:02,164 - peer_report_analytics - INFO - Loading dataset for peer comparison report...
2026-07-21 15:26:02,238 - peer_report_analytics - INFO - Generating Excel report for 11 peer groups...
2026-07-21 15:26:03,384 - peer_report_analytics - INFO - Peer comparison Excel report successfully created at: C:\Users\Ridhi Kapoor\Desktop\Projects\Nifty100_Data_Foundation\output\peer_comparison.xlsx
2026-07-21 15:26:03,387 - peer_report_analytics - INFO - Process complete! Output written to: C:\Users\Ridhi Kapoor\Desktop\Projects\Nifty100_Data_Foundation\output\peer_comparison.xlsx
2026-07-21 15:26:25,508 - peer_report_analytics - INFO - Loading dataset for peer comparison report...
2026-07-21 15:26:25,529 - peer_report_analytics - INFO - Generating Excel report for 11 peer groups...
2026-07-21 15:26:26,260 - peer_report_analytics - INFO - Peer comparison Excel report successfully created at: C:\Users\Ridhi Kapoor\Desktop\Projects\Nifty100_Data_Foundation\output\peer_comparison.xlsx
2026-07-21 15:26:37,511 - peer_report_analytics - INFO - Loading dataset for peer comparison report...
2026-07-21 15:26:37,555 - peer_report_analytics - INFO - Generating Excel report for 11 peer groups...
2026-07-21 15:26:38,168 - peer_report_analytics - INFO - Peer comparison Excel report successfully created at: C:\Users\Ridhi Kapoor\Desktop\Projects\Nifty100_Data_Foundation\output\peer_comparison.xlsx
2026-07-21 15:39:06,145 - peer_report_analytics - INFO - Loading dataset for peer comparison report...
2026-07-21 15:39:06,172 - peer_report_analytics - INFO - Generating Excel report for 11 peer groups...
2026-07-21 15:39:06,848 - peer_report_analytics - INFO - Peer comparison Excel report successfully created at: C:\Users\Ridhi Kapoor\Desktop\Projects\Nifty100_Data_Foundation\output\peer_comparison.xlsx
2026-07-22 01:30:12,647 - peer_report_analytics - INFO - Loading dataset for peer comparison report...
2026-07-22 01:30:12,678 - peer_report_analytics - INFO - Generating Excel report for 11 peer groups...
2026-07-22 01:30:13,311 - peer_report_analytics - INFO - Peer comparison Excel report successfully created at: C:\Users\Ridhi Kapoor\Desktop\Projects\Nifty100_Data_Foundation\output\peer_comparison.xlsx
2026-07-22 01:35:35,066 - peer_report_analytics - INFO - Loading dataset for peer comparison report...
2026-07-22 01:35:35,118 - peer_report_analytics - INFO - Generating Excel report for 11 peer groups...
2026-07-22 01:35:36,140 - peer_report_analytics - INFO - Peer comparison Excel report successfully created at: C:\Users\Ridhi Kapoor\Desktop\Projects\Nifty100_Data_Foundation\output\peer_comparison.xlsx
2026-07-22 01:44:03,173 - peer_report_analytics - INFO - Loading dataset for peer comparison report...
2026-07-22 01:44:03,207 - peer_report_analytics - INFO - Generating Excel report for 11 peer groups...
2026-07-22 01:44:04,031 - peer_report_analytics - INFO - Peer comparison Excel report successfully created at: C:\Users\Ridhi Kapoor\Desktop\Projects\Nifty100_Data_Foundation\output\peer_comparison.xlsx
2026-07-22 01:59:47,429 - peer_report_analytics - INFO - Loading dataset for peer comparison report...
2026-07-22 01:59:47,461 - peer_report_analytics - INFO - Generating Excel report for 11 peer groups...
2026-07-22 01:59:48,227 - peer_report_analytics - INFO - Peer comparison Excel report successfully created at: C:\Users\Ridhi Kapoor\Desktop\Projects\Nifty100_Data_Foundation\output\peer_comparison.xlsx
2026-07-22 22:55:36,491 - peer_report_analytics - INFO - Loading dataset for peer comparison report...
2026-07-22 22:55:36,626 - peer_report_analytics - INFO - Generating Excel report for 11 peer groups...
2026-07-22 22:55:37,608 - peer_report_analytics - INFO - Peer comparison Excel report successfully created at: C:\Users\Ridhi Kapoor\Desktop\Projects\Nifty100_Data_Foundation\output\peer_comparison.xlsx
2026-07-22 23:14:13,795 - peer_report_analytics - INFO - Loading dataset for peer comparison report...
2026-07-22 23:14:13,832 - peer_report_analytics - INFO - Generating Excel report for 11 peer groups...
2026-07-22 23:14:14,694 - peer_report_analytics - INFO - Peer comparison Excel report successfully created at: C:\Users\Ridhi Kapoor\Desktop\Projects\Nifty100_Data_Foundation\output\peer_comparison.xlsx
2026-07-22 23:15:23,095 - peer_report_analytics - INFO - Loading dataset for peer comparison report...
2026-07-22 23:15:23,138 - peer_report_analytics - INFO - Generating Excel report for 11 peer groups...
2026-07-22 23:15:24,066 - peer_report_analytics - INFO - Peer comparison Excel report successfully created at: C:\Users\Ridhi Kapoor\Desktop\Projects\Nifty100_Data_Foundation\output\peer_comparison.xlsx
2026-07-22 23:19:58,935 - peer_report_analytics - INFO - Loading dataset for peer comparison report...
2026-07-22 23:19:58,959 - peer_report_analytics - INFO - Generating Excel report for 11 peer groups...
2026-07-22 23:19:59,521 - peer_report_analytics - INFO - Peer comparison Excel report successfully created at: C:\Users\Ridhi Kapoor\Desktop\Projects\Nifty100_Data_Foundation\output\peer_comparison.xlsx
2026-07-22 23:23:59,571 - peer_report_analytics - INFO - Loading dataset for peer comparison report...
2026-07-22 23:23:59,593 - peer_report_analytics - INFO - Generating Excel report for 11 peer groups...
2026-07-22 23:24:00,165 - peer_report_analytics - INFO - Peer comparison Excel report successfully created at: C:\Users\Ridhi Kapoor\Desktop\Projects\Nifty100_Data_Foundation\output\peer_comparison.xlsx
2026-07-22 23:26:36,677 - peer_report_analytics - INFO - Loading dataset for peer comparison report...
2026-07-22 23:26:36,704 - peer_report_analytics - INFO - Generating Excel report for 11 peer groups...
2026-07-22 23:26:37,271 - peer_report_analytics - INFO - Peer comparison Excel report successfully created at: C:\Users\Ridhi Kapoor\Desktop\Projects\Nifty100_Data_Foundation\output\peer_comparison.xlsx
2026-07-23 00:38:11,866 - peer_report_analytics - INFO - Loading dataset for peer comparison report...
2026-07-23 00:38:11,891 - peer_report_analytics - INFO - Generating Excel report for 11 peer groups...
2026-07-23 00:38:12,491 - peer_report_analytics - INFO - Peer comparison Excel report successfully created at: C:\Users\Ridhi Kapoor\Desktop\Projects\Nifty100_Data_Foundation\output\peer_comparison.xlsx
2026-07-23 00:38:56,826 - peer_report_analytics - INFO - Loading dataset for peer comparison report...
2026-07-23 00:38:56,853 - peer_report_analytics - INFO - Generating Excel report for 11 peer groups...
2026-07-23 00:38:57,435 - peer_report_analytics - INFO - Peer comparison Excel report successfully created at: C:\Users\Ridhi Kapoor\Desktop\Projects\Nifty100_Data_Foundation\output\peer_comparison.xlsx
2026-07-23 00:47:53,382 - peer_report_analytics - INFO - Loading dataset for peer comparison report...
2026-07-23 00:47:53,463 - peer_report_analytics - INFO - Generating Excel report for 11 peer groups...
2026-07-23 00:47:54,982 - peer_report_analytics - INFO - Peer comparison Excel report successfully created at: C:\Users\Ridhi Kapoor\Desktop\Projects\Nifty100_Data_Foundation\output\peer_comparison.xlsx
2026-07-23 01:19:58,456 - peer_report_analytics - INFO - Loading dataset for peer comparison report...
2026-07-23 01:19:58,481 - peer_report_analytics - INFO - Generating Excel report for 11 peer groups...
2026-07-23 01:19:59,075 - peer_report_analytics - INFO - Peer comparison Excel report successfully created at: C:\Users\Ridhi Kapoor\Desktop\Projects\Nifty100_Data_Foundation\output\peer_comparison.xlsx
2026-07-23 14:16:41,562 - peer_report_analytics - INFO - Loading dataset for peer comparison report...
2026-07-23 14:16:41,610 - peer_report_analytics - INFO - Generating Excel report for 11 peer groups...
2026-07-23 14:16:42,378 - peer_report_analytics - INFO - Peer comparison Excel report successfully created at: C:\Users\Ridhi Kapoor\Desktop\Projects\Nifty100_Data_Foundation\output\peer_comparison.xlsx
2026-07-23 14:17:58,511 - peer_report_analytics - INFO - Loading dataset for peer comparison report...
2026-07-23 14:17:58,572 - peer_report_analytics - INFO - Generating Excel report for 11 peer groups...
2026-07-23 14:17:59,503 - peer_report_analytics - INFO - Peer comparison Excel report successfully created at: C:\Users\Ridhi Kapoor\Desktop\Projects\Nifty100_Data_Foundation\output\peer_comparison.xlsx
2026-07-23 14:26:40,820 - peer_report_analytics - INFO - Loading dataset for peer comparison report...
2026-07-23 14:26:40,865 - peer_report_analytics - INFO - Generating Excel report for 11 peer groups...
2026-07-23 14:26:41,506 - peer_report_analytics - INFO - Peer comparison Excel report successfully created at: C:\Users\Ridhi Kapoor\Desktop\Projects\Nifty100_Data_Foundation\output\peer_comparison.xlsx
2026-07-23 14:39:36,518 - peer_report_analytics - INFO - Loading dataset for peer comparison report...
2026-07-23 14:39:36,568 - peer_report_analytics - INFO - Generating Excel report for 11 peer groups...
2026-07-23 14:39:37,595 - peer_report_analytics - INFO - Peer comparison Excel report successfully created at: C:\Users\Ridhi Kapoor\Desktop\Projects\Nifty100_Data_Foundation\output\peer_comparison.xlsx
2026-07-23 15:04:29,002 - peer_report_analytics - INFO - Loading dataset for peer comparison report...
2026-07-23 15:04:29,067 - peer_report_analytics - INFO - Generating Excel report for 11 peer groups...
2026-07-23 15:04:29,992 - peer_report_analytics - INFO - Peer comparison Excel report successfully created at: C:\Users\Ridhi Kapoor\Desktop\Projects\Nifty100_Data_Foundation\output\peer_comparison.xlsx
2026-07-23 16:01:58,741 - peer_report_analytics - INFO - Loading dataset for peer comparison report...
2026-07-23 16:01:58,790 - peer_report_analytics - INFO - Generating Excel report for 11 peer groups...
2026-07-23 16:01:59,635 - peer_report_analytics - INFO - Peer comparison Excel report successfully created at: C:\Users\Ridhi Kapoor\Desktop\Projects\Nifty100_Data_Foundation\output\peer_comparison.xlsx
2026-07-23 16:21:31,832 - peer_report_analytics - INFO - Loading dataset for peer comparison report...
2026-07-23 16:21:31,915 - peer_report_analytics - INFO - Generating Excel report for 11 peer groups...
2026-07-23 16:21:32,855 - peer_report_analytics - INFO - Peer comparison Excel report successfully created at: C:\Users\Ridhi Kapoor\Desktop\Projects\Nifty100_Data_Foundation\output\peer_comparison.xlsx
2026-07-23 23:47:45,286 - peer_report_analytics - INFO - Loading dataset for peer comparison report...
2026-07-23 23:47:45,354 - peer_report_analytics - INFO - Generating Excel report for 11 peer groups...
2026-07-23 23:47:46,386 - peer_report_analytics - INFO - Peer comparison Excel report successfully created at: C:\Users\Ridhi Kapoor\Desktop\Projects\Nifty100_Data_Foundation\output\peer_comparison.xlsx
2026-07-23 23:47:59,155 - peer_report_analytics - INFO - Loading dataset for peer comparison report...
2026-07-23 23:47:59,235 - peer_report_analytics - INFO - Generating Excel report for 11 peer groups...
2026-07-23 23:48:00,338 - peer_report_analytics - INFO - Peer comparison Excel report successfully created at: C:\Users\Ridhi Kapoor\Desktop\Projects\Nifty100_Data_Foundation\output\peer_comparison.xlsx
2026-07-23 23:49:47,548 - peer_report_analytics - INFO - Loading dataset for peer comparison report...
2026-07-23 23:49:47,602 - peer_report_analytics - INFO - Generating Excel report for 11 peer groups...
2026-07-23 23:49:48,656 - peer_report_analytics - INFO - Peer comparison Excel report successfully created at: C:\Users\Ridhi Kapoor\Desktop\Projects\Nifty100_Data_Foundation\output\peer_comparison.xlsx
2026-07-23 23:56:06,318 - peer_report_analytics - INFO - Loading dataset for peer comparison report...
2026-07-23 23:56:06,374 - peer_report_analytics - INFO - Generating Excel report for 11 peer groups...
2026-07-23 23:56:07,608 - peer_report_analytics - INFO - Peer comparison Excel report successfully created at: C:\Users\Ridhi Kapoor\Desktop\Projects\Nifty100_Data_Foundation\output\peer_comparison.xlsx
2026-07-24 00:03:50,043 - peer_report_analytics - INFO - Loading dataset for peer comparison report...
2026-07-24 00:03:50,095 - peer_report_analytics - INFO - Generating Excel report for 11 peer groups...
2026-07-24 00:03:50,981 - peer_report_analytics - INFO - Peer comparison Excel report successfully created at: C:\Users\Ridhi Kapoor\Desktop\Projects\Nifty100_Data_Foundation\output\peer_comparison.xlsx
