2026-07-23 00:47:18,899 - pros_cons_generator - INFO - Starting Day 30 Auto Pros & Cons Generator execution...
2026-07-23 00:47:19,001 - pros_cons_generator - INFO - Loaded 92 companies for rule evaluation.
2026-07-23 00:47:19,952 - pros_cons_generator - INFO - Performing post-generation validation...
2026-07-23 00:47:19,982 - pros_cons_generator - INFO - Pros & Cons Generation Complete!
2026-07-23 00:47:19,982 - pros_cons_generator - INFO - Saved 650 total insights (491 Pros, 159 Cons) to: C:\Users\Ridhi Kapoor\Desktop\Projects\Nifty100_Data_Foundation\output\pros_cons_generated.csv
2026-07-23 00:47:44,754 - pros_cons_generator - INFO - Starting Day 30 Auto Pros & Cons Generator execution...
2026-07-23 00:47:44,777 - pros_cons_generator - INFO - Loaded 92 companies for rule evaluation.
2026-07-23 00:47:45,802 - pros_cons_generator - INFO - Performing post-generation validation...
2026-07-23 00:47:45,815 - pros_cons_generator - INFO - Pros & Cons Generation Complete!
2026-07-23 00:47:45,815 - pros_cons_generator - INFO - Saved 650 total insights (491 Pros, 159 Cons) to: C:\Users\Ridhi Kapoor\AppData\Local\Temp\pytest-of-Ridhi Kapoor\pytest-55\test_generate_pros_cons_report0\pros_cons_generated.csv
2026-07-23 00:49:07,955 - pros_cons_generator - INFO - Starting Day 30 Auto Pros & Cons Generator execution...
2026-07-23 00:49:07,991 - pros_cons_generator - INFO - Loaded 92 companies for rule evaluation.
2026-07-23 00:49:11,937 - pros_cons_generator - INFO - Performing post-generation validation...
2026-07-23 00:49:11,998 - pros_cons_generator - INFO - Pros & Cons Generation Complete!
2026-07-23 00:49:11,998 - pros_cons_generator - INFO - Saved 650 total insights (491 Pros, 159 Cons) to: C:\Users\Ridhi Kapoor\AppData\Local\Temp\pytest-of-Ridhi Kapoor\pytest-56\test_generate_pros_cons_report0\pros_cons_generated.csv
2026-07-23 01:20:42,377 - pros_cons_generator - INFO - Starting Day 30 Auto Pros & Cons Generator execution...
2026-07-23 01:20:42,409 - pros_cons_generator - INFO - Loaded 92 companies for rule evaluation.
2026-07-23 01:20:43,587 - pros_cons_generator - INFO - Performing post-generation validation...
2026-07-23 01:20:43,604 - pros_cons_generator - INFO - Pros & Cons Generation Complete!
2026-07-23 01:20:43,605 - pros_cons_generator - INFO - Saved 650 total insights (491 Pros, 159 Cons) to: C:\Users\Ridhi Kapoor\AppData\Local\Temp\pytest-of-Ridhi Kapoor\pytest-58\test_generate_pros_cons_report0\pros_cons_generated.csv
2026-07-23 14:17:29,556 - pros_cons_generator - INFO - Starting Day 30 Auto Pros & Cons Generator execution...
2026-07-23 14:17:29,588 - pros_cons_generator - INFO - Loaded 92 companies for rule evaluation.
2026-07-23 14:17:31,513 - pros_cons_generator - INFO - Performing post-generation validation...
2026-07-23 14:17:31,550 - pros_cons_generator - INFO - Pros & Cons Generation Complete!
2026-07-23 14:17:31,550 - pros_cons_generator - INFO - Saved 650 total insights (491 Pros, 159 Cons) to: C:\Users\Ridhi Kapoor\AppData\Local\Temp\pytest-of-Ridhi Kapoor\pytest-59\test_generate_pros_cons_report0\pros_cons_generated.csv
2026-07-23 14:18:44,258 - pros_cons_generator - INFO - Starting Day 30 Auto Pros & Cons Generator execution...
2026-07-23 14:18:44,284 - pros_cons_generator - INFO - Loaded 92 companies for rule evaluation.
2026-07-23 14:18:45,884 - pros_cons_generator - INFO - Performing post-generation validation...
2026-07-23 14:18:45,909 - pros_cons_generator - INFO - Pros & Cons Generation Complete!
2026-07-23 14:18:45,909 - pros_cons_generator - INFO - Saved 650 total insights (491 Pros, 159 Cons) to: C:\Users\Ridhi Kapoor\AppData\Local\Temp\pytest-of-Ridhi Kapoor\pytest-61\test_generate_pros_cons_report0\pros_cons_generated.csv
2026-07-23 14:27:28,418 - pros_cons_generator - INFO - Starting Day 30 Auto Pros & Cons Generator execution...
2026-07-23 14:27:28,464 - pros_cons_generator - INFO - Loaded 92 companies for rule evaluation.
2026-07-23 14:27:30,461 - pros_cons_generator - INFO - Performing post-generation validation...
2026-07-23 14:27:30,492 - pros_cons_generator - INFO - Pros & Cons Generation Complete!
2026-07-23 14:27:30,492 - pros_cons_generator - INFO - Saved 650 total insights (491 Pros, 159 Cons) to: C:\Users\Ridhi Kapoor\AppData\Local\Temp\pytest-of-Ridhi Kapoor\pytest-63\test_generate_pros_cons_report0\pros_cons_generated.csv
2026-07-23 14:40:27,518 - pros_cons_generator - INFO - Starting Day 30 Auto Pros & Cons Generator execution...
2026-07-23 14:40:27,579 - pros_cons_generator - INFO - Loaded 92 companies for rule evaluation.
2026-07-23 14:40:29,755 - pros_cons_generator - INFO - Performing post-generation validation...
2026-07-23 14:40:29,790 - pros_cons_generator - INFO - Pros & Cons Generation Complete!
2026-07-23 14:40:29,790 - pros_cons_generator - INFO - Saved 650 total insights (491 Pros, 159 Cons) to: C:\Users\Ridhi Kapoor\AppData\Local\Temp\pytest-of-Ridhi Kapoor\pytest-67\test_generate_pros_cons_report0\pros_cons_generated.csv
2026-07-23 15:05:38,418 - pros_cons_generator - INFO - Starting Day 30 Auto Pros & Cons Generator execution...
2026-07-23 15:05:38,499 - pros_cons_generator - INFO - Loaded 92 companies for rule evaluation.
2026-07-23 15:05:42,443 - pros_cons_generator - INFO - Performing post-generation validation...
2026-07-23 15:05:42,504 - pros_cons_generator - INFO - Pros & Cons Generation Complete!
2026-07-23 15:05:42,504 - pros_cons_generator - INFO - Saved 650 total insights (491 Pros, 159 Cons) to: C:\Users\Ridhi Kapoor\AppData\Local\Temp\pytest-of-Ridhi Kapoor\pytest-69\test_generate_pros_cons_report0\pros_cons_generated.csv
2026-07-23 16:02:49,003 - pros_cons_generator - INFO - Starting Day 30 Auto Pros & Cons Generator execution...
2026-07-23 16:02:49,064 - pros_cons_generator - INFO - Loaded 92 companies for rule evaluation.
2026-07-23 16:02:50,882 - pros_cons_generator - INFO - Performing post-generation validation...
2026-07-23 16:02:50,945 - pros_cons_generator - INFO - Pros & Cons Generation Complete!
2026-07-23 16:02:50,945 - pros_cons_generator - INFO - Saved 650 total insights (491 Pros, 159 Cons) to: C:\Users\Ridhi Kapoor\AppData\Local\Temp\pytest-of-Ridhi Kapoor\pytest-70\test_generate_pros_cons_report0\pros_cons_generated.csv
2026-07-23 16:22:24,046 - pros_cons_generator - INFO - Starting Day 30 Auto Pros & Cons Generator execution...
2026-07-23 16:22:24,067 - pros_cons_generator - INFO - Loaded 92 companies for rule evaluation.
2026-07-23 16:22:25,540 - pros_cons_generator - INFO - Performing post-generation validation...
2026-07-23 16:22:25,556 - pros_cons_generator - INFO - Pros & Cons Generation Complete!
2026-07-23 16:22:25,556 - pros_cons_generator - INFO - Saved 650 total insights (491 Pros, 159 Cons) to: C:\Users\Ridhi Kapoor\AppData\Local\Temp\pytest-of-Ridhi Kapoor\pytest-71\test_generate_pros_cons_report0\pros_cons_generated.csv
2026-07-23 23:48:58,432 - pros_cons_generator - INFO - Starting Day 30 Auto Pros & Cons Generator execution...
2026-07-23 23:48:58,477 - pros_cons_generator - INFO - Loaded 92 companies for rule evaluation.
2026-07-23 23:49:01,178 - pros_cons_generator - INFO - Performing post-generation validation...
2026-07-23 23:49:01,207 - pros_cons_generator - INFO - Pros & Cons Generation Complete!
2026-07-23 23:49:01,210 - pros_cons_generator - INFO - Saved 650 total insights (491 Pros, 159 Cons) to: C:\Users\Ridhi Kapoor\AppData\Local\Temp\pytest-of-Ridhi Kapoor\pytest-73\test_generate_pros_cons_report0\pros_cons_generated.csv
2026-07-23 23:49:18,346 - pros_cons_generator - INFO - Starting Day 30 Auto Pros & Cons Generator execution...
2026-07-23 23:49:18,386 - pros_cons_generator - INFO - Loaded 92 companies for rule evaluation.
2026-07-23 23:49:19,971 - pros_cons_generator - INFO - Performing post-generation validation...
2026-07-23 23:49:20,001 - pros_cons_generator - INFO - Pros & Cons Generation Complete!
2026-07-23 23:49:20,001 - pros_cons_generator - INFO - Saved 650 total insights (491 Pros, 159 Cons) to: C:\Users\Ridhi Kapoor\AppData\Local\Temp\pytest-of-Ridhi Kapoor\pytest-74\test_generate_pros_cons_report0\pros_cons_generated.csv
2026-07-23 23:50:52,508 - pros_cons_generator - INFO - Starting Day 30 Auto Pros & Cons Generator execution...
2026-07-23 23:50:52,554 - pros_cons_generator - INFO - Loaded 92 companies for rule evaluation.
2026-07-23 23:50:54,134 - pros_cons_generator - INFO - Performing post-generation validation...
2026-07-23 23:50:54,161 - pros_cons_generator - INFO - Pros & Cons Generation Complete!
2026-07-23 23:50:54,163 - pros_cons_generator - INFO - Saved 650 total insights (491 Pros, 159 Cons) to: C:\Users\Ridhi Kapoor\AppData\Local\Temp\pytest-of-Ridhi Kapoor\pytest-75\test_generate_pros_cons_report0\pros_cons_generated.csv
2026-07-23 23:56:58,479 - pros_cons_generator - INFO - Starting Day 30 Auto Pros & Cons Generator execution...
2026-07-23 23:56:58,531 - pros_cons_generator - INFO - Loaded 92 companies for rule evaluation.
2026-07-23 23:56:59,587 - pros_cons_generator - INFO - Performing post-generation validation...
2026-07-23 23:56:59,599 - pros_cons_generator - INFO - Pros & Cons Generation Complete!
2026-07-23 23:56:59,599 - pros_cons_generator - INFO - Saved 650 total insights (491 Pros, 159 Cons) to: C:\Users\Ridhi Kapoor\AppData\Local\Temp\pytest-of-Ridhi Kapoor\pytest-76\test_generate_pros_cons_report0\pros_cons_generated.csv
2026-07-24 00:04:54,298 - pros_cons_generator - INFO - Starting Day 30 Auto Pros & Cons Generator execution...
2026-07-24 00:04:54,417 - pros_cons_generator - INFO - Loaded 92 companies for rule evaluation.
2026-07-24 00:04:58,030 - pros_cons_generator - INFO - Performing post-generation validation...
2026-07-24 00:04:58,049 - pros_cons_generator - INFO - Pros & Cons Generation Complete!
2026-07-24 00:04:58,049 - pros_cons_generator - INFO - Saved 650 total insights (491 Pros, 159 Cons) to: C:\Users\Ridhi Kapoor\AppData\Local\Temp\pytest-of-Ridhi Kapoor\pytest-77\test_generate_pros_cons_report0\pros_cons_generated.csv
