2026-07-21 15:14:24,396 - radar_analytics - INFO - Starting Radar Chart Generation Pipeline...
2026-07-21 15:14:24,397 - radar_analytics - INFO - Loading dataset and computing 8 radar metric scores...
2026-07-21 15:14:24,452 - radar_analytics - INFO - Generating radar charts for 100 companies into: C:\Users\Ridhi Kapoor\Desktop\Projects\Nifty100_Data_Foundation\reports\radar_charts...
2026-07-21 15:15:22,392 - radar_analytics - INFO - Successfully generated 100 radar chart PNG files.
2026-07-21 15:15:22,393 - radar_analytics - INFO - Pipeline complete! Generated 100 radar charts in 'reports/radar_charts/'.
2026-07-21 15:15:49,626 - radar_analytics - INFO - Loading dataset and computing 8 radar metric scores...
2026-07-21 15:15:49,677 - radar_analytics - INFO - Generating radar charts for 100 companies into: C:\Users\Ridhi Kapoor\Desktop\Projects\Nifty100_Data_Foundation\reports\radar_charts...
2026-07-21 15:16:40,866 - radar_analytics - INFO - Successfully generated 100 radar chart PNG files.
2026-07-21 15:16:52,672 - radar_analytics - INFO - Loading dataset and computing 8 radar metric scores...
2026-07-21 15:16:52,748 - radar_analytics - INFO - Generating radar charts for 100 companies into: C:\Users\Ridhi Kapoor\Desktop\Projects\Nifty100_Data_Foundation\reports\radar_charts...
2026-07-21 15:17:43,129 - radar_analytics - INFO - Successfully generated 100 radar chart PNG files.
2026-07-21 15:21:01,656 - radar_analytics - INFO - Loading dataset and computing 8 radar metric scores...
2026-07-21 15:21:01,710 - radar_analytics - INFO - Generating radar charts for 100 companies into: C:\Users\Ridhi Kapoor\Desktop\Projects\Nifty100_Data_Foundation\reports\radar_charts...
2026-07-21 15:21:39,743 - radar_analytics - INFO - Successfully generated 100 radar chart PNG files.
2026-07-21 15:26:39,199 - radar_analytics - INFO - Loading dataset and computing 8 radar metric scores...
2026-07-21 15:26:39,248 - radar_analytics - INFO - Generating radar charts for 100 companies into: C:\Users\Ridhi Kapoor\Desktop\Projects\Nifty100_Data_Foundation\reports\radar_charts...
2026-07-21 15:27:16,663 - radar_analytics - INFO - Successfully generated 100 radar chart PNG files.
2026-07-21 15:39:07,943 - radar_analytics - INFO - Loading dataset and computing 8 radar metric scores...
2026-07-21 15:39:07,996 - radar_analytics - INFO - Generating radar charts for 100 companies into: C:\Users\Ridhi Kapoor\Desktop\Projects\Nifty100_Data_Foundation\reports\radar_charts...
2026-07-21 15:39:50,412 - radar_analytics - INFO - Successfully generated 100 radar chart PNG files.
2026-07-22 01:30:14,370 - radar_analytics - INFO - Loading dataset and computing 8 radar metric scores...
2026-07-22 01:30:14,416 - radar_analytics - INFO - Generating radar charts for 100 companies into: C:\Users\Ridhi Kapoor\Desktop\Projects\Nifty100_Data_Foundation\reports\radar_charts...
2026-07-22 01:30:54,509 - radar_analytics - INFO - Successfully generated 100 radar chart PNG files.
2026-07-22 01:35:37,423 - radar_analytics - INFO - Loading dataset and computing 8 radar metric scores...
2026-07-22 01:35:37,487 - radar_analytics - INFO - Generating radar charts for 100 companies into: C:\Users\Ridhi Kapoor\Desktop\Projects\Nifty100_Data_Foundation\reports\radar_charts...
2026-07-22 01:36:16,772 - radar_analytics - INFO - Successfully generated 100 radar chart PNG files.
2026-07-22 01:44:05,315 - radar_analytics - INFO - Loading dataset and computing 8 radar metric scores...
2026-07-22 01:44:05,414 - radar_analytics - INFO - Generating radar charts for 100 companies into: C:\Users\Ridhi Kapoor\Desktop\Projects\Nifty100_Data_Foundation\reports\radar_charts...
2026-07-22 01:44:49,088 - radar_analytics - INFO - Successfully generated 100 radar chart PNG files.
2026-07-22 01:59:49,686 - radar_analytics - INFO - Loading dataset and computing 8 radar metric scores...
2026-07-22 01:59:49,755 - radar_analytics - INFO - Generating radar charts for 100 companies into: C:\Users\Ridhi Kapoor\Desktop\Projects\Nifty100_Data_Foundation\reports\radar_charts...
2026-07-22 22:43:21,877 - radar_analytics - INFO - Loading dataset and computing 8 radar metric scores...
2026-07-22 22:43:21,924 - radar_analytics - INFO - Generating radar charts for 100 companies into: C:\Users\Ridhi Kapoor\Desktop\Projects\Nifty100_Data_Foundation\reports\radar_charts...
2026-07-22 22:44:13,435 - radar_analytics - INFO - Successfully generated 100 radar chart PNG files.
2026-07-22 22:55:39,305 - radar_analytics - INFO - Loading dataset and computing 8 radar metric scores...
2026-07-22 22:55:39,386 - radar_analytics - INFO - Generating radar charts for 100 companies into: C:\Users\Ridhi Kapoor\Desktop\Projects\Nifty100_Data_Foundation\reports\radar_charts...
2026-07-22 23:14:15,717 - radar_analytics - INFO - Loading dataset and computing 8 radar metric scores...
2026-07-22 23:14:15,780 - radar_analytics - INFO - Generating radar charts for 100 companies into: C:\Users\Ridhi Kapoor\Desktop\Projects\Nifty100_Data_Foundation\reports\radar_charts...
2026-07-22 23:15:05,317 - radar_analytics - INFO - Successfully generated 100 radar chart PNG files.
2026-07-22 23:15:25,515 - radar_analytics - INFO - Loading dataset and computing 8 radar metric scores...
2026-07-22 23:15:25,610 - radar_analytics - INFO - Generating radar charts for 100 companies into: C:\Users\Ridhi Kapoor\Desktop\Projects\Nifty100_Data_Foundation\reports\radar_charts...
2026-07-22 23:16:28,558 - radar_analytics - INFO - Successfully generated 100 radar chart PNG files.
2026-07-22 23:20:00,198 - radar_analytics - INFO - Loading dataset and computing 8 radar metric scores...
2026-07-22 23:20:00,234 - radar_analytics - INFO - Generating radar charts for 100 companies into: C:\Users\Ridhi Kapoor\Desktop\Projects\Nifty100_Data_Foundation\reports\radar_charts...
2026-07-22 23:24:00,871 - radar_analytics - INFO - Loading dataset and computing 8 radar metric scores...
2026-07-22 23:24:00,907 - radar_analytics - INFO - Generating radar charts for 100 companies into: C:\Users\Ridhi Kapoor\Desktop\Projects\Nifty100_Data_Foundation\reports\radar_charts...
2026-07-22 23:24:26,749 - radar_analytics - INFO - Successfully generated 100 radar chart PNG files.
2026-07-22 23:26:37,951 - radar_analytics - INFO - Loading dataset and computing 8 radar metric scores...
2026-07-22 23:26:37,989 - radar_analytics - INFO - Generating radar charts for 100 companies into: C:\Users\Ridhi Kapoor\Desktop\Projects\Nifty100_Data_Foundation\reports\radar_charts...
2026-07-22 23:27:02,710 - radar_analytics - INFO - Successfully generated 100 radar chart PNG files.
