2026-07-23 14:25:30,157 - INFO - Generating Company Tearsheet PDF for TCS...
2026-07-23 14:25:31,532 - INFO - Successfully generated tearsheet PDF for TCS at: C:\Users\Ridhi Kapoor\Desktop\Projects\Nifty100_Data_Foundation\output\TCS_tearsheet.pdf
2026-07-23 14:25:31,533 - INFO - Generating Company Tearsheet PDF for HDFCBANK...
2026-07-23 14:25:32,674 - INFO - Successfully generated tearsheet PDF for HDFCBANK at: C:\Users\Ridhi Kapoor\Desktop\Projects\Nifty100_Data_Foundation\output\HDFCBANK_tearsheet.pdf
2026-07-23 14:25:32,674 - INFO - Generating Company Tearsheet PDF for RELIANCE...
2026-07-23 14:25:34,070 - INFO - Successfully generated tearsheet PDF for RELIANCE at: C:\Users\Ridhi Kapoor\Desktop\Projects\Nifty100_Data_Foundation\output\RELIANCE_tearsheet.pdf
2026-07-23 14:25:34,072 - INFO - Generating Company Tearsheet PDF for SUNPHARMA...
2026-07-23 14:25:35,761 - INFO - Successfully generated tearsheet PDF for SUNPHARMA at: C:\Users\Ridhi Kapoor\Desktop\Projects\Nifty100_Data_Foundation\output\SUNPHARMA_tearsheet.pdf
2026-07-23 14:25:35,764 - INFO - Generating Company Tearsheet PDF for TATASTEEL...
2026-07-23 14:25:37,314 - INFO - Successfully generated tearsheet PDF for TATASTEEL at: C:\Users\Ridhi Kapoor\Desktop\Projects\Nifty100_Data_Foundation\output\TATASTEEL_tearsheet.pdf
2026-07-23 14:26:21,257 - INFO - Generating Company Tearsheet PDF for TCS...
2026-07-23 14:26:22,512 - INFO - Successfully generated tearsheet PDF for TCS at: C:\Users\Ridhi Kapoor\AppData\Local\Temp\pytest-of-Ridhi Kapoor\pytest-62\test_generate_tearsheet_pdf_si0\TCS_tearsheet.pdf
2026-07-23 14:26:22,568 - INFO - Generating Company Tearsheet PDF for TCS...
2026-07-23 14:26:23,869 - INFO - Successfully generated tearsheet PDF for TCS at: C:\Users\Ridhi Kapoor\AppData\Local\Temp\pytest-of-Ridhi Kapoor\pytest-62\test_generate_all_tearsheets_b0\TCS_tearsheet.pdf
2026-07-23 14:26:23,871 - INFO - Generating Company Tearsheet PDF for HDFCBANK...
2026-07-23 14:26:25,101 - INFO - Successfully generated tearsheet PDF for HDFCBANK at: C:\Users\Ridhi Kapoor\AppData\Local\Temp\pytest-of-Ridhi Kapoor\pytest-62\test_generate_all_tearsheets_b0\HDFCBANK_tearsheet.pdf
2026-07-23 14:26:25,105 - INFO - Generating Company Tearsheet PDF for RELIANCE...
2026-07-23 14:26:26,378 - INFO - Successfully generated tearsheet PDF for RELIANCE at: C:\Users\Ridhi Kapoor\AppData\Local\Temp\pytest-of-Ridhi Kapoor\pytest-62\test_generate_all_tearsheets_b0\RELIANCE_tearsheet.pdf
2026-07-23 14:26:26,486 - INFO - Generating Company Tearsheet PDF for UNKNOWN_COMPANY...
2026-07-23 14:26:26,490 - WARNING - Company UNKNOWN_COMPANY not found in companies table.
2026-07-23 14:26:27,533 - INFO - Successfully generated tearsheet PDF for UNKNOWN_COMPANY at: C:\Users\Ridhi Kapoor\AppData\Local\Temp\pytest-of-Ridhi Kapoor\pytest-62\test_missing_company_graceful_0\UNKNOWN_COMPANY_tearsheet.pdf
2026-07-23 14:26:49,847 - INFO - Generating Company Tearsheet PDF for TCS...
2026-07-23 14:26:51,657 - INFO - Successfully generated tearsheet PDF for TCS at: C:\Users\Ridhi Kapoor\Desktop\Projects\Nifty100_Data_Foundation\output\TCS_tearsheet.pdf
2026-07-23 14:26:51,661 - INFO - Generating Company Tearsheet PDF for HDFCBANK...
2026-07-23 14:26:53,271 - INFO - Successfully generated tearsheet PDF for HDFCBANK at: C:\Users\Ridhi Kapoor\Desktop\Projects\Nifty100_Data_Foundation\output\HDFCBANK_tearsheet.pdf
2026-07-23 14:26:53,275 - INFO - Generating Company Tearsheet PDF for RELIANCE...
2026-07-23 14:26:54,876 - INFO - Successfully generated tearsheet PDF for RELIANCE at: C:\Users\Ridhi Kapoor\Desktop\Projects\Nifty100_Data_Foundation\output\RELIANCE_tearsheet.pdf
2026-07-23 14:26:54,880 - INFO - Generating Company Tearsheet PDF for SUNPHARMA...
2026-07-23 14:26:56,762 - INFO - Successfully generated tearsheet PDF for SUNPHARMA at: C:\Users\Ridhi Kapoor\Desktop\Projects\Nifty100_Data_Foundation\output\SUNPHARMA_tearsheet.pdf
2026-07-23 14:26:56,766 - INFO - Generating Company Tearsheet PDF for TATASTEEL...
2026-07-23 14:26:58,604 - INFO - Successfully generated tearsheet PDF for TATASTEEL at: C:\Users\Ridhi Kapoor\Desktop\Projects\Nifty100_Data_Foundation\output\TATASTEEL_tearsheet.pdf
2026-07-23 14:27:30,618 - INFO - Generating Company Tearsheet PDF for TCS...
2026-07-23 14:27:31,900 - INFO - Successfully generated tearsheet PDF for TCS at: C:\Users\Ridhi Kapoor\AppData\Local\Temp\pytest-of-Ridhi Kapoor\pytest-63\test_generate_tearsheet_pdf_si0\TCS_tearsheet.pdf
2026-07-23 14:27:31,939 - INFO - Generating Company Tearsheet PDF for TCS...
2026-07-23 14:27:33,128 - INFO - Successfully generated tearsheet PDF for TCS at: C:\Users\Ridhi Kapoor\AppData\Local\Temp\pytest-of-Ridhi Kapoor\pytest-63\test_generate_all_tearsheets_b0\TCS_tearsheet.pdf
2026-07-23 14:27:33,132 - INFO - Generating Company Tearsheet PDF for HDFCBANK...
2026-07-23 14:27:34,428 - INFO - Successfully generated tearsheet PDF for HDFCBANK at: C:\Users\Ridhi Kapoor\AppData\Local\Temp\pytest-of-Ridhi Kapoor\pytest-63\test_generate_all_tearsheets_b0\HDFCBANK_tearsheet.pdf
2026-07-23 14:27:34,432 - INFO - Generating Company Tearsheet PDF for RELIANCE...
2026-07-23 14:27:36,013 - INFO - Successfully generated tearsheet PDF for RELIANCE at: C:\Users\Ridhi Kapoor\AppData\Local\Temp\pytest-of-Ridhi Kapoor\pytest-63\test_generate_all_tearsheets_b0\RELIANCE_tearsheet.pdf
2026-07-23 14:27:36,123 - INFO - Generating Company Tearsheet PDF for UNKNOWN_COMPANY...
2026-07-23 14:27:36,127 - WARNING - Company UNKNOWN_COMPANY not found in companies table.
2026-07-23 14:27:37,093 - INFO - Successfully generated tearsheet PDF for UNKNOWN_COMPANY at: C:\Users\Ridhi Kapoor\AppData\Local\Temp\pytest-of-Ridhi Kapoor\pytest-63\test_missing_company_graceful_0\UNKNOWN_COMPANY_tearsheet.pdf
2026-07-23 14:43:24,128 - INFO - Generating Company Tearsheet PDF for TCS...
2026-07-23 14:43:27,218 - INFO - Successfully generated tearsheet PDF for TCS at: C:\Users\Ridhi Kapoor\AppData\Local\Temp\pytest-of-Ridhi Kapoor\pytest-67\test_generate_tearsheet_pdf_si0\TCS_tearsheet.pdf
2026-07-23 14:43:27,270 - INFO - Generating Company Tearsheet PDF for TCS...
2026-07-23 14:43:30,511 - INFO - Successfully generated tearsheet PDF for TCS at: C:\Users\Ridhi Kapoor\AppData\Local\Temp\pytest-of-Ridhi Kapoor\pytest-67\test_generate_all_tearsheets_b0\TCS_tearsheet.pdf
2026-07-23 14:43:30,513 - INFO - Generating Company Tearsheet PDF for HDFCBANK...
2026-07-23 14:43:33,659 - INFO - Successfully generated tearsheet PDF for HDFCBANK at: C:\Users\Ridhi Kapoor\AppData\Local\Temp\pytest-of-Ridhi Kapoor\pytest-67\test_generate_all_tearsheets_b0\HDFCBANK_tearsheet.pdf
2026-07-23 14:43:33,667 - INFO - Generating Company Tearsheet PDF for RELIANCE...
2026-07-23 14:43:36,381 - INFO - Successfully generated tearsheet PDF for RELIANCE at: C:\Users\Ridhi Kapoor\AppData\Local\Temp\pytest-of-Ridhi Kapoor\pytest-67\test_generate_all_tearsheets_b0\RELIANCE_tearsheet.pdf
2026-07-23 14:43:36,534 - INFO - Generating Company Tearsheet PDF for UNKNOWN_COMPANY...
2026-07-23 14:43:36,538 - WARNING - Company UNKNOWN_COMPANY not found in companies table.
2026-07-23 14:43:38,541 - INFO - Successfully generated tearsheet PDF for UNKNOWN_COMPANY at: C:\Users\Ridhi Kapoor\AppData\Local\Temp\pytest-of-Ridhi Kapoor\pytest-67\test_missing_company_graceful_0\UNKNOWN_COMPANY_tearsheet.pdf
2026-07-23 15:09:45,060 - INFO - Generating Company Tearsheet PDF for TCS...
2026-07-23 15:09:48,611 - INFO - Successfully generated tearsheet PDF for TCS at: C:\Users\Ridhi Kapoor\AppData\Local\Temp\pytest-of-Ridhi Kapoor\pytest-69\test_generate_tearsheet_pdf_si0\TCS_tearsheet.pdf
2026-07-23 15:09:48,675 - INFO - Generating Company Tearsheet PDF for TCS...
2026-07-23 15:09:52,192 - INFO - Successfully generated tearsheet PDF for TCS at: C:\Users\Ridhi Kapoor\AppData\Local\Temp\pytest-of-Ridhi Kapoor\pytest-69\test_generate_all_tearsheets_b0\TCS_tearsheet.pdf
2026-07-23 15:09:52,195 - INFO - Generating Company Tearsheet PDF for HDFCBANK...
2026-07-23 15:09:55,881 - INFO - Successfully generated tearsheet PDF for HDFCBANK at: C:\Users\Ridhi Kapoor\AppData\Local\Temp\pytest-of-Ridhi Kapoor\pytest-69\test_generate_all_tearsheets_b0\HDFCBANK_tearsheet.pdf
2026-07-23 15:09:55,888 - INFO - Generating Company Tearsheet PDF for RELIANCE...
2026-07-23 15:10:00,118 - INFO - Successfully generated tearsheet PDF for RELIANCE at: C:\Users\Ridhi Kapoor\AppData\Local\Temp\pytest-of-Ridhi Kapoor\pytest-69\test_generate_all_tearsheets_b0\RELIANCE_tearsheet.pdf
2026-07-23 15:10:00,258 - INFO - Generating Company Tearsheet PDF for UNKNOWN_COMPANY...
2026-07-23 15:10:00,272 - WARNING - Company UNKNOWN_COMPANY not found in companies table.
2026-07-23 15:10:02,772 - INFO - Successfully generated tearsheet PDF for UNKNOWN_COMPANY at: C:\Users\Ridhi Kapoor\AppData\Local\Temp\pytest-of-Ridhi Kapoor\pytest-69\test_missing_company_graceful_0\UNKNOWN_COMPANY_tearsheet.pdf
2026-07-23 16:04:24,604 - INFO - Generating Company Tearsheet PDF for TCS...
2026-07-23 16:04:25,987 - INFO - Successfully generated tearsheet PDF for TCS at: C:\Users\Ridhi Kapoor\AppData\Local\Temp\pytest-of-Ridhi Kapoor\pytest-70\test_generate_tearsheet_pdf_si0\TCS_tearsheet.pdf
2026-07-23 16:04:26,032 - INFO - Generating Company Tearsheet PDF for TCS...
2026-07-23 16:04:27,561 - INFO - Successfully generated tearsheet PDF for TCS at: C:\Users\Ridhi Kapoor\AppData\Local\Temp\pytest-of-Ridhi Kapoor\pytest-70\test_generate_all_tearsheets_b0\TCS_tearsheet.pdf
2026-07-23 16:04:27,562 - INFO - Generating Company Tearsheet PDF for HDFCBANK...
2026-07-23 16:04:29,272 - INFO - Successfully generated tearsheet PDF for HDFCBANK at: C:\Users\Ridhi Kapoor\AppData\Local\Temp\pytest-of-Ridhi Kapoor\pytest-70\test_generate_all_tearsheets_b0\HDFCBANK_tearsheet.pdf
2026-07-23 16:04:29,272 - INFO - Generating Company Tearsheet PDF for RELIANCE...
2026-07-23 16:04:30,890 - INFO - Successfully generated tearsheet PDF for RELIANCE at: C:\Users\Ridhi Kapoor\AppData\Local\Temp\pytest-of-Ridhi Kapoor\pytest-70\test_generate_all_tearsheets_b0\RELIANCE_tearsheet.pdf
2026-07-23 16:04:30,991 - INFO - Generating Company Tearsheet PDF for UNKNOWN_COMPANY...
2026-07-23 16:04:30,997 - WARNING - Company UNKNOWN_COMPANY not found in companies table.
2026-07-23 16:04:32,114 - INFO - Successfully generated tearsheet PDF for UNKNOWN_COMPANY at: C:\Users\Ridhi Kapoor\AppData\Local\Temp\pytest-of-Ridhi Kapoor\pytest-70\test_missing_company_graceful_0\UNKNOWN_COMPANY_tearsheet.pdf
2026-07-23 16:24:54,124 - INFO - Generating Company Tearsheet PDF for TCS...
2026-07-23 16:24:56,407 - INFO - Successfully generated tearsheet PDF for TCS at: C:\Users\Ridhi Kapoor\AppData\Local\Temp\pytest-of-Ridhi Kapoor\pytest-71\test_generate_tearsheet_pdf_si0\TCS_tearsheet.pdf
2026-07-23 16:24:56,466 - INFO - Generating Company Tearsheet PDF for TCS...
2026-07-23 16:24:58,231 - INFO - Successfully generated tearsheet PDF for TCS at: C:\Users\Ridhi Kapoor\AppData\Local\Temp\pytest-of-Ridhi Kapoor\pytest-71\test_generate_all_tearsheets_b0\TCS_tearsheet.pdf
2026-07-23 16:24:58,233 - INFO - Generating Company Tearsheet PDF for HDFCBANK...
2026-07-23 16:24:59,685 - INFO - Successfully generated tearsheet PDF for HDFCBANK at: C:\Users\Ridhi Kapoor\AppData\Local\Temp\pytest-of-Ridhi Kapoor\pytest-71\test_generate_all_tearsheets_b0\HDFCBANK_tearsheet.pdf
2026-07-23 16:24:59,691 - INFO - Generating Company Tearsheet PDF for RELIANCE...
2026-07-23 16:25:00,974 - INFO - Successfully generated tearsheet PDF for RELIANCE at: C:\Users\Ridhi Kapoor\AppData\Local\Temp\pytest-of-Ridhi Kapoor\pytest-71\test_generate_all_tearsheets_b0\RELIANCE_tearsheet.pdf
2026-07-23 16:25:01,082 - INFO - Generating Company Tearsheet PDF for UNKNOWN_COMPANY...
2026-07-23 16:25:01,086 - WARNING - Company UNKNOWN_COMPANY not found in companies table.
2026-07-23 16:25:02,186 - INFO - Successfully generated tearsheet PDF for UNKNOWN_COMPANY at: C:\Users\Ridhi Kapoor\AppData\Local\Temp\pytest-of-Ridhi Kapoor\pytest-71\test_missing_company_graceful_0\UNKNOWN_COMPANY_tearsheet.pdf
2026-07-23 23:51:18,369 - INFO - Generating Company Tearsheet PDF for TCS...
2026-07-23 23:51:20,681 - INFO - Successfully generated tearsheet PDF for TCS at: C:\Users\Ridhi Kapoor\AppData\Local\Temp\pytest-of-Ridhi Kapoor\pytest-73\test_generate_tearsheet_pdf_si0\TCS_tearsheet.pdf
2026-07-23 23:51:20,751 - INFO - Generating Company Tearsheet PDF for TCS...
2026-07-23 23:51:23,180 - INFO - Successfully generated tearsheet PDF for TCS at: C:\Users\Ridhi Kapoor\AppData\Local\Temp\pytest-of-Ridhi Kapoor\pytest-73\test_generate_all_tearsheets_b0\TCS_tearsheet.pdf
2026-07-23 23:51:23,182 - INFO - Generating Company Tearsheet PDF for HDFCBANK...
2026-07-23 23:51:25,694 - INFO - Successfully generated tearsheet PDF for HDFCBANK at: C:\Users\Ridhi Kapoor\AppData\Local\Temp\pytest-of-Ridhi Kapoor\pytest-73\test_generate_all_tearsheets_b0\HDFCBANK_tearsheet.pdf
2026-07-23 23:51:25,697 - INFO - Generating Company Tearsheet PDF for RELIANCE...
2026-07-23 23:51:28,107 - INFO - Successfully generated tearsheet PDF for RELIANCE at: C:\Users\Ridhi Kapoor\AppData\Local\Temp\pytest-of-Ridhi Kapoor\pytest-73\test_generate_all_tearsheets_b0\RELIANCE_tearsheet.pdf
2026-07-23 23:51:28,255 - INFO - Generating Company Tearsheet PDF for UNKNOWN_COMPANY...
2026-07-23 23:51:28,257 - WARNING - Company UNKNOWN_COMPANY not found in companies table.
2026-07-23 23:51:29,807 - INFO - Successfully generated tearsheet PDF for UNKNOWN_COMPANY at: C:\Users\Ridhi Kapoor\AppData\Local\Temp\pytest-of-Ridhi Kapoor\pytest-73\test_missing_company_graceful_0\UNKNOWN_COMPANY_tearsheet.pdf
2026-07-23 23:51:38,379 - INFO - Generating Company Tearsheet PDF for TCS...
2026-07-23 23:51:40,838 - INFO - Successfully generated tearsheet PDF for TCS at: C:\Users\Ridhi Kapoor\AppData\Local\Temp\pytest-of-Ridhi Kapoor\pytest-74\test_generate_tearsheet_pdf_si0\TCS_tearsheet.pdf
2026-07-23 23:51:40,909 - INFO - Generating Company Tearsheet PDF for TCS...
2026-07-23 23:51:43,349 - INFO - Successfully generated tearsheet PDF for TCS at: C:\Users\Ridhi Kapoor\AppData\Local\Temp\pytest-of-Ridhi Kapoor\pytest-74\test_generate_all_tearsheets_b0\TCS_tearsheet.pdf
2026-07-23 23:51:43,351 - INFO - Generating Company Tearsheet PDF for HDFCBANK...
2026-07-23 23:51:46,082 - INFO - Successfully generated tearsheet PDF for HDFCBANK at: C:\Users\Ridhi Kapoor\AppData\Local\Temp\pytest-of-Ridhi Kapoor\pytest-74\test_generate_all_tearsheets_b0\HDFCBANK_tearsheet.pdf
2026-07-23 23:51:46,087 - INFO - Generating Company Tearsheet PDF for RELIANCE...
2026-07-23 23:51:48,611 - INFO - Successfully generated tearsheet PDF for RELIANCE at: C:\Users\Ridhi Kapoor\AppData\Local\Temp\pytest-of-Ridhi Kapoor\pytest-74\test_generate_all_tearsheets_b0\RELIANCE_tearsheet.pdf
2026-07-23 23:51:48,755 - INFO - Generating Company Tearsheet PDF for UNKNOWN_COMPANY...
2026-07-23 23:51:48,759 - WARNING - Company UNKNOWN_COMPANY not found in companies table.
2026-07-23 23:51:50,447 - INFO - Successfully generated tearsheet PDF for UNKNOWN_COMPANY at: C:\Users\Ridhi Kapoor\AppData\Local\Temp\pytest-of-Ridhi Kapoor\pytest-74\test_missing_company_graceful_0\UNKNOWN_COMPANY_tearsheet.pdf
2026-07-23 23:52:54,444 - INFO - Generating Company Tearsheet PDF for TCS...
2026-07-23 23:52:58,204 - INFO - Successfully generated tearsheet PDF for TCS at: C:\Users\Ridhi Kapoor\AppData\Local\Temp\pytest-of-Ridhi Kapoor\pytest-75\test_generate_tearsheet_pdf_si0\TCS_tearsheet.pdf
2026-07-23 23:52:58,269 - INFO - Generating Company Tearsheet PDF for TCS...
2026-07-23 23:53:01,816 - INFO - Successfully generated tearsheet PDF for TCS at: C:\Users\Ridhi Kapoor\AppData\Local\Temp\pytest-of-Ridhi Kapoor\pytest-75\test_generate_all_tearsheets_b0\TCS_tearsheet.pdf
2026-07-23 23:53:01,820 - INFO - Generating Company Tearsheet PDF for HDFCBANK...
2026-07-23 23:53:04,712 - INFO - Successfully generated tearsheet PDF for HDFCBANK at: C:\Users\Ridhi Kapoor\AppData\Local\Temp\pytest-of-Ridhi Kapoor\pytest-75\test_generate_all_tearsheets_b0\HDFCBANK_tearsheet.pdf
2026-07-23 23:53:04,718 - INFO - Generating Company Tearsheet PDF for RELIANCE...
2026-07-23 23:53:07,370 - INFO - Successfully generated tearsheet PDF for RELIANCE at: C:\Users\Ridhi Kapoor\AppData\Local\Temp\pytest-of-Ridhi Kapoor\pytest-75\test_generate_all_tearsheets_b0\RELIANCE_tearsheet.pdf
2026-07-23 23:53:07,485 - INFO - Generating Company Tearsheet PDF for UNKNOWN_COMPANY...
2026-07-23 23:53:07,497 - WARNING - Company UNKNOWN_COMPANY not found in companies table.
2026-07-23 23:53:09,899 - INFO - Successfully generated tearsheet PDF for UNKNOWN_COMPANY at: C:\Users\Ridhi Kapoor\AppData\Local\Temp\pytest-of-Ridhi Kapoor\pytest-75\test_missing_company_graceful_0\UNKNOWN_COMPANY_tearsheet.pdf
2026-07-23 23:58:52,366 - INFO - Generating Company Tearsheet PDF for TCS...
2026-07-23 23:58:53,518 - INFO - Successfully generated tearsheet PDF for TCS at: C:\Users\Ridhi Kapoor\AppData\Local\Temp\pytest-of-Ridhi Kapoor\pytest-76\test_generate_tearsheet_pdf_si0\TCS_tearsheet.pdf
2026-07-23 23:58:53,551 - INFO - Generating Company Tearsheet PDF for TCS...
2026-07-23 23:58:54,389 - INFO - Successfully generated tearsheet PDF for TCS at: C:\Users\Ridhi Kapoor\AppData\Local\Temp\pytest-of-Ridhi Kapoor\pytest-76\test_generate_all_tearsheets_b0\TCS_tearsheet.pdf
2026-07-23 23:58:54,391 - INFO - Generating Company Tearsheet PDF for HDFCBANK...
2026-07-23 23:58:55,253 - INFO - Successfully generated tearsheet PDF for HDFCBANK at: C:\Users\Ridhi Kapoor\AppData\Local\Temp\pytest-of-Ridhi Kapoor\pytest-76\test_generate_all_tearsheets_b0\HDFCBANK_tearsheet.pdf
2026-07-23 23:58:55,253 - INFO - Generating Company Tearsheet PDF for RELIANCE...
2026-07-23 23:58:56,176 - INFO - Successfully generated tearsheet PDF for RELIANCE at: C:\Users\Ridhi Kapoor\AppData\Local\Temp\pytest-of-Ridhi Kapoor\pytest-76\test_generate_all_tearsheets_b0\RELIANCE_tearsheet.pdf
2026-07-23 23:58:56,260 - INFO - Generating Company Tearsheet PDF for UNKNOWN_COMPANY...
2026-07-23 23:58:56,263 - WARNING - Company UNKNOWN_COMPANY not found in companies table.
2026-07-23 23:58:57,030 - INFO - Successfully generated tearsheet PDF for UNKNOWN_COMPANY at: C:\Users\Ridhi Kapoor\AppData\Local\Temp\pytest-of-Ridhi Kapoor\pytest-76\test_missing_company_graceful_0\UNKNOWN_COMPANY_tearsheet.pdf
